#
# A fatal error has been detected by the Java Runtime Environment:
#
#  SIGSEGV (0xb) at pc=0x0000000040429ea7, pid=40338, tid=40341
#
# JRE version: OpenJDK Runtime Environment (11.0.11+9) (build 11.0.11+9)
# Java VM: OpenJDK 64-Bit Server VM (11.0.11+9, mixed mode, tiered, compressed oops, g1 gc, linux-amd64)
# Problematic frame:
# C  0x0000000040429ea7
#
# Core dump will be written. Default location: Core dumps may be processed with "/usr/lib/systemd/systemd-coredump %P %u %g %s %t %c %h" (or dumping to /home/user/Documents/JAVA PROJECTS/LwjglTest/assets/core.40338)
#
# If you would like to submit a bug report, please visit:
#   https://bugreport.java.com/bugreport/crash.jsp
# The crash happened outside the Java Virtual Machine in native code.
# See problematic frame for where to report the bug.
#

---------------  S U M M A R Y ------------

Command Line: -javaagent:/usr/share/idea/lib/idea_rt.jar=35439:/usr/share/idea/bin -Dfile.encoding=UTF-8 myterraria.Main

Host: AMD Athlon(tm) X4 840 Quad Core Processor, 4 cores, 7G, Arch Linux
Time: Thu Jul  8 20:25:09 2021 MSK elapsed time: 2.222214 seconds (0d 0h 0m 2s)

---------------  T H R E A D  ---------------

Current thread (0x00007f55b8018000):  JavaThread "main" [_thread_in_native, id=40341, stack(0x00007f55bcf57000,0x00007f55bd058000)]

Stack: [0x00007f55bcf57000,0x00007f55bd058000],  sp=0x00007f55bd0561b8,  free space=1020k
Native frames: (J=compiled Java code, A=aot compiled Java code, j=interpreted, Vv=VM code, C=native code)
C  0x0000000040429ea7

Java frames: (J=compiled Java code, j=interpreted, Vv=VM code)
j  org.lwjgl.opengl.GL11C.nglDrawElements(IIIJ)V+0
j  org.lwjgl.opengl.GL11C.glDrawElements(IIIJ)V+4
j  org.lwjgl.opengl.GL11.glDrawElements(IIIJ)V+4
j  engine.graphics.OldSpriteBatch.draw(Lengine/graphics/TextureRegion;FFFF)V+84
j  engine.tiledmap.TMLayer.draw(Lengine/tiledmap/TileManager;Lengine/graphics/OldSpriteBatch;Lengine/graphics/OrthographicCamera;)V+229
j  engine.tiledmap.TiledMap.draw(Lengine/tiledmap/TileManager;Lengine/graphics/OldSpriteBatch;Lengine/graphics/OrthographicCamera;)V+41
j  myterraria.TileMapTest.render()V+46
j  myterraria.Main.main([Ljava/lang/String;)V+146
v  ~StubRoutines::call_stub

siginfo: si_signo: 11 (SIGSEGV), si_code: 1 (SEGV_MAPERR), si_addr: 0x0000000000000000

Register to memory mapping:

RAX=0x00007f55375743cc points into unknown readable memory: 00 00 00 00
RBX=0x0000000040a22000 points into unknown readable memory: 0x00007f55b863b130 | 30 b1 63 b8 55 7f 00 00
RCX=0x0000000000000004 is an unknown value
RDX=0x0 is NULL
RSP=0x00007f55bd0561b8 is pointing into the stack for thread: 0x00007f55b8018000
RBP=0x0000000000000010 is an unknown value
RSI=0x00007f55375743cc points into unknown readable memory: 00 00 00 00
RDI=0x0000000040a22000 points into unknown readable memory: 0x00007f55b863b130 | 30 b1 63 b8 55 7f 00 00
R8 =0x0 is NULL
R9 =0x0 is NULL
R10=0x0000000000000001 is an unknown value
R11=0x0000000000000010 is an unknown value
R12=0x00007f55b890c0f0 points into unknown readable memory: 0x0000140400000009 | 09 00 00 00 04 14 00 00
R13=0x0 is NULL
R14=0x0000000000000004 is an unknown value
R15=0x0 is NULL


Registers:
RAX=0x00007f55375743cc, RBX=0x0000000040a22000, RCX=0x0000000000000004, RDX=0x0000000000000000
RSP=0x00007f55bd0561b8, RBP=0x0000000000000010, RSI=0x00007f55375743cc, RDI=0x0000000040a22000
R8 =0x0000000000000000, R9 =0x0000000000000000, R10=0x0000000000000001, R11=0x0000000000000010
R12=0x00007f55b890c0f0, R13=0x0000000000000000, R14=0x0000000000000004, R15=0x0000000000000000
RIP=0x0000000040429ea7, EFLAGS=0x0000000000010206, CSGSFS=0x002b000000000033, ERR=0x0000000000000004
  TRAPNO=0x000000000000000e

Top of Stack: (sp=0x00007f55bd0561b8)
0x00007f55bd0561b8:   00007f555693e129 00000004bd056210
0x00007f55bd0561c8:   0000000000000000 0000000000000000
0x00007f55bd0561d8:   0000000040a22000 0000000000000004
0x00007f55bd0561e8:   0000000040429e80 00007f55b8912ed8 

Instructions: (pc=0x0000000040429ea7)
0x0000000040429da7:   00 00 00 00 00 00 00 00 00 00 00 00 00 00 00 00
0x0000000040429db7:   00 00 00 00 00 00 00 00 00 00 00 00 00 00 00 00
0x0000000040429dc7:   00 00 00 00 00 00 00 00 00 00 00 00 00 00 00 00
0x0000000040429dd7:   00 00 00 00 00 00 00 00 00 00 00 00 00 00 00 00
0x0000000040429de7:   00 00 00 00 00 00 00 00 00 00 00 00 00 00 00 00
0x0000000040429df7:   00 00 00 00 00 00 00 00 00 00 00 00 00 00 00 00
0x0000000040429e07:   00 00 00 00 00 00 00 00 00 00 00 00 00 00 00 00
0x0000000040429e17:   00 00 00 00 00 00 00 00 00 00 00 00 00 00 00 00
0x0000000040429e27:   00 00 00 00 00 00 00 00 00 00 00 00 00 00 00 00
0x0000000040429e37:   00 00 00 00 00 00 00 00 00 00 00 00 00 00 00 00
0x0000000040429e47:   00 00 00 00 00 00 00 00 00 00 00 00 00 00 00 00
0x0000000040429e57:   00 00 00 00 00 00 00 00 00 00 00 00 00 00 00 00
0x0000000040429e67:   00 00 00 00 00 00 00 00 00 00 00 00 00 00 00 00
0x0000000040429e77:   00 40 ff ff ff 40 1e 00 00 48 89 6c 24 f8 48 89
0x0000000040429e87:   5c 24 f0 48 89 74 24 e8 48 89 7c 24 e0 48 8b df
0x0000000040429e97:   48 8b c6 48 8b e9 48 8b d2 48 8d 2c aa 4c 8b dd
0x0000000040429ea7:   8b 0a 49 ba c0 fe a9 40 00 00 00 00 41 03 0a 48
0x0000000040429eb7:   83 c2 04 48 be 38 9c a7 40 00 00 00 00 48 8b 36
0x0000000040429ec7:   48 8b b6 08 03 00 00 48 8b f9 48 c1 e7 04 48 03
0x0000000040429ed7:   f7 8b 3e 8b 6e 04 89 38 89 68 04 8b 7e 08 8b 6e
0x0000000040429ee7:   0c 89 78 08 89 68 0c 48 83 c0 10 49 3b d3 75 b0
0x0000000040429ef7:   48 8b 7c 24 e0 48 8b 74 24 e8 48 8b 5c 24 f0 48
0x0000000040429f07:   8b 6c 24 f8 c3 00 00 00 00 00 00 00 00 00 00 00
0x0000000040429f17:   00 00 00 00 00 00 00 00 00 00 00 00 00 00 00 00
0x0000000040429f27:   00 00 00 00 00 00 00 00 00 00 00 00 00 00 00 00
0x0000000040429f37:   00 80 ff ff ff c0 00 00 00 55 48 8b ec 53 56 57
0x0000000040429f47:   4c 8b c2 4c 8b de 4c 8b d7 49 8b f2 49 8b fb 41
0x0000000040429f57:   8b e8 85 ed 0f 84 30 00 00 00 b9 04 00 00 00 0f
0x0000000040429f67:   8f 05 00 00 00 48 f7 d9 f7 dd 8b 1e 48 03 f1 48
0x0000000040429f77:   83 c7 04 8b c3 81 e3 ff ff ff 00 81 e0 00 00 00
0x0000000040429f87:   ff 0b d8 ff cd 89 5f fc 75 e0 5f 5e 5b 5d c3 00
0x0000000040429f97:   00 00 00 00 00 00 00 00 00 00 00 00 00 00 00 00 


Stack slot to memory mapping:
stack at sp + 0 slots: 0x00007f555693e129: <offset 0x0000000000f4e129> in /usr/lib/libnvidia-glcore.so.465.31 at 0x00007f55559f0000
stack at sp + 1 slots: 0x00000004bd056210 is an unknown value
stack at sp + 2 slots: 0x0 is NULL
stack at sp + 3 slots: 0x0 is NULL
stack at sp + 4 slots: 0x0000000040a22000 points into unknown readable memory: 0x00007f55b863b130 | 30 b1 63 b8 55 7f 00 00
stack at sp + 5 slots: 0x0000000000000004 is an unknown value
stack at sp + 6 slots: 0x0000000040429e80 points into unknown readable memory: 0x5c8948f8246c8948 | 48 89 6c 24 f8 48 89 5c
stack at sp + 7 slots: 0x00007f55b8912ed8 points into unknown readable memory: 0x00007f55b988d860 | 60 d8 88 b9 55 7f 00 00


---------------  P R O C E S S  ---------------

Threads class SMR info:
_java_thread_list=0x00007f55501e76a0, length=13, elements={
0x00007f55b8018000, 0x00007f55b81ac000, 0x00007f55b81b0000, 0x00007f55b81c5000,
0x00007f55b81c7000, 0x00007f55b81c9000, 0x00007f55b81cb000, 0x00007f55b81cd000,
0x00007f55b8270800, 0x00007f55b8442800, 0x00007f5570001000, 0x00007f55b8c5c800,
0x00007f55b8cc8800
}

Java Threads: ( => current thread )
=>0x00007f55b8018000 JavaThread "main" [_thread_in_native, id=40341, stack(0x00007f55bcf57000,0x00007f55bd058000)]
  0x00007f55b81ac000 JavaThread "Reference Handler" daemon [_thread_blocked, id=40354, stack(0x00007f559131d000,0x00007f559141e000)]
  0x00007f55b81b0000 JavaThread "Finalizer" daemon [_thread_blocked, id=40355, stack(0x00007f559121c000,0x00007f559131d000)]
  0x00007f55b81c5000 JavaThread "Signal Dispatcher" daemon [_thread_blocked, id=40358, stack(0x00007f5590e2f000,0x00007f5590f30000)]
  0x00007f55b81c7000 JavaThread "Service Thread" daemon [_thread_blocked, id=40365, stack(0x00007f5590d2e000,0x00007f5590e2f000)]
  0x00007f55b81c9000 JavaThread "C2 CompilerThread0" daemon [_thread_blocked, id=40367, stack(0x00007f5590c2d000,0x00007f5590d2e000)]
  0x00007f55b81cb000 JavaThread "C1 CompilerThread0" daemon [_thread_blocked, id=40368, stack(0x00007f5590b2c000,0x00007f5590c2d000)]
  0x00007f55b81cd000 JavaThread "Sweeper thread" daemon [_thread_blocked, id=40369, stack(0x00007f5590a2b000,0x00007f5590b2c000)]
  0x00007f55b8270800 JavaThread "Common-Cleaner" daemon [_thread_blocked, id=40371, stack(0x00007f559092a000,0x00007f5590a2b000)]
  0x00007f55b8442800 JavaThread "Monitor Ctrl-Break" daemon [_thread_in_native, id=40373, stack(0x00007f559080f000,0x00007f5590910000)]
  0x00007f5570001000 JavaThread "Attach Listener" daemon [_thread_blocked, id=40385, stack(0x00007f5554bfc000,0x00007f5554cfd000)]
  0x00007f55b8c5c800 JavaThread "Thread-0" [_thread_in_Java, id=40387, stack(0x00007f5554afb000,0x00007f5554bfc000)]
  0x00007f55b8cc8800 JavaThread "Java2D Disposer" daemon [_thread_blocked, id=40388, stack(0x00007f5554697000,0x00007f5554798000)]

Other Threads:
  0x00007f55b81a4000 VMThread "VM Thread" [stack: 0x00007f5591420000,0x00007f5591520000] [id=40352]
  0x00007f55b8444000 WatcherThread [stack: 0x00007f559070f000,0x00007f559080f000] [id=40374]
  0x00007f55b802f000 GCTaskThread "GC Thread#0" [stack: 0x00007f55bcbea000,0x00007f55bccea000] [id=40342]
  0x00007f5584001000 GCTaskThread "GC Thread#1" [stack: 0x00007f5554eff000,0x00007f5554fff000] [id=40380]
  0x00007f5584003800 GCTaskThread "GC Thread#2" [stack: 0x00007f5554397000,0x00007f5554497000] [id=40389]
  0x00007f5584005000 GCTaskThread "GC Thread#3" [stack: 0x00007f5554295000,0x00007f5554395000] [id=40390]
  0x00007f55b8060800 ConcurrentGCThread "G1 Main Marker" [stack: 0x00007f55a035a000,0x00007f55a045a000] [id=40343]
  0x00007f55b8062800 ConcurrentGCThread "G1 Conc#0" [stack: 0x00007f55a0258000,0x00007f55a0358000] [id=40344]
  0x00007f55b80da800 ConcurrentGCThread "G1 Refine#0" [stack: 0x00007f5591f00000,0x00007f5592000000] [id=40345]
  0x00007f55b80dc800 ConcurrentGCThread "G1 Young RemSet Sampling" [stack: 0x00007f5591dfe000,0x00007f5591efe000] [id=40346]

Threads with active compile tasks:

VM state:not at safepoint (normal execution)

VM Mutex/Monitor currently owned by a thread: None

Heap address: 0x0000000084800000, size: 1976 MB, Compressed Oops mode: 32-bit
Narrow klass base: 0x0000000000000000, Narrow klass shift: 3
Compressed class space size: 1073741824 Address: 0x0000000100000000

Heap:
 garbage-first heap   total 126976K, used 75009K [0x0000000084800000, 0x0000000100000000)
  region size 1024K, 53 young (54272K), 1 survivors (1024K)
 Metaspace       used 15790K, capacity 16087K, committed 16256K, reserved 1064960K
  class space    used 1248K, capacity 1374K, committed 1408K, reserved 1048576K
Heap Regions: E=young(eden), S=young(survivor), O=old, HS=humongous(starts), HC=humongous(continues), CS=collection set, F=free, A=archive, TAMS=top-at-mark-start (previous, next)
|   0|0x0000000084800000, 0x0000000084900000, 0x0000000084900000|100%| O|  |TAMS 0x0000000084800000, 0x0000000084800000| Untracked 
|   1|0x0000000084900000, 0x0000000084a00000, 0x0000000084a00000|100%| O|  |TAMS 0x0000000084900000, 0x0000000084900000| Untracked 
|   2|0x0000000084a00000, 0x0000000084b00000, 0x0000000084b00000|100%| O|  |TAMS 0x0000000084a00000, 0x0000000084a00000| Untracked 
|   3|0x0000000084b00000, 0x0000000084c00000, 0x0000000084c00000|100%| O|  |TAMS 0x0000000084b00000, 0x0000000084b00000| Untracked 
|   4|0x0000000084c00000, 0x0000000084d00000, 0x0000000084d00000|100%| O|  |TAMS 0x0000000084c00000, 0x0000000084c00000| Untracked 
|   5|0x0000000084d00000, 0x0000000084e00000, 0x0000000084e00000|100%| O|  |TAMS 0x0000000084d00000, 0x0000000084d00000| Untracked 
|   6|0x0000000084e00000, 0x0000000084f00000, 0x0000000084f00000|100%| O|  |TAMS 0x0000000084e00000, 0x0000000084e00000| Untracked 
|   7|0x0000000084f00000, 0x0000000085000000, 0x0000000085000000|100%| O|  |TAMS 0x0000000084f00000, 0x0000000084f00000| Untracked 
|   8|0x0000000085000000, 0x0000000085100000, 0x0000000085100000|100%| O|  |TAMS 0x0000000085000000, 0x0000000085000000| Untracked 
|   9|0x0000000085100000, 0x0000000085200000, 0x0000000085200000|100%| O|  |TAMS 0x0000000085100000, 0x0000000085100000| Untracked 
|  10|0x0000000085200000, 0x0000000085300000, 0x0000000085300000|100%| O|  |TAMS 0x0000000085200000, 0x0000000085200000| Untracked 
|  11|0x0000000085300000, 0x0000000085400000, 0x0000000085400000|100%| O|  |TAMS 0x0000000085300000, 0x0000000085300000| Untracked 
|  12|0x0000000085400000, 0x0000000085500000, 0x0000000085500000|100%| O|  |TAMS 0x0000000085400000, 0x0000000085400000| Untracked 
|  13|0x0000000085500000, 0x0000000085600000, 0x0000000085600000|100%| O|  |TAMS 0x0000000085500000, 0x0000000085500000| Untracked 
|  14|0x0000000085600000, 0x0000000085700000, 0x0000000085700000|100%| O|  |TAMS 0x0000000085600000, 0x0000000085600000| Untracked 
|  15|0x0000000085700000, 0x0000000085800000, 0x0000000085800000|100%| O|  |TAMS 0x0000000085700000, 0x0000000085700000| Untracked 
|  16|0x0000000085800000, 0x0000000085900000, 0x0000000085900000|100%| O|  |TAMS 0x0000000085800000, 0x0000000085800000| Untracked 
|  17|0x0000000085900000, 0x0000000085a00000, 0x0000000085a00000|100%| O|  |TAMS 0x0000000085900000, 0x0000000085900000| Untracked 
|  18|0x0000000085a00000, 0x0000000085b00000, 0x0000000085b00000|100%| O|  |TAMS 0x0000000085a00000, 0x0000000085a00000| Untracked 
|  19|0x0000000085b00000, 0x0000000085c00000, 0x0000000085c00000|100%| O|  |TAMS 0x0000000085b00000, 0x0000000085b00000| Untracked 
|  20|0x0000000085c00000, 0x0000000085d00000, 0x0000000085d00000|100%| O|  |TAMS 0x0000000085c00000, 0x0000000085c00000| Untracked 
|  21|0x0000000085d00000, 0x0000000085e00000, 0x0000000085e00000|100%| O|  |TAMS 0x0000000085d00000, 0x0000000085d00000| Untracked 
|  22|0x0000000085e00000, 0x0000000085e00000, 0x0000000085f00000|  0%| F|  |TAMS 0x0000000085e00000, 0x0000000085e00000| Untracked 
|  23|0x0000000085f00000, 0x0000000085f00000, 0x0000000086000000|  0%| F|  |TAMS 0x0000000085f00000, 0x0000000085f00000| Untracked 
|  24|0x0000000086000000, 0x0000000086000000, 0x0000000086100000|  0%| F|  |TAMS 0x0000000086000000, 0x0000000086000000| Untracked 
|  25|0x0000000086100000, 0x0000000086100000, 0x0000000086200000|  0%| F|  |TAMS 0x0000000086100000, 0x0000000086100000| Untracked 
|  26|0x0000000086200000, 0x0000000086200000, 0x0000000086300000|  0%| F|  |TAMS 0x0000000086200000, 0x0000000086200000| Untracked 
|  27|0x0000000086300000, 0x0000000086300000, 0x0000000086400000|  0%| F|  |TAMS 0x0000000086300000, 0x0000000086300000| Untracked 
|  28|0x0000000086400000, 0x0000000086400000, 0x0000000086500000|  0%| F|  |TAMS 0x0000000086400000, 0x0000000086400000| Untracked 
|  29|0x0000000086500000, 0x0000000086500000, 0x0000000086600000|  0%| F|  |TAMS 0x0000000086500000, 0x0000000086500000| Untracked 
|  30|0x0000000086600000, 0x0000000086600000, 0x0000000086700000|  0%| F|  |TAMS 0x0000000086600000, 0x0000000086600000| Untracked 
|  31|0x0000000086700000, 0x0000000086700000, 0x0000000086800000|  0%| F|  |TAMS 0x0000000086700000, 0x0000000086700000| Untracked 
|  32|0x0000000086800000, 0x0000000086800000, 0x0000000086900000|  0%| F|  |TAMS 0x0000000086800000, 0x0000000086800000| Untracked 
|  33|0x0000000086900000, 0x0000000086900000, 0x0000000086a00000|  0%| F|  |TAMS 0x0000000086900000, 0x0000000086900000| Untracked 
|  34|0x0000000086a00000, 0x0000000086a00000, 0x0000000086b00000|  0%| F|  |TAMS 0x0000000086a00000, 0x0000000086a00000| Untracked 
|  35|0x0000000086b00000, 0x0000000086b00000, 0x0000000086c00000|  0%| F|  |TAMS 0x0000000086b00000, 0x0000000086b00000| Untracked 
|  36|0x0000000086c00000, 0x0000000086c00000, 0x0000000086d00000|  0%| F|  |TAMS 0x0000000086c00000, 0x0000000086c00000| Untracked 
|  37|0x0000000086d00000, 0x0000000086d00000, 0x0000000086e00000|  0%| F|  |TAMS 0x0000000086d00000, 0x0000000086d00000| Untracked 
|  38|0x0000000086e00000, 0x0000000086e00000, 0x0000000086f00000|  0%| F|  |TAMS 0x0000000086e00000, 0x0000000086e00000| Untracked 
|  39|0x0000000086f00000, 0x0000000086f00000, 0x0000000087000000|  0%| F|  |TAMS 0x0000000086f00000, 0x0000000086f00000| Untracked 
|  40|0x0000000087000000, 0x0000000087000000, 0x0000000087100000|  0%| F|  |TAMS 0x0000000087000000, 0x0000000087000000| Untracked 
|  41|0x0000000087100000, 0x0000000087100000, 0x0000000087200000|  0%| F|  |TAMS 0x0000000087100000, 0x0000000087100000| Untracked 
|  42|0x0000000087200000, 0x0000000087200000, 0x0000000087300000|  0%| F|  |TAMS 0x0000000087200000, 0x0000000087200000| Untracked 
|  43|0x0000000087300000, 0x0000000087300000, 0x0000000087400000|  0%| F|  |TAMS 0x0000000087300000, 0x0000000087300000| Untracked 
|  44|0x0000000087400000, 0x0000000087400000, 0x0000000087500000|  0%| F|  |TAMS 0x0000000087400000, 0x0000000087400000| Untracked 
|  45|0x0000000087500000, 0x0000000087500000, 0x0000000087600000|  0%| F|  |TAMS 0x0000000087500000, 0x0000000087500000| Untracked 
|  46|0x0000000087600000, 0x0000000087600000, 0x0000000087700000|  0%| F|  |TAMS 0x0000000087600000, 0x0000000087600000| Untracked 
|  47|0x0000000087700000, 0x0000000087700000, 0x0000000087800000|  0%| F|  |TAMS 0x0000000087700000, 0x0000000087700000| Untracked 
|  48|0x0000000087800000, 0x0000000087800000, 0x0000000087900000|  0%| F|  |TAMS 0x0000000087800000, 0x0000000087800000| Untracked 
|  49|0x0000000087900000, 0x0000000087900000, 0x0000000087a00000|  0%| F|  |TAMS 0x0000000087900000, 0x0000000087900000| Untracked 
|  50|0x0000000087a00000, 0x0000000087a00000, 0x0000000087b00000|  0%| F|  |TAMS 0x0000000087a00000, 0x0000000087a00000| Untracked 
|  51|0x0000000087b00000, 0x0000000087b00000, 0x0000000087c00000|  0%| F|  |TAMS 0x0000000087b00000, 0x0000000087b00000| Untracked 
|  52|0x0000000087c00000, 0x0000000087c00000, 0x0000000087d00000|  0%| F|  |TAMS 0x0000000087c00000, 0x0000000087c00000| Untracked 
|  53|0x0000000087d00000, 0x0000000087d00000, 0x0000000087e00000|  0%| F|  |TAMS 0x0000000087d00000, 0x0000000087d00000| Untracked 
|  54|0x0000000087e00000, 0x0000000087e00000, 0x0000000087f00000|  0%| F|  |TAMS 0x0000000087e00000, 0x0000000087e00000| Untracked 
|  55|0x0000000087f00000, 0x0000000087f00000, 0x0000000088000000|  0%| F|  |TAMS 0x0000000087f00000, 0x0000000087f00000| Untracked 
|  56|0x0000000088000000, 0x0000000088000000, 0x0000000088100000|  0%| F|  |TAMS 0x0000000088000000, 0x0000000088000000| Untracked 
|  57|0x0000000088100000, 0x0000000088100000, 0x0000000088200000|  0%| F|  |TAMS 0x0000000088100000, 0x0000000088100000| Untracked 
|  58|0x0000000088200000, 0x0000000088200000, 0x0000000088300000|  0%| F|  |TAMS 0x0000000088200000, 0x0000000088200000| Untracked 
|  59|0x0000000088300000, 0x0000000088300000, 0x0000000088400000|  0%| F|  |TAMS 0x0000000088300000, 0x0000000088300000| Untracked 
|  60|0x0000000088400000, 0x0000000088400000, 0x0000000088500000|  0%| F|  |TAMS 0x0000000088400000, 0x0000000088400000| Untracked 
|  61|0x0000000088500000, 0x0000000088540740, 0x0000000088600000| 25%| S|CS|TAMS 0x0000000088500000, 0x0000000088500000| Complete 
|  62|0x0000000088600000, 0x0000000088600000, 0x0000000088700000|  0%| F|  |TAMS 0x0000000088600000, 0x0000000088600000| Untracked 
|  63|0x0000000088700000, 0x0000000088700000, 0x0000000088800000|  0%| F|  |TAMS 0x0000000088700000, 0x0000000088700000| Untracked 
|  64|0x0000000088800000, 0x0000000088800000, 0x0000000088900000|  0%| F|  |TAMS 0x0000000088800000, 0x0000000088800000| Untracked 
|  65|0x0000000088900000, 0x0000000088900000, 0x0000000088a00000|  0%| F|  |TAMS 0x0000000088900000, 0x0000000088900000| Untracked 
|  66|0x0000000088a00000, 0x0000000088a00000, 0x0000000088b00000|  0%| F|  |TAMS 0x0000000088a00000, 0x0000000088a00000| Untracked 
|  67|0x0000000088b00000, 0x0000000088b00000, 0x0000000088c00000|  0%| F|  |TAMS 0x0000000088b00000, 0x0000000088b00000| Untracked 
|  68|0x0000000088c00000, 0x0000000088c00000, 0x0000000088d00000|  0%| F|  |TAMS 0x0000000088c00000, 0x0000000088c00000| Untracked 
|  69|0x0000000088d00000, 0x0000000088d00000, 0x0000000088e00000|  0%| F|  |TAMS 0x0000000088d00000, 0x0000000088d00000| Untracked 
|  70|0x0000000088e00000, 0x0000000088e80800, 0x0000000088f00000| 50%| E|  |TAMS 0x0000000088e00000, 0x0000000088e00000| Complete 
|  71|0x0000000088f00000, 0x0000000089000000, 0x0000000089000000|100%| E|CS|TAMS 0x0000000088f00000, 0x0000000088f00000| Complete 
|  72|0x0000000089000000, 0x0000000089100000, 0x0000000089100000|100%| E|CS|TAMS 0x0000000089000000, 0x0000000089000000| Complete 
|  73|0x0000000089100000, 0x0000000089200000, 0x0000000089200000|100%| E|CS|TAMS 0x0000000089100000, 0x0000000089100000| Complete 
|  74|0x0000000089200000, 0x0000000089300000, 0x0000000089300000|100%| E|CS|TAMS 0x0000000089200000, 0x0000000089200000| Complete 
|  75|0x0000000089300000, 0x0000000089400000, 0x0000000089400000|100%| E|CS|TAMS 0x0000000089300000, 0x0000000089300000| Complete 
|  76|0x0000000089400000, 0x0000000089500000, 0x0000000089500000|100%| E|CS|TAMS 0x0000000089400000, 0x0000000089400000| Complete 
|  77|0x0000000089500000, 0x0000000089600000, 0x0000000089600000|100%| E|CS|TAMS 0x0000000089500000, 0x0000000089500000| Complete 
|  78|0x0000000089600000, 0x0000000089700000, 0x0000000089700000|100%| E|CS|TAMS 0x0000000089600000, 0x0000000089600000| Complete 
|  79|0x0000000089700000, 0x0000000089800000, 0x0000000089800000|100%| E|CS|TAMS 0x0000000089700000, 0x0000000089700000| Complete 
|  80|0x0000000089800000, 0x0000000089900000, 0x0000000089900000|100%| E|CS|TAMS 0x0000000089800000, 0x0000000089800000| Complete 
|  81|0x0000000089900000, 0x0000000089a00000, 0x0000000089a00000|100%| E|CS|TAMS 0x0000000089900000, 0x0000000089900000| Complete 
|  82|0x0000000089a00000, 0x0000000089b00000, 0x0000000089b00000|100%| E|CS|TAMS 0x0000000089a00000, 0x0000000089a00000| Complete 
|  83|0x0000000089b00000, 0x0000000089c00000, 0x0000000089c00000|100%| E|CS|TAMS 0x0000000089b00000, 0x0000000089b00000| Complete 
|  84|0x0000000089c00000, 0x0000000089d00000, 0x0000000089d00000|100%| E|CS|TAMS 0x0000000089c00000, 0x0000000089c00000| Complete 
|  85|0x0000000089d00000, 0x0000000089e00000, 0x0000000089e00000|100%| E|CS|TAMS 0x0000000089d00000, 0x0000000089d00000| Complete 
|  86|0x0000000089e00000, 0x0000000089f00000, 0x0000000089f00000|100%| E|CS|TAMS 0x0000000089e00000, 0x0000000089e00000| Complete 
|  87|0x0000000089f00000, 0x000000008a000000, 0x000000008a000000|100%| E|CS|TAMS 0x0000000089f00000, 0x0000000089f00000| Complete 
|  88|0x000000008a000000, 0x000000008a100000, 0x000000008a100000|100%| E|CS|TAMS 0x000000008a000000, 0x000000008a000000| Complete 
|  89|0x000000008a100000, 0x000000008a200000, 0x000000008a200000|100%| E|CS|TAMS 0x000000008a100000, 0x000000008a100000| Complete 
|  90|0x000000008a200000, 0x000000008a300000, 0x000000008a300000|100%| E|CS|TAMS 0x000000008a200000, 0x000000008a200000| Complete 
|  91|0x000000008a300000, 0x000000008a400000, 0x000000008a400000|100%| E|CS|TAMS 0x000000008a300000, 0x000000008a300000| Complete 
|  92|0x000000008a400000, 0x000000008a500000, 0x000000008a500000|100%| E|CS|TAMS 0x000000008a400000, 0x000000008a400000| Complete 
|  93|0x000000008a500000, 0x000000008a600000, 0x000000008a600000|100%| E|CS|TAMS 0x000000008a500000, 0x000000008a500000| Complete 
|  94|0x000000008a600000, 0x000000008a700000, 0x000000008a700000|100%| E|CS|TAMS 0x000000008a600000, 0x000000008a600000| Complete 
|  95|0x000000008a700000, 0x000000008a800000, 0x000000008a800000|100%| E|CS|TAMS 0x000000008a700000, 0x000000008a700000| Complete 
|  96|0x000000008a800000, 0x000000008a900000, 0x000000008a900000|100%| E|CS|TAMS 0x000000008a800000, 0x000000008a800000| Complete 
|  97|0x000000008a900000, 0x000000008aa00000, 0x000000008aa00000|100%| E|CS|TAMS 0x000000008a900000, 0x000000008a900000| Complete 
|  98|0x000000008aa00000, 0x000000008ab00000, 0x000000008ab00000|100%| E|CS|TAMS 0x000000008aa00000, 0x000000008aa00000| Complete 
|  99|0x000000008ab00000, 0x000000008ac00000, 0x000000008ac00000|100%| E|CS|TAMS 0x000000008ab00000, 0x000000008ab00000| Complete 
| 100|0x000000008ac00000, 0x000000008ad00000, 0x000000008ad00000|100%| E|CS|TAMS 0x000000008ac00000, 0x000000008ac00000| Complete 
| 101|0x000000008ad00000, 0x000000008ae00000, 0x000000008ae00000|100%| E|CS|TAMS 0x000000008ad00000, 0x000000008ad00000| Complete 
| 102|0x000000008ae00000, 0x000000008af00000, 0x000000008af00000|100%| E|CS|TAMS 0x000000008ae00000, 0x000000008ae00000| Complete 
| 103|0x000000008af00000, 0x000000008b000000, 0x000000008b000000|100%| E|CS|TAMS 0x000000008af00000, 0x000000008af00000| Complete 
| 104|0x000000008b000000, 0x000000008b100000, 0x000000008b100000|100%| E|CS|TAMS 0x000000008b000000, 0x000000008b000000| Complete 
| 105|0x000000008b100000, 0x000000008b200000, 0x000000008b200000|100%| E|CS|TAMS 0x000000008b100000, 0x000000008b100000| Complete 
| 106|0x000000008b200000, 0x000000008b300000, 0x000000008b300000|100%| E|CS|TAMS 0x000000008b200000, 0x000000008b200000| Complete 
| 107|0x000000008b300000, 0x000000008b400000, 0x000000008b400000|100%| E|CS|TAMS 0x000000008b300000, 0x000000008b300000| Complete 
| 108|0x000000008b400000, 0x000000008b500000, 0x000000008b500000|100%| E|CS|TAMS 0x000000008b400000, 0x000000008b400000| Complete 
| 109|0x000000008b500000, 0x000000008b600000, 0x000000008b600000|100%| E|CS|TAMS 0x000000008b500000, 0x000000008b500000| Complete 
| 110|0x000000008b600000, 0x000000008b700000, 0x000000008b700000|100%| E|CS|TAMS 0x000000008b600000, 0x000000008b600000| Complete 
| 111|0x000000008b700000, 0x000000008b800000, 0x000000008b800000|100%| E|CS|TAMS 0x000000008b700000, 0x000000008b700000| Complete 
| 112|0x000000008b800000, 0x000000008b900000, 0x000000008b900000|100%| E|CS|TAMS 0x000000008b800000, 0x000000008b800000| Complete 
| 113|0x000000008b900000, 0x000000008ba00000, 0x000000008ba00000|100%| E|CS|TAMS 0x000000008b900000, 0x000000008b900000| Complete 
| 114|0x000000008ba00000, 0x000000008bb00000, 0x000000008bb00000|100%| E|CS|TAMS 0x000000008ba00000, 0x000000008ba00000| Complete 
| 115|0x000000008bb00000, 0x000000008bc00000, 0x000000008bc00000|100%| E|CS|TAMS 0x000000008bb00000, 0x000000008bb00000| Complete 
| 116|0x000000008bc00000, 0x000000008bd00000, 0x000000008bd00000|100%| E|CS|TAMS 0x000000008bc00000, 0x000000008bc00000| Complete 
| 117|0x000000008bd00000, 0x000000008be00000, 0x000000008be00000|100%| E|CS|TAMS 0x000000008bd00000, 0x000000008bd00000| Complete 
| 118|0x000000008be00000, 0x000000008bf00000, 0x000000008bf00000|100%| E|CS|TAMS 0x000000008be00000, 0x000000008be00000| Complete 
| 119|0x000000008bf00000, 0x000000008c000000, 0x000000008c000000|100%| E|CS|TAMS 0x000000008bf00000, 0x000000008bf00000| Complete 
| 120|0x000000008c000000, 0x000000008c100000, 0x000000008c100000|100%| E|CS|TAMS 0x000000008c000000, 0x000000008c000000| Complete 
| 121|0x000000008c100000, 0x000000008c200000, 0x000000008c200000|100%| E|CS|TAMS 0x000000008c100000, 0x000000008c100000| Complete 
| 122|0x000000008c200000, 0x000000008c300000, 0x000000008c300000|100%| E|CS|TAMS 0x000000008c200000, 0x000000008c200000| Complete 
| 123|0x000000008c300000, 0x000000008c400000, 0x000000008c400000|100%| E|CS|TAMS 0x000000008c300000, 0x000000008c300000| Complete 

Card table byte_map: [0x00007f55bc02c000,0x00007f55bc408000] _byte_map_base: 0x00007f55bbc08000

Marking Bits (Prev, Next): (CMBitMap*) 0x00007f55b8057db8, (CMBitMap*) 0x00007f55b8057df0
 Prev Bits: [0x00007f559a120000, 0x00007f559c000000)
 Next Bits: [0x00007f5598240000, 0x00007f559a120000)

Polling page: 0x00007f55be826000

Metaspace:

Usage:
  Non-class:     14.37 MB capacity,    14.20 MB ( 99%) used,   142.78 KB ( <1%) free+waste,    28.75 KB ( <1%) overhead. 
      Class:      1.34 MB capacity,     1.22 MB ( 91%) used,   112.26 KB (  8%) free+waste,    12.94 KB ( <1%) overhead. 
       Both:     15.71 MB capacity,    15.42 MB ( 98%) used,   255.04 KB (  2%) free+waste,    41.69 KB ( <1%) overhead. 

Virtual space:
  Non-class space:       16.00 MB reserved,      14.50 MB ( 91%) committed 
      Class space:        1.00 GB reserved,       1.38 MB ( <1%) committed 
             Both:        1.02 GB reserved,      15.88 MB (  2%) committed 

Chunk freelists:
   Non-Class:  107.00 KB
       Class:  2.00 KB
        Both:  109.00 KB

MaxMetaspaceSize: unlimited
CompressedClassSpaceSize: 1.00 GB

CodeHeap 'non-profiled nmethods': size=120032Kb used=520Kb max_used=520Kb free=119511Kb
 bounds [0x00007f55a8340000, 0x00007f55a85b0000, 0x00007f55af878000]
CodeHeap 'profiled nmethods': size=120032Kb used=2106Kb max_used=2106Kb free=117926Kb
 bounds [0x00007f55a0e08000, 0x00007f55a1078000, 0x00007f55a8340000]
CodeHeap 'non-nmethods': size=5696Kb used=1459Kb max_used=1476Kb free=4236Kb
 bounds [0x00007f55a0878000, 0x00007f55a0ae8000, 0x00007f55a0e08000]
 total_blobs=2252 nmethods=1224 adapters=942
 compilation: enabled
              stopped_count=0, restarted_count=0
 full_count=0

Compilation events (20 events):
Event: 2.162 Thread 0x00007f55b81cb000 1214       3       sun.invoke.util.Wrapper::isSubwordOrInt (20 bytes)
Event: 2.162 Thread 0x00007f55b81cb000 nmethod 1214 0x00007f55a100f610 code [0x00007f55a100f7e0, 0x00007f55a100fbf0]
Event: 2.165 Thread 0x00007f55b81cb000 1215       3       sun.invoke.util.Wrapper::isIntegral (23 bytes)
Event: 2.166 Thread 0x00007f55b81cb000 nmethod 1215 0x00007f55a100fd10 code [0x00007f55a100fec0, 0x00007f55a1010110]
Event: 2.166 Thread 0x00007f55b81cb000 1218       3       jdk.internal.org.objectweb.asm.Type::getArgumentTypes (131 bytes)
Event: 2.167 Thread 0x00007f55b81cb000 nmethod 1218 0x00007f55a1010190 code [0x00007f55a10103e0, 0x00007f55a1010ee0]
Event: 2.167 Thread 0x00007f55b81cb000 1217       3       java.lang.invoke.InvokerBytecodeGenerator::isStaticallyNameable (148 bytes)
Event: 2.170 Thread 0x00007f55b81cb000 nmethod 1217 0x00007f55a1011290 code [0x00007f55a10117a0, 0x00007f55a1013f10]
Event: 2.170 Thread 0x00007f55b81cb000 1216       3       sun.invoke.util.Wrapper::isNumeric (16 bytes)
Event: 2.171 Thread 0x00007f55b81cb000 nmethod 1216 0x00007f55a1014a90 code [0x00007f55a1014c40, 0x00007f55a1014d90]
Event: 2.171 Thread 0x00007f55b81cb000 1222       3       java.lang.invoke.LambdaForm::forceInterpretation (14 bytes)
Event: 2.171 Thread 0x00007f55b81cb000 nmethod 1222 0x00007f55a1014e10 code [0x00007f55a1014fc0, 0x00007f55a1015110]
Event: 2.171 Thread 0x00007f55b81cb000 1219       3       java.lang.AbstractStringBuilder::append (33 bytes)
Event: 2.171 Thread 0x00007f55b81cb000 nmethod 1219 0x00007f55a1015190 code [0x00007f55a1015360, 0x00007f55a1015540]
Event: 2.171 Thread 0x00007f55b81cb000 1220       3       java.util.zip.ZipFile$ZipFileInflaterInputStream::fill (80 bytes)
Event: 2.171 Thread 0x00007f55b81cb000 nmethod 1220 0x00007f55a1015690 code [0x00007f55a1015880, 0x00007f55a1015be0]
Event: 2.178 Thread 0x00007f55b81cb000 1223       3       java.lang.invoke.MemberName::isCallerSensitive (7 bytes)
Event: 2.179 Thread 0x00007f55b81cb000 nmethod 1223 0x00007f55a1015d90 code [0x00007f55a1015f40, 0x00007f55a1016170]
Event: 2.179 Thread 0x00007f55b81cb000 1224       3       java.lang.Class::cast (27 bytes)
Event: 2.180 Thread 0x00007f55b81cb000 nmethod 1224 0x00007f55a1016290 code [0x00007f55a1016460, 0x00007f55a1016710]

GC Heap History (12 events):
Event: 0.894 GC heap before
{Heap before GC invocations=0 (full 0):
 garbage-first heap   total 126976K, used 13312K [0x0000000084800000, 0x0000000100000000)
  region size 1024K, 14 young (14336K), 0 survivors (0K)
 Metaspace       used 10586K, capacity 10764K, committed 11136K, reserved 1058816K
  class space    used 791K, capacity 870K, committed 896K, reserved 1048576K
}
Event: 0.899 GC heap after
{Heap after GC invocations=1 (full 0):
 garbage-first heap   total 126976K, used 2002K [0x0000000084800000, 0x0000000100000000)
  region size 1024K, 2 young (2048K), 2 survivors (2048K)
 Metaspace       used 10586K, capacity 10764K, committed 11136K, reserved 1058816K
  class space    used 791K, capacity 870K, committed 896K, reserved 1048576K
}
Event: 1.513 GC heap before
{Heap before GC invocations=1 (full 0):
 garbage-first heap   total 126976K, used 74706K [0x0000000084800000, 0x0000000100000000)
  region size 1024K, 74 young (75776K), 2 survivors (2048K)
 Metaspace       used 15564K, capacity 15808K, committed 16256K, reserved 1064960K
  class space    used 1218K, capacity 1321K, committed 1408K, reserved 1048576K
}
Event: 1.557 GC heap after
{Heap after GC invocations=2 (full 0):
 garbage-first heap   total 126976K, used 22428K [0x0000000084800000, 0x0000000100000000)
  region size 1024K, 10 young (10240K), 10 survivors (10240K)
 Metaspace       used 15564K, capacity 15808K, committed 16256K, reserved 1064960K
  class space    used 1218K, capacity 1321K, committed 1408K, reserved 1048576K
}
Event: 1.681 GC heap before
{Heap before GC invocations=2 (full 0):
 garbage-first heap   total 126976K, used 75676K [0x0000000084800000, 0x0000000100000000)
  region size 1024K, 64 young (65536K), 10 survivors (10240K)
 Metaspace       used 15605K, capacity 15808K, committed 16256K, reserved 1064960K
  class space    used 1218K, capacity 1321K, committed 1408K, reserved 1048576K
}
Event: 1.694 GC heap after
{Heap after GC invocations=3 (full 0):
 garbage-first heap   total 126976K, used 23552K [0x0000000084800000, 0x0000000100000000)
  region size 1024K, 1 young (1024K), 1 survivors (1024K)
 Metaspace       used 15605K, capacity 15808K, committed 16256K, reserved 1064960K
  class space    used 1218K, capacity 1321K, committed 1408K, reserved 1048576K
}
Event: 1.829 GC heap before
{Heap before GC invocations=3 (full 0):
 garbage-first heap   total 126976K, used 86016K [0x0000000084800000, 0x0000000100000000)
  region size 1024K, 56 young (57344K), 1 survivors (1024K)
 Metaspace       used 15608K, capacity 15808K, committed 16256K, reserved 1064960K
  class space    used 1218K, capacity 1321K, committed 1408K, reserved 1048576K
}
Event: 1.831 GC heap after
{Heap after GC invocations=4 (full 0):
 garbage-first heap   total 126976K, used 22993K [0x0000000084800000, 0x0000000100000000)
  region size 1024K, 1 young (1024K), 1 survivors (1024K)
 Metaspace       used 15608K, capacity 15808K, committed 16256K, reserved 1064960K
  class space    used 1218K, capacity 1321K, committed 1408K, reserved 1048576K
}
Event: 1.971 GC heap before
{Heap before GC invocations=4 (full 0):
 garbage-first heap   total 126976K, used 84433K [0x0000000084800000, 0x0000000100000000)
  region size 1024K, 58 young (59392K), 1 survivors (1024K)
 Metaspace       used 15650K, capacity 15901K, committed 16256K, reserved 1064960K
  class space    used 1224K, capacity 1332K, committed 1408K, reserved 1048576K
}
Event: 1.973 GC heap after
{Heap after GC invocations=5 (full 0):
 garbage-first heap   total 126976K, used 22641K [0x0000000084800000, 0x0000000100000000)
  region size 1024K, 1 young (1024K), 1 survivors (1024K)
 Metaspace       used 15650K, capacity 15901K, committed 16256K, reserved 1064960K
  class space    used 1224K, capacity 1332K, committed 1408K, reserved 1048576K
}
Event: 2.096 GC heap before
{Heap before GC invocations=5 (full 0):
 garbage-first heap   total 126976K, used 85105K [0x0000000084800000, 0x0000000100000000)
  region size 1024K, 62 young (63488K), 1 survivors (1024K)
 Metaspace       used 15671K, capacity 15968K, committed 16256K, reserved 1064960K
  class space    used 1225K, capacity 1333K, committed 1408K, reserved 1048576K
}
Event: 2.097 GC heap after
{Heap after GC invocations=6 (full 0):
 garbage-first heap   total 126976K, used 22785K [0x0000000084800000, 0x0000000100000000)
  region size 1024K, 1 young (1024K), 1 survivors (1024K)
 Metaspace       used 15671K, capacity 15968K, committed 16256K, reserved 1064960K
  class space    used 1225K, capacity 1333K, committed 1408K, reserved 1048576K
}

Deoptimization events (20 events):
Event: 2.004 Thread 0x00007f55b8018000 DEOPT PACKING pc=0x00007f55a1002b7d sp=0x00007f55bd056190
Event: 2.004 Thread 0x00007f55b8018000 DEOPT UNPACKING pc=0x00007f55a089ddca sp=0x00007f55bd055670 mode 0
Event: 2.005 Thread 0x00007f55b8018000 DEOPT PACKING pc=0x00007f55a1002b7d sp=0x00007f55bd056190
Event: 2.005 Thread 0x00007f55b8018000 DEOPT UNPACKING pc=0x00007f55a089ddca sp=0x00007f55bd055670 mode 0
Event: 2.005 Thread 0x00007f55b8018000 DEOPT PACKING pc=0x00007f55a1002b7d sp=0x00007f55bd056190
Event: 2.005 Thread 0x00007f55b8018000 DEOPT UNPACKING pc=0x00007f55a089ddca sp=0x00007f55bd055670 mode 0
Event: 2.006 Thread 0x00007f55b8018000 DEOPT PACKING pc=0x00007f55a1002b7d sp=0x00007f55bd056190
Event: 2.006 Thread 0x00007f55b8018000 DEOPT UNPACKING pc=0x00007f55a089ddca sp=0x00007f55bd055670 mode 0
Event: 2.006 Thread 0x00007f55b8018000 DEOPT PACKING pc=0x00007f55a1002b7d sp=0x00007f55bd056190
Event: 2.006 Thread 0x00007f55b8018000 DEOPT UNPACKING pc=0x00007f55a089ddca sp=0x00007f55bd055670 mode 0
Event: 2.006 Thread 0x00007f55b8018000 DEOPT PACKING pc=0x00007f55a1002b7d sp=0x00007f55bd056190
Event: 2.006 Thread 0x00007f55b8018000 DEOPT UNPACKING pc=0x00007f55a089ddca sp=0x00007f55bd055670 mode 0
Event: 2.007 Thread 0x00007f55b8018000 DEOPT PACKING pc=0x00007f55a1002b7d sp=0x00007f55bd056190
Event: 2.007 Thread 0x00007f55b8018000 DEOPT UNPACKING pc=0x00007f55a089ddca sp=0x00007f55bd055670 mode 0
Event: 2.007 Thread 0x00007f55b8018000 DEOPT PACKING pc=0x00007f55a1002b7d sp=0x00007f55bd056190
Event: 2.007 Thread 0x00007f55b8018000 DEOPT UNPACKING pc=0x00007f55a089ddca sp=0x00007f55bd055670 mode 0
Event: 2.007 Thread 0x00007f55b8018000 DEOPT PACKING pc=0x00007f55a1002b7d sp=0x00007f55bd056190
Event: 2.007 Thread 0x00007f55b8018000 DEOPT UNPACKING pc=0x00007f55a089ddca sp=0x00007f55bd055670 mode 0
Event: 2.011 Thread 0x00007f55b8018000 DEOPT PACKING pc=0x00007f55a1002b7d sp=0x00007f55bd056190
Event: 2.011 Thread 0x00007f55b8018000 DEOPT UNPACKING pc=0x00007f55a089ddca sp=0x00007f55bd055670 mode 0

Classes redefined (0 events):
No events

Internal exceptions (18 events):
Event: 0.340 Thread 0x00007f55b8018000 Exception <a 'java/lang/NoSuchMethodError'{0x000000008be2dd18}: 'void java.lang.invoke.DelegatingMethodHandle$Holder.delegate(java.lang.Object, java.lang.Object, int, java.lang.Object)'> (0x000000008be2dd18) thrown at [src/hotspot/share/interpreter/linkResolver.cpp, line 772]
Event: 0.342 Thread 0x00007f55b8018000 Exception <a 'java/lang/NoSuchMethodError'{0x000000008be35088}: 'java.lang.Object java.lang.invoke.DirectMethodHandle$Holder.invokeStaticInit(java.lang.Object, java.lang.Object, java.lang.Object)'> (0x000000008be35088) thrown at [src/hotspot/share/interpreter/linkResolver.cpp, line 772]
Event: 0.390 Thread 0x00007f55b8018000 Exception <a 'sun/nio/fs/UnixException'{0x000000008beef390}> (0x000000008beef390) thrown at [src/hotspot/share/prims/jni.cpp, line 615]
Event: 0.432 Thread 0x00007f55b8018000 Exception <a 'sun/nio/fs/UnixException'{0x000000008bc69870}> (0x000000008bc69870) thrown at [src/hotspot/share/prims/jni.cpp, line 615]
Event: 0.712 Thread 0x00007f55b8018000 Exception <a 'sun/nio/fs/UnixException'{0x000000008bb68340}> (0x000000008bb68340) thrown at [src/hotspot/share/prims/jni.cpp, line 615]
Event: 0.718 Thread 0x00007f55b8018000 Exception <a 'sun/nio/fs/UnixException'{0x000000008bb85810}> (0x000000008bb85810) thrown at [src/hotspot/share/prims/jni.cpp, line 615]
Event: 1.085 Thread 0x00007f55b8018000 Exception <a 'java/lang/NoSuchMethodError'{0x000000008bde1790}: 'java.lang.Object java.lang.invoke.DirectMethodHandle$Holder.invokeStatic(java.lang.Object, java.lang.Object, java.lang.Object, java.lang.Object, java.lang.Object, java.lang.Object, java.lang.Object, java.lang.Object, java.lang.Object, java.lang.Object, java.lang.Object, int)'> (0x000000008bde1790) thrown at [src/hotspot/share/interpreter/linkResolver.cpp, line 772]
Event: 1.094 Thread 0x00007f55b8018000 Exception <a 'java/lang/NoSuchMethodError'{0x000000008bc01d50}: 'java.lang.Object java.lang.invoke.DirectMethodHandle$Holder.invokeStatic(java.lang.Object, java.lang.Object, java.lang.Object, java.lang.Object, java.lang.Object, java.lang.Object, java.lang.Object, java.lang.Object, java.lang.Object, java.lang.Object, java.lang.Object, int, int)'> (0x000000008bc01d50) thrown at [src/hotspot/share/interpreter/linkResolver.cpp, line 772]
Event: 1.104 Thread 0x00007f55b8018000 Exception <a 'java/lang/NoSuchMethodError'{0x000000008bc21108}: 'java.lang.Object java.lang.invoke.DirectMethodHandle$Holder.invokeStatic(java.lang.Object, java.lang.Object, java.lang.Object, java.lang.Object, java.lang.Object, java.lang.Object, java.lang.Object, java.lang.Object, java.lang.Object, java.lang.Object, java.lang.Object, int, int, java.lang.Object)'> (0x000000008bc21108) thrown at [src/hotspot/share/interpreter/linkResolver.cpp, line 772]
Event: 1.112 Thread 0x00007f55b8018000 Exception <a 'java/lang/NoSuchMethodError'{0x000000008bc2c8b8}: 'java.lang.Object java.lang.invoke.Invokers$Holder.linkToTargetMethod(java.lang.Object, int, java.lang.Object)'> (0x000000008bc2c8b8) thrown at [src/hotspot/share/interpreter/linkResolver.cpp, line 772]
Event: 1.222 Thread 0x00007f55b8018000 Exception <a 'java/lang/ClassNotFoundException'{0x000000008a61d718}: sun/awt/resources/spi/awtProvider> (0x000000008a61d718) thrown at [src/hotspot/share/classfile/systemDictionary.cpp, line 231]
Event: 1.297 Thread 0x00007f55b8018000 Exception <a 'java/io/FileNotFoundException'{0x000000008a21dac8}> (0x000000008a21dac8) thrown at [src/hotspot/share/prims/jni.cpp, line 615]
Event: 1.344 Thread 0x00007f55b8018000 Exception <a 'java/lang/NoSuchMethodError'{0x000000008a2783e0}: 'java.lang.Object java.lang.invoke.DirectMethodHandle$Holder.invokeStatic(java.lang.Object, java.lang.Object, java.lang.Object, java.lang.Object, java.lang.Object, java.lang.Object, java.lang.Object, java.lang.Object, java.lang.Object, java.lang.Object, java.lang.Object, java.lang.Object, java.lang.Object, java.lang.Object, java.lang.Object)'> (0x000000008a2783e0) thrown at [src/hotspot/share/interpreter/linkResolver.cpp, line 772]
Event: 1.346 Thread 0x00007f55b8018000 Exception <a 'java/lang/NoSuchMethodError'{0x0000000089d81818}: 'java.lang.Object java.lang.invoke.DirectMethodHandle$Holder.invokeStatic(java.lang.Object, java.lang.Object, java.lang.Object, java.lang.Object, java.lang.Object, java.lang.Object, java.lang.Object, java.lang.Object, java.lang.Object, java.lang.Object, java.lang.Object, java.lang.Object, java.lang.Object, java.lang.Object, java.lang.Object, java.lang.Object)'> (0x0000000089d81818) thrown at [src/hotspot/share/interpreter/linkResolver.cpp, lin
Event: 1.348 Thread 0x00007f55b8018000 Exception <a 'java/lang/NoSuchMethodError'{0x0000000089d8f488}: 'java.lang.Object java.lang.invoke.DirectMethodHandle$Holder.invokeSpecial(java.lang.Object, java.lang.Object, int, int, java.lang.Object, java.lang.Object, java.lang.Object)'> (0x0000000089d8f488) thrown at [src/hotspot/share/interpreter/linkResolver.cpp, line 772]
Event: 1.349 Thread 0x00007f55b8018000 Exception <a 'java/lang/NoSuchMethodError'{0x0000000089d92a18}: 'java.lang.Object java.lang.invoke.DelegatingMethodHandle$Holder.reinvoke_L(java.lang.Object, int, int, java.lang.Object, java.lang.Object, java.lang.Object)'> (0x0000000089d92a18) thrown at [src/hotspot/share/interpreter/linkResolver.cpp, line 772]
Event: 1.349 Thread 0x00007f55b8018000 Exception <a 'java/lang/NoSuchMethodError'{0x0000000089d96ca0}: 'java.lang.Object java.lang.invoke.DirectMethodHandle$Holder.invokeStatic(java.lang.Object, java.lang.Object, java.lang.Object, java.lang.Object, int)'> (0x0000000089d96ca0) thrown at [src/hotspot/share/interpreter/linkResolver.cpp, line 772]
Event: 1.366 Thread 0x00007f55b8018000 Exception <a 'java/io/FileNotFoundException'{0x0000000089df77f8}> (0x0000000089df77f8) thrown at [src/hotspot/share/prims/jni.cpp, line 615]

Events (20 events):
Event: 2.169 loading class engine/io/Mouse
Event: 2.169 loading class engine/io/Mouse done
Event: 2.169 loading class org/lwjgl/glfw/GLFWMouseButtonCallbackI
Event: 2.169 loading class org/lwjgl/glfw/GLFWMouseButtonCallbackI done
Event: 2.170 loading class org/lwjgl/glfw/GLFWMouseButtonCallback
Event: 2.170 loading class org/lwjgl/glfw/GLFWMouseButtonCallback done
Event: 2.178 loading class org/lwjgl/glfw/GLFWMouseButtonCallback$Container
Event: 2.178 loading class org/lwjgl/glfw/GLFWMouseButtonCallback$Container done
Event: 2.178 loading class engine/io/Mouse
Event: 2.178 loading class engine/io/Mouse done
Event: 2.178 loading class org/lwjgl/glfw/GLFWScrollCallbackI
Event: 2.178 loading class org/lwjgl/glfw/GLFWScrollCallbackI done
Event: 2.179 loading class org/lwjgl/glfw/GLFWScrollCallback
Event: 2.179 loading class org/lwjgl/glfw/GLFWScrollCallback done
Event: 2.180 loading class org/lwjgl/glfw/GLFWScrollCallback$Container
Event: 2.180 loading class org/lwjgl/glfw/GLFWScrollCallback$Container done
Event: 2.180 loading class engine/io/Keyboard
Event: 2.180 loading class engine/io/Keyboard done
Event: 2.201 loading class org/lwjgl/opengl/GL$ICDStatic$WriteOnce
Event: 2.201 loading class org/lwjgl/opengl/GL$ICDStatic$WriteOnce done


Dynamic libraries:
40428000-4042a000 r-xs 00000000 00:01 16901                              /memfd:/.glXXXXXX (deleted)
40a22000-40ad1000 rw-p 00000000 00:00 0 
84800000-8c400000 rw-p 00000000 00:00 0 
8c400000-100000000 ---p 00000000 00:00 0 
100000000-100160000 rw-p 00000000 00:00 0 
100160000-140000000 ---p 00000000 00:00 0 
561aad269000-561aad26a000 r--p 00000000 08:11 828510                     /usr/lib/jvm/java-11-openjdk/bin/java
561aad26a000-561aad26b000 r-xp 00001000 08:11 828510                     /usr/lib/jvm/java-11-openjdk/bin/java
561aad26b000-561aad26c000 r--p 00002000 08:11 828510                     /usr/lib/jvm/java-11-openjdk/bin/java
561aad26c000-561aad26d000 r--p 00002000 08:11 828510                     /usr/lib/jvm/java-11-openjdk/bin/java
561aad26d000-561aad26e000 rw-p 00003000 08:11 828510                     /usr/lib/jvm/java-11-openjdk/bin/java
561aae528000-561aae549000 rw-p 00000000 00:00 0                          [heap]
7f5537000000-7f5537200000 rw-s 00000000 00:05 562                        /dev/nvidiactl
7f5537200000-7f5537600000 rw-s 00000000 00:05 562                        /dev/nvidiactl
7f5537600000-7f5537a00000 rw-s 00000000 00:05 562                        /dev/nvidiactl
7f5537a00000-7f5537e00000 rw-s 00000000 00:05 562                        /dev/nvidiactl
7f5537e00000-7f5538000000 rw-s 00000000 00:05 562                        /dev/nvidiactl
7f5538000000-7f5538021000 rw-p 00000000 00:00 0 
7f5538021000-7f553c000000 ---p 00000000 00:00 0 
7f553c000000-7f553c021000 rw-p 00000000 00:00 0 
7f553c021000-7f5540000000 ---p 00000000 00:00 0 
7f5540000000-7f5540039000 rw-p 00000000 00:00 0 
7f5540039000-7f5544000000 ---p 00000000 00:00 0 
7f5544000000-7f5544021000 rw-p 00000000 00:00 0 
7f5544021000-7f5548000000 ---p 00000000 00:00 0 
7f5548000000-7f5548021000 rw-p 00000000 00:00 0 
7f5548021000-7f554c000000 ---p 00000000 00:00 0 
7f554c000000-7f554c051000 rw-p 00000000 00:00 0 
7f554c051000-7f5550000000 ---p 00000000 00:00 0 
7f5550000000-7f55504f4000 rw-p 00000000 00:00 0 
7f55504f4000-7f5554000000 ---p 00000000 00:00 0 
7f5554190000-7f5554210000 rw-s 00000000 00:05 562                        /dev/nvidiactl
7f5554210000-7f5554290000 rw-s 00000000 00:05 562                        /dev/nvidiactl
7f5554293000-7f5554294000 ---p 00000000 00:00 0 
7f5554294000-7f5554395000 rw-p 00000000 00:00 0 
7f5554395000-7f5554396000 ---p 00000000 00:00 0 
7f5554396000-7f5554517000 rw-p 00000000 00:00 0 
7f5554517000-7f5554697000 ---p 00000000 00:00 0 
7f5554697000-7f555469b000 ---p 00000000 00:00 0 
7f555469b000-7f5554798000 rw-p 00000000 00:00 0 
7f5554798000-7f555479a000 r--p 00000000 08:11 557153                     /usr/lib/libXtst.so.6.1.0
7f555479a000-7f555479d000 r-xp 00002000 08:11 557153                     /usr/lib/libXtst.so.6.1.0
7f555479d000-7f555479e000 r--p 00005000 08:11 557153                     /usr/lib/libXtst.so.6.1.0
7f555479e000-7f555479f000 r--p 00005000 08:11 557153                     /usr/lib/libXtst.so.6.1.0
7f555479f000-7f55547a0000 rw-p 00006000 08:11 557153                     /usr/lib/libXtst.so.6.1.0
7f55547c0000-7f55547d1000 r--p 00000000 08:11 828861                     /usr/lib/jvm/java-11-openjdk/lib/libawt_xawt.so
7f55547d1000-7f5554810000 r-xp 00011000 08:11 828861                     /usr/lib/jvm/java-11-openjdk/lib/libawt_xawt.so
7f5554810000-7f5554822000 r--p 00050000 08:11 828861                     /usr/lib/jvm/java-11-openjdk/lib/libawt_xawt.so
7f5554822000-7f5554823000 r--p 00061000 08:11 828861                     /usr/lib/jvm/java-11-openjdk/lib/libawt_xawt.so
7f5554823000-7f5554825000 rw-p 00062000 08:11 828861                     /usr/lib/jvm/java-11-openjdk/lib/libawt_xawt.so
7f5554825000-7f5554827000 rw-p 00000000 00:00 0 
7f5554828000-7f5554855000 r--p 00000000 08:11 828544                     /usr/lib/jvm/java-11-openjdk/lib/libawt.so
7f5554855000-7f55548be000 r-xp 0002d000 08:11 828544                     /usr/lib/jvm/java-11-openjdk/lib/libawt.so
7f55548be000-7f55548ca000 r--p 00096000 08:11 828544                     /usr/lib/jvm/java-11-openjdk/lib/libawt.so
7f55548ca000-7f55548cb000 r--p 000a2000 08:11 828544                     /usr/lib/jvm/java-11-openjdk/lib/libawt.so
7f55548cb000-7f55548d6000 rw-p 000a3000 08:11 828544                     /usr/lib/jvm/java-11-openjdk/lib/libawt.so
7f55548d6000-7f5554afb000 rw-p 00000000 00:00 0 
7f5554afb000-7f5554aff000 ---p 00000000 00:00 0 
7f5554aff000-7f5554bfc000 rw-p 00000000 00:00 0 
7f5554bfc000-7f5554c00000 ---p 00000000 00:00 0 
7f5554c00000-7f5554efd000 rw-p 00000000 00:00 0 
7f5554efd000-7f5554efe000 ---p 00000000 00:00 0 
7f5554efe000-7f5554fff000 rw-p 00000000 00:00 0 
7f5554fff000-7f5555003000 ---p 00000000 00:00 0 
7f5555003000-7f5555300000 rw-p 00000000 00:00 0 
7f5555300000-7f5555358000 r-xp 00000000 00:20 1508                       /tmp/lwjgluser/3.2.3-build-13/liblwjgl_opengl.so
7f5555358000-7f5555557000 ---p 00058000 00:20 1508                       /tmp/lwjgluser/3.2.3-build-13/liblwjgl_opengl.so
7f5555557000-7f5555558000 r--p 00057000 00:20 1508                       /tmp/lwjgluser/3.2.3-build-13/liblwjgl_opengl.so
7f5555558000-7f5555559000 rw-p 00058000 00:20 1508                       /tmp/lwjgluser/3.2.3-build-13/liblwjgl_opengl.so
7f5555560000-7f5555563000 rw-s 00000000 00:05 562                        /dev/nvidiactl
7f5555568000-7f555556a000 rw-s 00000000 00:01 16901                      /memfd:/.glXXXXXX (deleted)
7f5555570000-7f55555f0000 rw-s 00000000 00:05 562                        /dev/nvidiactl
7f55556f8000-7f555570b000 rw-s 00000000 00:05 562                        /dev/nvidiactl
7f5555710000-7f5555750000 rw-s 00000000 00:05 562                        /dev/nvidiactl
7f5555750000-7f5555770000 rw-s 00000000 00:05 562                        /dev/nvidiactl
7f5555770000-7f55557b0000 rw-s 00000000 00:05 562                        /dev/nvidiactl
7f55557b0000-7f55557d0000 rw-s 00000000 00:05 562                        /dev/nvidiactl
7f55557d0000-7f5555810000 rw-s 00000000 00:05 562                        /dev/nvidiactl
7f5555830000-7f55559d5000 rw-s 00000000 00:01 3                          /memfd:/.nvidia_drv.XXXXXX (deleted)
7f55559d8000-7f55559dd000 r--p 00000000 08:11 548482                     /usr/lib/libdrm.so.2.4.0
7f55559dd000-7f55559e7000 r-xp 00005000 08:11 548482                     /usr/lib/libdrm.so.2.4.0
7f55559e7000-7f55559eb000 r--p 0000f000 08:11 548482                     /usr/lib/libdrm.so.2.4.0
7f55559eb000-7f55559ec000 r--p 00012000 08:11 548482                     /usr/lib/libdrm.so.2.4.0
7f55559ec000-7f55559ed000 rw-p 00013000 08:11 548482                     /usr/lib/libdrm.so.2.4.0
7f55559f0000-7f5556bb7000 r-xp 00000000 08:11 549133                     /usr/lib/libnvidia-glcore.so.465.31
7f5556bb7000-7f5556bd8000 rwxp 011c7000 08:11 549133                     /usr/lib/libnvidia-glcore.so.465.31
7f5556bd8000-7f55570e9000 r-xp 011e8000 08:11 549133                     /usr/lib/libnvidia-glcore.so.465.31
7f55570e9000-7f55572e9000 ---p 016f9000 08:11 549133                     /usr/lib/libnvidia-glcore.so.465.31
7f55572e9000-7f5557834000 r--p 016f9000 08:11 549133                     /usr/lib/libnvidia-glcore.so.465.31
7f5557834000-7f5557925000 rw-p 01c44000 08:11 549133                     /usr/lib/libnvidia-glcore.so.465.31
7f5557925000-7f5557948000 rw-p 00000000 00:00 0 
7f5557948000-7f555794b000 r-xp 00000000 08:11 549156                     /usr/lib/libnvidia-tls.so.465.31
7f555794b000-7f5557b4b000 ---p 00003000 08:11 549156                     /usr/lib/libnvidia-tls.so.465.31
7f5557b4b000-7f5557b4c000 r--p 00003000 08:11 549156                     /usr/lib/libnvidia-tls.so.465.31
7f5557b4c000-7f5557b4d000 rw-p 00004000 08:11 549156                     /usr/lib/libnvidia-tls.so.465.31
7f5557b50000-7f5557bf0000 r-xp 00000000 08:11 549112                     /usr/lib/libGLX_nvidia.so.465.31
7f5557bf0000-7f5557c25000 rwxp 000a0000 08:11 549112                     /usr/lib/libGLX_nvidia.so.465.31
7f5557c25000-7f5557c2b000 r-xp 000d5000 08:11 549112                     /usr/lib/libGLX_nvidia.so.465.31
7f5557c2b000-7f5557e2b000 ---p 000db000 08:11 549112                     /usr/lib/libGLX_nvidia.so.465.31
7f5557e2b000-7f5557e73000 r--p 000db000 08:11 549112                     /usr/lib/libGLX_nvidia.so.465.31
7f5557e73000-7f5557e78000 rw-p 00123000 08:11 549112                     /usr/lib/libGLX_nvidia.so.465.31
7f5557e78000-7f5557e7a000 rw-p 00000000 00:00 0 
7f5557e80000-7f5557ec1000 r--p 00000000 08:11 549193                     /usr/lib/libGLdispatch.so.0.0.0
7f5557ec1000-7f5557ec3000 r-xp 00041000 08:11 549193                     /usr/lib/libGLdispatch.so.0.0.0
7f5557ec3000-7f5557efe000 r-xp 00043000 08:11 549193                     /usr/lib/libGLdispatch.so.0.0.0
7f5557efe000-7f5557eff000 r-xp 0007e000 08:11 549193                     /usr/lib/libGLdispatch.so.0.0.0
7f5557eff000-7f5557f12000 r--p 0007f000 08:11 549193                     /usr/lib/libGLdispatch.so.0.0.0
7f5557f12000-7f5557f13000 ---p 00092000 08:11 549193                     /usr/lib/libGLdispatch.so.0.0.0
7f5557f13000-7f5557f2f000 r--p 00092000 08:11 549193                     /usr/lib/libGLdispatch.so.0.0.0
7f5557f2f000-7f5557f30000 rw-p 000ae000 08:11 549193                     /usr/lib/libGLdispatch.so.0.0.0
7f5557f30000-7f5557f38000 rw-p 00000000 00:00 0 
7f5557f3f000-7f5557fb3000 rw-p 00000000 00:00 0 
7f5557fb8000-7f5557fba000 rw-s 00000000 00:05 562                        /dev/nvidiactl
7f5557fc0000-7f5557fc4000 rw-s 00000000 00:05 562                        /dev/nvidiactl
7f5557fc8000-7f5557fcb000 r--p 00000000 08:11 549190                     /usr/lib/libGLX.so.0.0.0
7f5557fcb000-7f5557fe5000 r-xp 00003000 08:11 549190                     /usr/lib/libGLX.so.0.0.0
7f5557fe5000-7f5557fe8000 r--p 0001d000 08:11 549190                     /usr/lib/libGLX.so.0.0.0
7f5557fe8000-7f5557fe9000 ---p 00020000 08:11 549190                     /usr/lib/libGLX.so.0.0.0
7f5557fe9000-7f5557fea000 r--p 00020000 08:11 549190                     /usr/lib/libGLX.so.0.0.0
7f5557fea000-7f5557feb000 rw-p 00021000 08:11 549190                     /usr/lib/libGLX.so.0.0.0
7f5557feb000-7f5557ffb000 rw-p 00000000 00:00 0 
7f5558000000-7f5558021000 rw-p 00000000 00:00 0 
7f5558021000-7f555c000000 ---p 00000000 00:00 0 
7f555c000000-7f555c021000 rw-p 00000000 00:00 0 
7f555c021000-7f5560000000 ---p 00000000 00:00 0 
7f5560000000-7f5560021000 rw-p 00000000 00:00 0 
7f5560021000-7f5564000000 ---p 00000000 00:00 0 
7f5564000000-7f5564021000 rw-p 00000000 00:00 0 
7f5564021000-7f5568000000 ---p 00000000 00:00 0 
7f5568000000-7f5568665000 rw-p 00000000 00:00 0 
7f5568665000-7f556c000000 ---p 00000000 00:00 0 
7f556c000000-7f556c47e000 rw-p 00000000 00:00 0 
7f556c47e000-7f5570000000 ---p 00000000 00:00 0 
7f5570000000-7f5570021000 rw-p 00000000 00:00 0 
7f5570021000-7f5574000000 ---p 00000000 00:00 0 
7f5574000000-7f5574021000 rw-p 00000000 00:00 0 
7f5574021000-7f5578000000 ---p 00000000 00:00 0 
7f5578000000-7f5578021000 rw-p 00000000 00:00 0 
7f5578021000-7f557c000000 ---p 00000000 00:00 0 
7f557c000000-7f557c021000 rw-p 00000000 00:00 0 
7f557c021000-7f5580000000 ---p 00000000 00:00 0 
7f5580000000-7f5580021000 rw-p 00000000 00:00 0 
7f5580021000-7f5584000000 ---p 00000000 00:00 0 
7f5584000000-7f5584021000 rw-p 00000000 00:00 0 
7f5584021000-7f5588000000 ---p 00000000 00:00 0 
7f5588000000-7f5588021000 rw-p 00000000 00:00 0 
7f5588021000-7f558c000000 ---p 00000000 00:00 0 
7f558c000000-7f558c021000 rw-p 00000000 00:00 0 
7f558c021000-7f5590000000 ---p 00000000 00:00 0 
7f5590008000-7f5590014000 r--p 00000000 08:11 545123                     /usr/lib/libxcb-glx.so.0.0.0
7f5590014000-7f559001d000 r-xp 0000c000 08:11 545123                     /usr/lib/libxcb-glx.so.0.0.0
7f559001d000-7f5590022000 r--p 00015000 08:11 545123                     /usr/lib/libxcb-glx.so.0.0.0
7f5590022000-7f5590023000 ---p 0001a000 08:11 545123                     /usr/lib/libxcb-glx.so.0.0.0
7f5590023000-7f5590025000 r--p 0001a000 08:11 545123                     /usr/lib/libxcb-glx.so.0.0.0
7f5590025000-7f5590026000 rw-p 0001c000 08:11 545123                     /usr/lib/libxcb-glx.so.0.0.0
7f5590028000-7f559006a000 r--p 00000000 08:11 549184                     /usr/lib/libGL.so.1.7.0
7f559006a000-7f559006d000 r-xp 00042000 08:11 549184                     /usr/lib/libGL.so.1.7.0
7f559006d000-7f5590088000 r-xp 00045000 08:11 549184                     /usr/lib/libGL.so.1.7.0
7f5590088000-7f5590089000 r-xp 00060000 08:11 549184                     /usr/lib/libGL.so.1.7.0
7f5590089000-7f559009e000 r--p 00061000 08:11 549184                     /usr/lib/libGL.so.1.7.0
7f559009e000-7f55900ac000 r--p 00075000 08:11 549184                     /usr/lib/libGL.so.1.7.0
7f55900ac000-7f55900ad000 rw-p 00083000 08:11 549184                     /usr/lib/libGL.so.1.7.0
7f55900ad000-7f55900ae000 rw-p 00000000 00:00 0 
7f55900b0000-7f55900b1000 r--p 00000000 08:11 547535                     /usr/lib/libX11-xcb.so.1.0.0
7f55900b1000-7f55900b2000 r-xp 00001000 08:11 547535                     /usr/lib/libX11-xcb.so.1.0.0
7f55900b2000-7f55900b3000 r--p 00002000 08:11 547535                     /usr/lib/libX11-xcb.so.1.0.0
7f55900b3000-7f55900b4000 r--p 00002000 08:11 547535                     /usr/lib/libX11-xcb.so.1.0.0
7f55900b4000-7f55900b5000 rw-p 00003000 08:11 547535                     /usr/lib/libX11-xcb.so.1.0.0
7f55900b8000-7f55900b9000 r--p 00000000 08:11 562416                     /usr/lib/libXinerama.so.1.0.0
7f55900b9000-7f55900ba000 r-xp 00001000 08:11 562416                     /usr/lib/libXinerama.so.1.0.0
7f55900ba000-7f55900bb000 r--p 00002000 08:11 562416                     /usr/lib/libXinerama.so.1.0.0
7f55900bb000-7f55900bc000 r--p 00002000 08:11 562416                     /usr/lib/libXinerama.so.1.0.0
7f55900bc000-7f55900bd000 rw-p 00003000 08:11 562416                     /usr/lib/libXinerama.so.1.0.0
7f55900c0000-7f55900c2000 r--p 00000000 08:11 548571                     /usr/lib/libXfixes.so.3.1.0
7f55900c2000-7f55900c5000 r-xp 00002000 08:11 548571                     /usr/lib/libXfixes.so.3.1.0
7f55900c5000-7f55900c6000 r--p 00005000 08:11 548571                     /usr/lib/libXfixes.so.3.1.0
7f55900c6000-7f55900c7000 ---p 00006000 08:11 548571                     /usr/lib/libXfixes.so.3.1.0
7f55900c7000-7f55900c8000 r--p 00006000 08:11 548571                     /usr/lib/libXfixes.so.3.1.0
7f55900c8000-7f55900c9000 rw-p 00007000 08:11 548571                     /usr/lib/libXfixes.so.3.1.0
7f55900d0000-7f55900d3000 r--p 00000000 08:11 552196                     /usr/lib/libXcursor.so.1.0.2
7f55900d3000-7f55900d8000 r-xp 00003000 08:11 552196                     /usr/lib/libXcursor.so.1.0.2
7f55900d8000-7f55900da000 r--p 00008000 08:11 552196                     /usr/lib/libXcursor.so.1.0.2
7f55900da000-7f55900db000 r--p 00009000 08:11 552196                     /usr/lib/libXcursor.so.1.0.2
7f55900db000-7f55900dc000 rw-p 0000a000 08:11 552196                     /usr/lib/libXcursor.so.1.0.2
7f55900e0000-7f55900e2000 r--p 00000000 08:11 549892                     /usr/lib/libXrender.so.1.3.0
7f55900e2000-7f55900e9000 r-xp 00002000 08:11 549892                     /usr/lib/libXrender.so.1.3.0
7f55900e9000-7f55900eb000 r--p 00009000 08:11 549892                     /usr/lib/libXrender.so.1.3.0
7f55900eb000-7f55900ec000 r--p 0000a000 08:11 549892                     /usr/lib/libXrender.so.1.3.0
7f55900ec000-7f55900ed000 rw-p 0000b000 08:11 549892                     /usr/lib/libXrender.so.1.3.0
7f55900f0000-7f55900f3000 r--p 00000000 08:11 549896                     /usr/lib/libXi.so.6.1.0
7f55900f3000-7f55900fe000 r-xp 00003000 08:11 549896                     /usr/lib/libXi.so.6.1.0
7f55900fe000-7f5590101000 r--p 0000e000 08:11 549896                     /usr/lib/libXi.so.6.1.0
7f5590101000-7f5590102000 r--p 00010000 08:11 549896                     /usr/lib/libXi.so.6.1.0
7f5590102000-7f5590103000 rw-p 00011000 08:11 549896                     /usr/lib/libXi.so.6.1.0
7f5590108000-7f5590124000 r--p 00000000 08:11 547538                     /usr/lib/libX11.so.6.4.0
7f5590124000-7f55901ae000 r-xp 0001c000 08:11 547538                     /usr/lib/libX11.so.6.4.0
7f55901ae000-7f5590242000 r--p 000a6000 08:11 547538                     /usr/lib/libX11.so.6.4.0
7f5590242000-7f5590245000 r--p 00139000 08:11 547538                     /usr/lib/libX11.so.6.4.0
7f5590245000-7f5590249000 rw-p 0013c000 08:11 547538                     /usr/lib/libX11.so.6.4.0
7f5590250000-7f5590293000 r-xp 00000000 00:20 1507                       /tmp/lwjgluser/3.2.3-build-13/libglfw.so
7f5590293000-7f5590492000 ---p 00043000 00:20 1507                       /tmp/lwjgluser/3.2.3-build-13/libglfw.so
7f5590492000-7f5590493000 r--p 00042000 00:20 1507                       /tmp/lwjgluser/3.2.3-build-13/libglfw.so
7f5590493000-7f5590495000 rw-p 00043000 00:20 1507                       /tmp/lwjgluser/3.2.3-build-13/libglfw.so
7f5590495000-7f55904b6000 rw-p 00000000 00:00 0 
7f55904b8000-7f5590509000 r-xp 00000000 00:20 1506                       /tmp/lwjgluser/3.2.3-build-13/liblwjgl.so
7f5590509000-7f5590708000 ---p 00051000 00:20 1506                       /tmp/lwjgluser/3.2.3-build-13/liblwjgl.so
7f5590708000-7f5590709000 r--p 00050000 00:20 1506                       /tmp/lwjgluser/3.2.3-build-13/liblwjgl.so
7f5590709000-7f559070a000 rw-p 00051000 00:20 1506                       /tmp/lwjgluser/3.2.3-build-13/liblwjgl.so
7f559070d000-7f559070e000 ---p 00000000 00:00 0 
7f559070e000-7f559080f000 rw-p 00000000 00:00 0 
7f559080f000-7f5590813000 ---p 00000000 00:00 0 
7f5590813000-7f5590910000 rw-p 00000000 00:00 0 
7f5590910000-7f5590914000 r--p 00000000 08:11 828584                     /usr/lib/jvm/java-11-openjdk/lib/libnet.so
7f5590914000-7f5590923000 r-xp 00004000 08:11 828584                     /usr/lib/jvm/java-11-openjdk/lib/libnet.so
7f5590923000-7f5590927000 r--p 00013000 08:11 828584                     /usr/lib/jvm/java-11-openjdk/lib/libnet.so
7f5590927000-7f5590928000 r--p 00016000 08:11 828584                     /usr/lib/jvm/java-11-openjdk/lib/libnet.so
7f5590928000-7f5590929000 rw-p 00017000 08:11 828584                     /usr/lib/jvm/java-11-openjdk/lib/libnet.so
7f559092a000-7f559092e000 ---p 00000000 00:00 0 
7f559092e000-7f5590a2b000 rw-p 00000000 00:00 0 
7f5590a2b000-7f5590a2f000 ---p 00000000 00:00 0 
7f5590a2f000-7f5590b2c000 rw-p 00000000 00:00 0 
7f5590b2c000-7f5590b30000 ---p 00000000 00:00 0 
7f5590b30000-7f5590c2d000 rw-p 00000000 00:00 0 
7f5590c2d000-7f5590c31000 ---p 00000000 00:00 0 
7f5590c31000-7f5590d2e000 rw-p 00000000 00:00 0 
7f5590d2e000-7f5590d32000 ---p 00000000 00:00 0 
7f5590d32000-7f5590e2f000 rw-p 00000000 00:00 0 
7f5590e2f000-7f5590e33000 ---p 00000000 00:00 0 
7f5590e33000-7f5590f30000 rw-p 00000000 00:00 0 
7f5590f30000-7f5591217000 r--p 00000000 08:11 580563                     /usr/lib/locale/locale-archive
7f559121c000-7f5591220000 ---p 00000000 00:00 0 
7f5591220000-7f559131d000 rw-p 00000000 00:00 0 
7f559131d000-7f5591321000 ---p 00000000 00:00 0 
7f5591321000-7f559141e000 rw-p 00000000 00:00 0 
7f559141e000-7f559141f000 ---p 00000000 00:00 0 
7f559141f000-7f5591dfc000 rw-p 00000000 00:00 0 
7f5591dfc000-7f5591dfd000 ---p 00000000 00:00 0 
7f5591dfd000-7f5591efe000 rw-p 00000000 00:00 0 
7f5591efe000-7f5591eff000 ---p 00000000 00:00 0 
7f5591eff000-7f5594000000 rw-p 00000000 00:00 0 
7f5594000000-7f5594021000 rw-p 00000000 00:00 0 
7f5594021000-7f5598000000 ---p 00000000 00:00 0 
7f5598000000-7f5598001000 rw-s 00000000 00:05 563                        /dev/nvidia0
7f5598008000-7f559800a000 r--p 00000000 08:11 562427                     /usr/lib/libXrandr.so.2.2.0
7f559800a000-7f5598011000 r-xp 00002000 08:11 562427                     /usr/lib/libXrandr.so.2.2.0
7f5598011000-7f5598013000 r--p 00009000 08:11 562427                     /usr/lib/libXrandr.so.2.2.0
7f5598013000-7f5598014000 r--p 0000a000 08:11 562427                     /usr/lib/libXrandr.so.2.2.0
7f5598014000-7f5598015000 rw-p 0000b000 08:11 562427                     /usr/lib/libXrandr.so.2.2.0
7f5598018000-7f559801c000 r--p 00000000 08:11 548364                     /usr/lib/libXext.so.6.4.0
7f559801c000-7f5598027000 r-xp 00004000 08:11 548364                     /usr/lib/libXext.so.6.4.0
7f5598027000-7f559802b000 r--p 0000f000 08:11 548364                     /usr/lib/libXext.so.6.4.0
7f559802b000-7f559802c000 r--p 00012000 08:11 548364                     /usr/lib/libXext.so.6.4.0
7f559802c000-7f559802d000 rw-p 00013000 08:11 548364                     /usr/lib/libXext.so.6.4.0
7f5598030000-7f5598031000 r--p 00000000 08:11 548544                     /usr/lib/libXxf86vm.so.1.0.0
7f5598031000-7f5598034000 r-xp 00001000 08:11 548544                     /usr/lib/libXxf86vm.so.1.0.0
7f5598034000-7f5598035000 r--p 00004000 08:11 548544                     /usr/lib/libXxf86vm.so.1.0.0
7f5598035000-7f5598036000 r--p 00004000 08:11 548544                     /usr/lib/libXxf86vm.so.1.0.0
7f5598036000-7f5598037000 rw-p 00005000 08:11 548544                     /usr/lib/libXxf86vm.so.1.0.0
7f559803e000-7f5598430000 rw-p 00000000 00:00 0 
7f5598430000-7f559a120000 ---p 00000000 00:00 0 
7f559a120000-7f559a310000 rw-p 00000000 00:00 0 
7f559a310000-7f559c000000 ---p 00000000 00:00 0 
7f559c000000-7f559c021000 rw-p 00000000 00:00 0 
7f559c021000-7f55a0000000 ---p 00000000 00:00 0 
7f55a0000000-7f55a0001000 rw-s 00000000 00:05 563                        /dev/nvidia0
7f55a0008000-7f55a0014000 r--p 00000000 08:11 545177                     /usr/lib/libxcb.so.1.1.0
7f55a0014000-7f55a0027000 r-xp 0000c000 08:11 545177                     /usr/lib/libxcb.so.1.1.0
7f55a0027000-7f55a0030000 r--p 0001f000 08:11 545177                     /usr/lib/libxcb.so.1.1.0
7f55a0030000-7f55a0031000 r--p 00027000 08:11 545177                     /usr/lib/libxcb.so.1.1.0
7f55a0031000-7f55a0032000 rw-p 00028000 08:11 545177                     /usr/lib/libxcb.so.1.1.0
7f55a0038000-7f55a0039000 rw-s 00000000 00:05 563                        /dev/nvidia0
7f55a0040000-7f55a0041000 rw-s 00000000 00:05 563                        /dev/nvidia0
7f55a0048000-7f55a0049000 rw-s 00000000 00:05 562                        /dev/nvidiactl
7f55a0050000-7f55a0051000 rw-s 00000000 00:05 562                        /dev/nvidiactl
7f55a0054000-7f55a0256000 rw-p 00000000 00:00 0 
7f55a0256000-7f55a0257000 ---p 00000000 00:00 0 
7f55a0257000-7f55a0358000 rw-p 00000000 00:00 0 
7f55a0358000-7f55a0359000 ---p 00000000 00:00 0 
7f55a0359000-7f55a04da000 rw-p 00000000 00:00 0 
7f55a04da000-7f55a0878000 ---p 00000000 00:00 0 
7f55a0878000-7f55a0ae8000 rwxp 00000000 00:00 0 
7f55a0ae8000-7f55a0e08000 ---p 00000000 00:00 0 
7f55a0e08000-7f55a1078000 rwxp 00000000 00:00 0 
7f55a1078000-7f55a8340000 ---p 00000000 00:00 0 
7f55a8340000-7f55a85b0000 rwxp 00000000 00:00 0 
7f55a85b0000-7f55af878000 ---p 00000000 00:00 0 
7f55af878000-7f55b8000000 r--s 00000000 08:11 828601                     /usr/lib/jvm/java-11-openjdk/lib/modules
7f55b8000000-7f55b9d0a000 rw-p 00000000 00:00 0 
7f55b9d0a000-7f55bc000000 ---p 00000000 00:00 0 
7f55bc000000-7f55bc001000 rw-s 00000000 00:05 562                        /dev/nvidiactl
7f55bc008000-7f55bc00a000 r--p 00000000 08:11 545057                     /usr/lib/libXdmcp.so.6.0.0
7f55bc00a000-7f55bc00c000 r-xp 00002000 08:11 545057                     /usr/lib/libXdmcp.so.6.0.0
7f55bc00c000-7f55bc00e000 r--p 00004000 08:11 545057                     /usr/lib/libXdmcp.so.6.0.0
7f55bc00e000-7f55bc00f000 r--p 00005000 08:11 545057                     /usr/lib/libXdmcp.so.6.0.0
7f55bc00f000-7f55bc010000 rw-p 00006000 08:11 545057                     /usr/lib/libXdmcp.so.6.0.0
7f55bc010000-7f55bc011000 r--p 00000000 08:11 545062                     /usr/lib/libXau.so.6.0.0
7f55bc011000-7f55bc012000 r-xp 00001000 08:11 545062                     /usr/lib/libXau.so.6.0.0
7f55bc012000-7f55bc013000 r--p 00002000 08:11 545062                     /usr/lib/libXau.so.6.0.0
7f55bc013000-7f55bc014000 r--p 00002000 08:11 545062                     /usr/lib/libXau.so.6.0.0
7f55bc014000-7f55bc015000 rw-p 00003000 08:11 545062                     /usr/lib/libXau.so.6.0.0
7f55bc018000-7f55bc01f000 r--p 00000000 08:11 828586                     /usr/lib/jvm/java-11-openjdk/lib/libnio.so
7f55bc01f000-7f55bc026000 r-xp 00007000 08:11 828586                     /usr/lib/jvm/java-11-openjdk/lib/libnio.so
7f55bc026000-7f55bc029000 r--p 0000e000 08:11 828586                     /usr/lib/jvm/java-11-openjdk/lib/libnio.so
7f55bc029000-7f55bc02a000 r--p 00010000 08:11 828586                     /usr/lib/jvm/java-11-openjdk/lib/libnio.so
7f55bc02a000-7f55bc02b000 rw-p 00011000 08:11 828586                     /usr/lib/jvm/java-11-openjdk/lib/libnio.so
7f55bc02c000-7f55bc06a000 rw-p 00000000 00:00 0 
7f55bc06a000-7f55bc408000 ---p 00000000 00:00 0 
7f55bc408000-7f55bc446000 rw-p 00000000 00:00 0 
7f55bc446000-7f55bc7e4000 ---p 00000000 00:00 0 
7f55bc7e4000-7f55bcbe8000 rw-p 00000000 00:00 0 
7f55bcbe8000-7f55bcbe9000 ---p 00000000 00:00 0 
7f55bcbe9000-7f55bccef000 rw-p 00000000 00:00 0 
7f55bccef000-7f55bcdd5000 ---p 00000000 00:00 0 
7f55bcdd5000-7f55bcdda000 rw-p 00000000 00:00 0 
7f55bcdda000-7f55bcec0000 ---p 00000000 00:00 0 
7f55bcec0000-7f55bcec3000 r--p 00000000 08:11 527769                     /usr/lib/libnss_files-2.33.so
7f55bcec3000-7f55bceca000 r-xp 00003000 08:11 527769                     /usr/lib/libnss_files-2.33.so
7f55bceca000-7f55bcecc000 r--p 0000a000 08:11 527769                     /usr/lib/libnss_files-2.33.so
7f55bcecc000-7f55bcecd000 r--p 0000b000 08:11 527769                     /usr/lib/libnss_files-2.33.so
7f55bcecd000-7f55bcece000 rw-p 0000c000 08:11 527769                     /usr/lib/libnss_files-2.33.so
7f55bcece000-7f55bced4000 rw-p 00000000 00:00 0 
7f55bced8000-7f55bced9000 r--p 00000000 08:11 828550                     /usr/lib/jvm/java-11-openjdk/lib/libextnet.so
7f55bced9000-7f55bceda000 r-xp 00001000 08:11 828550                     /usr/lib/jvm/java-11-openjdk/lib/libextnet.so
7f55bceda000-7f55bcedb000 r--p 00002000 08:11 828550                     /usr/lib/jvm/java-11-openjdk/lib/libextnet.so
7f55bcedb000-7f55bcedc000 r--p 00002000 08:11 828550                     /usr/lib/jvm/java-11-openjdk/lib/libextnet.so
7f55bcedc000-7f55bcedd000 rw-p 00003000 08:11 828550                     /usr/lib/jvm/java-11-openjdk/lib/libextnet.so
7f55bcee0000-7f55bcee2000 r--p 00000000 08:11 828600                     /usr/lib/jvm/java-11-openjdk/lib/libzip.so
7f55bcee2000-7f55bcee6000 r-xp 00002000 08:11 828600                     /usr/lib/jvm/java-11-openjdk/lib/libzip.so
7f55bcee6000-7f55bcee8000 r--p 00006000 08:11 828600                     /usr/lib/jvm/java-11-openjdk/lib/libzip.so
7f55bcee8000-7f55bcee9000 r--p 00007000 08:11 828600                     /usr/lib/jvm/java-11-openjdk/lib/libzip.so
7f55bcee9000-7f55bceea000 rw-p 00008000 08:11 828600                     /usr/lib/jvm/java-11-openjdk/lib/libzip.so
7f55bcef0000-7f55bcef8000 rw-s 00000000 00:20 6056                       /tmp/hsperfdata_user/40338
7f55bcef8000-7f55bcefa000 r--p 00000000 08:11 828554                     /usr/lib/jvm/java-11-openjdk/lib/libinstrument.so
7f55bcefa000-7f55bcf00000 r-xp 00002000 08:11 828554                     /usr/lib/jvm/java-11-openjdk/lib/libinstrument.so
7f55bcf00000-7f55bcf03000 r--p 00008000 08:11 828554                     /usr/lib/jvm/java-11-openjdk/lib/libinstrument.so
7f55bcf03000-7f55bcf04000 r--p 0000a000 08:11 828554                     /usr/lib/jvm/java-11-openjdk/lib/libinstrument.so
7f55bcf04000-7f55bcf05000 rw-p 0000b000 08:11 828554                     /usr/lib/jvm/java-11-openjdk/lib/libinstrument.so
7f55bcf08000-7f55bcf0a000 r--p 00000000 08:11 828570                     /usr/lib/jvm/java-11-openjdk/lib/libjimage.so
7f55bcf0a000-7f55bcf0d000 r-xp 00002000 08:11 828570                     /usr/lib/jvm/java-11-openjdk/lib/libjimage.so
7f55bcf0d000-7f55bcf0e000 r--p 00005000 08:11 828570                     /usr/lib/jvm/java-11-openjdk/lib/libjimage.so
7f55bcf0e000-7f55bcf0f000 ---p 00006000 08:11 828570                     /usr/lib/jvm/java-11-openjdk/lib/libjimage.so
7f55bcf0f000-7f55bcf10000 r--p 00006000 08:11 828570                     /usr/lib/jvm/java-11-openjdk/lib/libjimage.so
7f55bcf10000-7f55bcf11000 rw-p 00007000 08:11 828570                     /usr/lib/jvm/java-11-openjdk/lib/libjimage.so
7f55bcf18000-7f55bcf26000 r--p 00000000 08:11 828564                     /usr/lib/jvm/java-11-openjdk/lib/libjava.so
7f55bcf26000-7f55bcf3b000 r-xp 0000e000 08:11 828564                     /usr/lib/jvm/java-11-openjdk/lib/libjava.so
7f55bcf3b000-7f55bcf42000 r--p 00023000 08:11 828564                     /usr/lib/jvm/java-11-openjdk/lib/libjava.so
7f55bcf42000-7f55bcf43000 r--p 00029000 08:11 828564                     /usr/lib/jvm/java-11-openjdk/lib/libjava.so
7f55bcf43000-7f55bcf44000 rw-p 0002a000 08:11 828564                     /usr/lib/jvm/java-11-openjdk/lib/libjava.so
7f55bcf44000-7f55bcf45000 rw-p 00000000 00:00 0 
7f55bcf48000-7f55bcf4b000 r--p 00000000 08:11 527784                     /usr/lib/librt-2.33.so
7f55bcf4b000-7f55bcf4f000 r-xp 00003000 08:11 527784                     /usr/lib/librt-2.33.so
7f55bcf4f000-7f55bcf51000 r--p 00007000 08:11 527784                     /usr/lib/librt-2.33.so
7f55bcf51000-7f55bcf52000 r--p 00008000 08:11 527784                     /usr/lib/librt-2.33.so
7f55bcf52000-7f55bcf53000 rw-p 00009000 08:11 527784                     /usr/lib/librt-2.33.so
7f55bcf57000-7f55bcf5b000 ---p 00000000 00:00 0 
7f55bcf5b000-7f55bd058000 rw-p 00000000 00:00 0 
7f55bd058000-7f55bd05b000 r--p 00000000 08:11 528530                     /usr/lib/libgcc_s.so.1
7f55bd05b000-7f55bd06d000 r-xp 00003000 08:11 528530                     /usr/lib/libgcc_s.so.1
7f55bd06d000-7f55bd070000 r--p 00015000 08:11 528530                     /usr/lib/libgcc_s.so.1
7f55bd070000-7f55bd071000 ---p 00018000 08:11 528530                     /usr/lib/libgcc_s.so.1
7f55bd071000-7f55bd072000 r--p 00018000 08:11 528530                     /usr/lib/libgcc_s.so.1
7f55bd072000-7f55bd073000 rw-p 00019000 08:11 528530                     /usr/lib/libgcc_s.so.1
7f55bd078000-7f55bd087000 r--p 00000000 08:11 527748                     /usr/lib/libm-2.33.so
7f55bd087000-7f55bd121000 r-xp 0000f000 08:11 527748                     /usr/lib/libm-2.33.so
7f55bd121000-7f55bd1b9000 r--p 000a9000 08:11 527748                     /usr/lib/libm-2.33.so
7f55bd1b9000-7f55bd1ba000 ---p 00141000 08:11 527748                     /usr/lib/libm-2.33.so
7f55bd1ba000-7f55bd1bb000 r--p 00141000 08:11 527748                     /usr/lib/libm-2.33.so
7f55bd1bb000-7f55bd1bc000 rw-p 00142000 08:11 527748                     /usr/lib/libm-2.33.so
7f55bd1c0000-7f55bd259000 r--p 00000000 08:11 528560                     /usr/lib/libstdc++.so.6.0.29
7f55bd259000-7f55bd359000 r-xp 00099000 08:11 528560                     /usr/lib/libstdc++.so.6.0.29
7f55bd359000-7f55bd3c5000 r--p 00199000 08:11 528560                     /usr/lib/libstdc++.so.6.0.29
7f55bd3c5000-7f55bd3d2000 r--p 00204000 08:11 528560                     /usr/lib/libstdc++.so.6.0.29
7f55bd3d2000-7f55bd3d3000 rw-p 00211000 08:11 528560                     /usr/lib/libstdc++.so.6.0.29
7f55bd3d3000-7f55bd3d6000 rw-p 00000000 00:00 0 
7f55bd3d8000-7f55bd649000 r--p 00000000 08:11 828613                     /usr/lib/jvm/java-11-openjdk/lib/server/libjvm.so
7f55bd649000-7f55be23a000 r-xp 00271000 08:11 828613                     /usr/lib/jvm/java-11-openjdk/lib/server/libjvm.so
7f55be23a000-7f55be47e000 r--p 00e62000 08:11 828613                     /usr/lib/jvm/java-11-openjdk/lib/server/libjvm.so
7f55be47e000-7f55be47f000 ---p 010a6000 08:11 828613                     /usr/lib/jvm/java-11-openjdk/lib/server/libjvm.so
7f55be47f000-7f55be53d000 r--p 010a6000 08:11 828613                     /usr/lib/jvm/java-11-openjdk/lib/server/libjvm.so
7f55be53d000-7f55be576000 rw-p 01164000 08:11 828613                     /usr/lib/jvm/java-11-openjdk/lib/server/libjvm.so
7f55be576000-7f55be5cd000 rw-p 00000000 00:00 0 
7f55be5d0000-7f55be5d7000 r--p 00000000 08:11 527776                     /usr/lib/libpthread-2.33.so
7f55be5d7000-7f55be5e6000 r-xp 00007000 08:11 527776                     /usr/lib/libpthread-2.33.so
7f55be5e6000-7f55be5ea000 r--p 00016000 08:11 527776                     /usr/lib/libpthread-2.33.so
7f55be5ea000-7f55be5eb000 ---p 0001a000 08:11 527776                     /usr/lib/libpthread-2.33.so
7f55be5eb000-7f55be5ec000 r--p 0001a000 08:11 527776                     /usr/lib/libpthread-2.33.so
7f55be5ec000-7f55be5ed000 rw-p 0001b000 08:11 527776                     /usr/lib/libpthread-2.33.so
7f55be5ed000-7f55be5f1000 rw-p 00000000 00:00 0 
7f55be5f8000-7f55be5fa000 r--p 00000000 08:11 527742                     /usr/lib/libdl-2.33.so
7f55be5fa000-7f55be5fc000 r-xp 00002000 08:11 527742                     /usr/lib/libdl-2.33.so
7f55be5fc000-7f55be5fd000 r--p 00004000 08:11 527742                     /usr/lib/libdl-2.33.so
7f55be5fd000-7f55be5fe000 r--p 00004000 08:11 527742                     /usr/lib/libdl-2.33.so
7f55be5fe000-7f55be5ff000 rw-p 00005000 08:11 527742                     /usr/lib/libdl-2.33.so
7f55be600000-7f55be603000 r--p 00000000 08:11 537564                     /usr/lib/libz.so.1.2.11
7f55be603000-7f55be611000 r-xp 00003000 08:11 537564                     /usr/lib/libz.so.1.2.11
7f55be611000-7f55be617000 r--p 00011000 08:11 537564                     /usr/lib/libz.so.1.2.11
7f55be617000-7f55be618000 ---p 00017000 08:11 537564                     /usr/lib/libz.so.1.2.11
7f55be618000-7f55be619000 r--p 00017000 08:11 537564                     /usr/lib/libz.so.1.2.11
7f55be619000-7f55be61a000 rw-p 00018000 08:11 537564                     /usr/lib/libz.so.1.2.11
7f55be620000-7f55be646000 r--p 00000000 08:11 527735                     /usr/lib/libc-2.33.so
7f55be646000-7f55be791000 r-xp 00026000 08:11 527735                     /usr/lib/libc-2.33.so
7f55be791000-7f55be7dd000 r--p 00171000 08:11 527735                     /usr/lib/libc-2.33.so
7f55be7dd000-7f55be7e0000 r--p 001bc000 08:11 527735                     /usr/lib/libc-2.33.so
7f55be7e0000-7f55be7e3000 rw-p 001bf000 08:11 527735                     /usr/lib/libc-2.33.so
7f55be7e3000-7f55be7f1000 rw-p 00000000 00:00 0 
7f55be7f1000-7f55be7f8000 ---p 00000000 00:00 0 
7f55be7f8000-7f55be7fd000 r--p 00000000 08:11 828598                     /usr/lib/jvm/java-11-openjdk/lib/libverify.so
7f55be7fd000-7f55be804000 r-xp 00005000 08:11 828598                     /usr/lib/jvm/java-11-openjdk/lib/libverify.so
7f55be804000-7f55be806000 r--p 0000c000 08:11 828598                     /usr/lib/jvm/java-11-openjdk/lib/libverify.so
7f55be806000-7f55be807000 ---p 0000e000 08:11 828598                     /usr/lib/jvm/java-11-openjdk/lib/libverify.so
7f55be807000-7f55be809000 r--p 0000e000 08:11 828598                     /usr/lib/jvm/java-11-openjdk/lib/libverify.so
7f55be809000-7f55be80a000 rw-p 00010000 08:11 828598                     /usr/lib/jvm/java-11-openjdk/lib/libverify.so
7f55be80c000-7f55be810000 r-xp 00000000 00:00 0 
7f55be810000-7f55be813000 r--p 00000000 08:11 828538                     /usr/lib/jvm/java-11-openjdk/lib/jli/libjli.so
7f55be813000-7f55be81d000 r-xp 00003000 08:11 828538                     /usr/lib/jvm/java-11-openjdk/lib/jli/libjli.so
7f55be81d000-7f55be820000 r--p 0000d000 08:11 828538                     /usr/lib/jvm/java-11-openjdk/lib/jli/libjli.so
7f55be820000-7f55be821000 ---p 00010000 08:11 828538                     /usr/lib/jvm/java-11-openjdk/lib/jli/libjli.so
7f55be821000-7f55be822000 r--p 00010000 08:11 828538                     /usr/lib/jvm/java-11-openjdk/lib/jli/libjli.so
7f55be822000-7f55be823000 rw-p 00011000 08:11 828538                     /usr/lib/jvm/java-11-openjdk/lib/jli/libjli.so
7f55be823000-7f55be826000 r-xp 00000000 00:00 0 
7f55be826000-7f55be827000 ---p 00000000 00:00 0 
7f55be827000-7f55be828000 r--p 00000000 00:00 0 
7f55be828000-7f55be829000 r--p 00000000 08:11 527724                     /usr/lib/ld-2.33.so
7f55be829000-7f55be84d000 r-xp 00001000 08:11 527724                     /usr/lib/ld-2.33.so
7f55be84d000-7f55be856000 r--p 00025000 08:11 527724                     /usr/lib/ld-2.33.so
7f55be856000-7f55be858000 r--p 0002d000 08:11 527724                     /usr/lib/ld-2.33.so
7f55be858000-7f55be85a000 rw-p 0002f000 08:11 527724                     /usr/lib/ld-2.33.so
7f55be85a000-7f55be85e000 rw-p 00000000 00:00 0 
7ffe942ef000-7ffe94310000 rw-p 00000000 00:00 0                          [stack]
7ffe94398000-7ffe9439c000 r--p 00000000 00:00 0                          [vvar]
7ffe9439c000-7ffe9439e000 r-xp 00000000 00:00 0                          [vdso]
ffffffffff600000-ffffffffff601000 --xp 00000000 00:00 0                  [vsyscall]


VM Arguments:
jvm_args: -javaagent:/usr/share/idea/lib/idea_rt.jar=35439:/usr/share/idea/bin -Dfile.encoding=UTF-8 
java_command: myterraria.Main
java_class_path (initial): /home/user/Documents/JAVA PROJECTS/LwjglTest/out/production/LwjglTest:/home/user/Documents/JAVA PROJECTS/LwjglTest/libs/lwjgl-release-3.2.3-base/lwjgl-assimp-natives-linux.jar:/home/user/Documents/JAVA PROJECTS/LwjglTest/libs/lwjgl-release-3.2.3-base/lwjgl-assimp.jar:/home/user/Documents/JAVA PROJECTS/LwjglTest/libs/lwjgl-release-3.2.3-base/lwjgl-bgfx-natives-linux.jar:/home/user/Documents/JAVA PROJECTS/LwjglTest/libs/lwjgl-release-3.2.3-base/lwjgl-bgfx.jar:/home/user/Documents/JAVA PROJECTS/LwjglTest/libs/lwjgl-release-3.2.3-base/lwjgl-glfw-natives-linux.jar:/home/user/Documents/JAVA PROJECTS/LwjglTest/libs/lwjgl-release-3.2.3-base/lwjgl-glfw.jar:/home/user/Documents/JAVA PROJECTS/LwjglTest/libs/lwjgl-release-3.2.3-base/lwjgl-nanovg-natives-linux.jar:/home/user/Documents/JAVA PROJECTS/LwjglTest/libs/lwjgl-release-3.2.3-base/lwjgl-nanovg.jar:/home/user/Documents/JAVA PROJECTS/LwjglTest/libs/lwjgl-release-3.2.3-base/lwjgl-natives-linux.jar:/home/user/Documents/JAVA PROJECTS/LwjglTest/libs/lwjgl-release-3.2.3-base/lwjgl-nuklear-natives-linux.jar:/home/user/Documents/JAVA PROJECTS/LwjglTest/libs/lwjgl-release-3.2.3-base/lwjgl-nuklear.jar:/home/user/Documents/JAVA PROJECTS/LwjglTest/libs/lwjgl-release-3.2.3-base/lwjgl-openal-natives-linux.jar:/home/user/Documents/JAVA PROJECTS/LwjglTest/libs/lwjgl-release-3.2.3-base/lwjgl-openal.jar:/home/user/Documents/JAVA PROJECTS/LwjglTest/libs/lwjgl-release-3.2.3-base/lwjgl-opengl-natives-linux.jar:/home/user/Documents/JAVA PROJECTS/LwjglTest/libs/lwjgl-release-3.2.3-base/lwjgl-opengl.jar:/home/user/Documents/JAVA PROJECTS/LwjglTest/libs/lwjgl-release-3.2.3-base/lwjgl-par-natives-linux.jar:/home/user/Documents/JAVA PROJECTS/LwjglTest/libs/lwjgl-release-3.2.3-base/lwjgl-par.jar:/home/user/Documents/JAVA PROJECTS/LwjglTest/libs/lwjgl-release-3.2.3-base/lwjgl-stb-natives-linux.jar:/home/user/Documents/JAVA PROJECTS/LwjglTest/libs/lwjgl-release-3.2.3-base/lwjgl-stb.jar:/home/user/Documents/JAVA PROJECTS/Lwj
Launcher Type: SUN_STANDARD

[Global flags]
     intx CICompilerCount                          = 3                                         {product} {ergonomic}
     uint ConcGCThreads                            = 1                                         {product} {ergonomic}
     uint G1ConcRefinementThreads                  = 4                                         {product} {ergonomic}
   size_t G1HeapRegionSize                         = 1048576                                   {product} {ergonomic}
    uintx GCDrainStackTargetSize                   = 64                                        {product} {ergonomic}
   size_t InitialHeapSize                          = 130023424                                 {product} {ergonomic}
   size_t MarkStackSize                            = 4194304                                   {product} {ergonomic}
   size_t MaxHeapSize                              = 2071986176                                {product} {ergonomic}
   size_t MaxNewSize                               = 1242562560                                {product} {ergonomic}
   size_t MinHeapDeltaBytes                        = 1048576                                   {product} {ergonomic}
    uintx NonNMethodCodeHeapSize                   = 5830732                                {pd product} {ergonomic}
    uintx NonProfiledCodeHeapSize                  = 122913754                              {pd product} {ergonomic}
    uintx ProfiledCodeHeapSize                     = 122913754                              {pd product} {ergonomic}
    uintx ReservedCodeCacheSize                    = 251658240                              {pd product} {ergonomic}
     bool SegmentedCodeCache                       = true                                      {product} {ergonomic}
     bool UseCompressedClassPointers               = true                                 {lp64_product} {ergonomic}
     bool UseCompressedOops                        = true                                 {lp64_product} {ergonomic}
     bool UseG1GC                                  = true                                      {product} {ergonomic}

Logging:
Log output configuration:
 #0: stdout all=warning uptime,level,tags
 #1: stderr all=off uptime,level,tags

Environment Variables:
PATH=/usr/local/sbin:/usr/local/bin:/usr/bin:/usr/lib/jvm/default/bin:/usr/bin/site_perl:/usr/bin/vendor_perl:/usr/bin/core_perl
SHELL=/bin/bash
DISPLAY=:0
LANG=en_US.UTF-8

Signal Handlers:
SIGSEGV: [libjvm.so+0xdedcb0], sa_mask[0]=11111111011111111101111111111110, sa_flags=SA_RESTART|SA_SIGINFO
SIGBUS: [libjvm.so+0xdedcb0], sa_mask[0]=11111111011111111101111111111110, sa_flags=SA_RESTART|SA_SIGINFO
SIGFPE: [libjvm.so+0xdedcb0], sa_mask[0]=11111111011111111101111111111110, sa_flags=SA_RESTART|SA_SIGINFO
SIGPIPE: [libjvm.so+0xbe0810], sa_mask[0]=11111111011111111101111111111110, sa_flags=SA_RESTART|SA_SIGINFO
SIGXFSZ: [libjvm.so+0xbe0810], sa_mask[0]=11111111011111111101111111111110, sa_flags=SA_RESTART|SA_SIGINFO
SIGILL: [libjvm.so+0xdedcb0], sa_mask[0]=11111111011111111101111111111110, sa_flags=SA_RESTART|SA_SIGINFO
SIGUSR2: [libjvm.so+0xbe06a0], sa_mask[0]=00100000000000000000000000000000, sa_flags=SA_RESTART|SA_SIGINFO
SIGHUP: [libjvm.so+0xbe0c80], sa_mask[0]=11111111011111111101111111111110, sa_flags=SA_RESTART|SA_SIGINFO
SIGINT: [libjvm.so+0xbe0c80], sa_mask[0]=11111111011111111101111111111110, sa_flags=SA_RESTART|SA_SIGINFO
SIGTERM: [libjvm.so+0xbe0c80], sa_mask[0]=11111111011111111101111111111110, sa_flags=SA_RESTART|SA_SIGINFO
SIGQUIT: [libjvm.so+0xbe0c80], sa_mask[0]=11111111011111111101111111111110, sa_flags=SA_RESTART|SA_SIGINFO


---------------  S Y S T E M  ---------------

OS:NAME="Arch Linux"
PRETTY_NAME="Arch Linux"
ID=arch
BUILD_ID=rolling
ANSI_COLOR="38;2;23;147;209"
HOME_URL="https://archlinux.org/"
DOCUMENTATION_URL="https://wiki.archlinux.org/"
SUPPORT_URL="https://bbs.archlinux.org/"
BUG_REPORT_URL="https://bugs.archlinux.org/"
LOGO=archlinux
uname:Linux 5.12.14-arch1-1 #1 SMP PREEMPT Thu, 01 Jul 2021 07:26:06 +0000 x86_64
OS uptime: 2 days 14:53 hours
libc:glibc 2.33 NPTL 2.33 
rlimit (soft/hard): STACK 8192k/infinity , CORE infinity/infinity , NPROC 31494/31494 , NOFILE 524288/524288 , AS infinity/infinity , CPU infinity/infinity , DATA infinity/infinity , FSIZE infinity/infinity , MEMLOCK 64k/64k
load average:2.38 2.07 1.50

/proc/meminfo:
MemTotal:        8086932 kB
MemFree:          696192 kB
MemAvailable:    3268508 kB
Buffers:          235768 kB
Cached:          2722488 kB
SwapCached:            0 kB
Active:          1301876 kB
Inactive:        5551596 kB
Active(anon):      13428 kB
Inactive(anon):  4117460 kB
Active(file):    1288448 kB
Inactive(file):  1434136 kB
Unevictable:           0 kB
Mlocked:               0 kB
SwapTotal:             0 kB
SwapFree:              0 kB
Dirty:              2988 kB
Writeback:             0 kB
AnonPages:       3895488 kB
Mapped:          1153636 kB
Shmem:            238264 kB
KReclaimable:     137072 kB
Slab:             238644 kB
SReclaimable:     137072 kB
SUnreclaim:       101572 kB
KernelStack:        9280 kB
PageTables:        35312 kB
NFS_Unstable:          0 kB
Bounce:                0 kB
WritebackTmp:          0 kB
CommitLimit:     4043464 kB
Committed_AS:   11291004 kB
VmallocTotal:   34359738367 kB
VmallocUsed:       58908 kB
VmallocChunk:          0 kB
Percpu:             2272 kB
HardwareCorrupted:     0 kB
AnonHugePages:         0 kB
ShmemHugePages:        0 kB
ShmemPmdMapped:        0 kB
FileHugePages:         0 kB
FilePmdMapped:         0 kB
CmaTotal:              0 kB
CmaFree:               0 kB
HugePages_Total:       0
HugePages_Free:        0
HugePages_Rsvd:        0
HugePages_Surp:        0
Hugepagesize:       2048 kB
Hugetlb:               0 kB
DirectMap4k:      572616 kB
DirectMap2M:     7757824 kB
DirectMap1G:     1048576 kB

/sys/kernel/mm/transparent_hugepage/enabled:
always [madvise] never
/sys/kernel/mm/transparent_hugepage/defrag (defrag/compaction efforts parameter):
always defer defer+madvise [madvise] never

Process Memory:
Virtual Size: 5289504K (peak: 5289504K)
Resident Set Size: 236228K (peak: 236232K) (anon: 183056K, file: 52204K, shmem: 968K)
Swapped out: 0K
C-Heap outstanding allocations: 41005K

/proc/sys/kernel/threads-max (system-wide limit on the number of threads):
62989
/proc/sys/vm/max_map_count (maximum number of memory map areas a process may have):
65530
/proc/sys/kernel/pid_max (system-wide limit on number of process identifiers):
4194304

Steal ticks since vm start: 0
Steal ticks percentage since vm start:  0.000

CPU:total 4 (initial active 4) (4 cores per cpu, 1 threads per core) family 21 model 48 stepping 1 microcode 0x6003106, cmov, cx8, fxsr, mmx, sse, sse2, sse3, ssse3, sse4.1, sse4.2, popcnt, avx, aes, clmul, mmxext, 3dnowpref, lzcnt, sse4a, tsc, tscinvbit, tscinv, bmi1, fma
CPU Model and flags from /proc/cpuinfo:
model name	: AMD Athlon(tm) X4 840 Quad Core Processor
flags		: fpu vme de pse tsc msr pae mce cx8 apic sep mtrr pge mca cmov pat pse36 clflush mmx fxsr sse sse2 ht syscall nx mmxext fxsr_opt pdpe1gb rdtscp lm constant_tsc rep_good nopl nonstop_tsc cpuid extd_apicid aperfmperf pni pclmulqdq monitor ssse3 fma cx16 sse4_1 sse4_2 popcnt aes xsave avx f16c lahf_lm cmp_legacy svm extapic cr8_legacy abm sse4a misalignsse 3dnowprefetch osvw ibs xop skinit wdt lwp fma4 tce nodeid_msr tbm topoext perfctr_core perfctr_nb bpext ptsc cpb hw_pstate ssbd vmmcall fsgsbase bmi1 xsaveopt arat npt lbrv svm_lock nrip_save tsc_scale vmcb_clean flushbyasid decodeassists pausefilter pfthreshold overflow_recov
Online cpus:
0-3
Offline cpus:

BIOS frequency limitation:
3100000
Frequency switch latency (ns):
4000
Available cpu frequencies:
3100000 2800000 2400000 1900000 1400000 
Current governor:
schedutil
Core performance/turbo boost:
1

Memory: 4k page, physical 8086932k(695908k free), swap 0k(0k free)

vm_info: OpenJDK 64-Bit Server VM (11.0.11+9) for linux-amd64 JRE (11.0.11+9), built on Apr 24 2021 01:58:48 by "builduser" with gcc 10.2.0

END.
