#
# A fatal error has been detected by the Java Runtime Environment:
#
#  SIGSEGV (0xb) at pc=0x0000000040481ea7, pid=40254, tid=40256
#
# JRE version: OpenJDK Runtime Environment (11.0.11+9) (build 11.0.11+9)
# Java VM: OpenJDK 64-Bit Server VM (11.0.11+9, mixed mode, tiered, compressed oops, g1 gc, linux-amd64)
# Problematic frame:
# C  0x0000000040481ea7
#
# Core dump will be written. Default location: Core dumps may be processed with "/usr/lib/systemd/systemd-coredump %P %u %g %s %t %c %h" (or dumping to /home/user/Documents/JAVA PROJECTS/LwjglTest/assets/core.40254)
#
# If you would like to submit a bug report, please visit:
#   https://bugreport.java.com/bugreport/crash.jsp
# The crash happened outside the Java Virtual Machine in native code.
# See problematic frame for where to report the bug.
#

---------------  S U M M A R Y ------------

Command Line: -javaagent:/usr/share/idea/lib/idea_rt.jar=36195:/usr/share/idea/bin -Dfile.encoding=UTF-8 myterraria.Main

Host: AMD Athlon(tm) X4 840 Quad Core Processor, 4 cores, 7G, Arch Linux
Time: Thu Jul  8 20:23:48 2021 MSK elapsed time: 2.254218 seconds (0d 0h 0m 2s)

---------------  T H R E A D  ---------------

Current thread (0x00007fcb7c018000):  JavaThread "main" [_thread_in_native, id=40256, stack(0x00007fcb83157000,0x00007fcb83258000)]

Stack: [0x00007fcb83157000,0x00007fcb83258000],  sp=0x00007fcb832561b8,  free space=1020k
Native frames: (J=compiled Java code, A=aot compiled Java code, j=interpreted, Vv=VM code, C=native code)
C  0x0000000040481ea7

Java frames: (J=compiled Java code, j=interpreted, Vv=VM code)
j  org.lwjgl.opengl.GL11C.nglDrawElements(IIIJ)V+0
j  org.lwjgl.opengl.GL11C.glDrawElements(IIIJ)V+4
j  org.lwjgl.opengl.GL11.glDrawElements(IIIJ)V+4
j  engine.graphics.OldSpriteBatch.draw(Lengine/graphics/TextureRegion;FFFF)V+133
j  engine.tiledmap.TMLayer.draw(Lengine/tiledmap/TileManager;Lengine/graphics/OldSpriteBatch;Lengine/graphics/OrthographicCamera;)V+229
j  engine.tiledmap.TiledMap.draw(Lengine/tiledmap/TileManager;Lengine/graphics/OldSpriteBatch;Lengine/graphics/OrthographicCamera;)V+41
j  myterraria.TileMapTest.render()V+46
j  myterraria.Main.main([Ljava/lang/String;)V+146
v  ~StubRoutines::call_stub

siginfo: si_signo: 11 (SIGSEGV), si_code: 1 (SEGV_MAPERR), si_addr: 0x0000000000000000

Register to memory mapping:

RAX=0x00007fcb1981c3cc points into unknown readable memory: 00 00 00 00
RBX=0x0000000040e8c000 points into unknown readable memory: 0x00007fcb7c5d73e0 | e0 73 5d 7c cb 7f 00 00
RCX=0x0000000000000004 is an unknown value
RDX=0x0 is NULL
RSP=0x00007fcb832561b8 is pointing into the stack for thread: 0x00007fcb7c018000
RBP=0x0000000000000010 is an unknown value
RSI=0x00007fcb1981c3cc points into unknown readable memory: 00 00 00 00
RDI=0x0000000040e8c000 points into unknown readable memory: 0x00007fcb7c5d73e0 | e0 73 5d 7c cb 7f 00 00
R8 =0x0 is NULL
R9 =0x0 is NULL
R10=0x0000000000000001 is an unknown value
R11=0x0000000000000010 is an unknown value
R12=0x00007fcb7c8a86c0 points into unknown readable memory: 0x0000140400000009 | 09 00 00 00 04 14 00 00
R13=0x0 is NULL
R14=0x0000000000000004 is an unknown value
R15=0x0 is NULL


Registers:
RAX=0x00007fcb1981c3cc, RBX=0x0000000040e8c000, RCX=0x0000000000000004, RDX=0x0000000000000000
RSP=0x00007fcb832561b8, RBP=0x0000000000000010, RSI=0x00007fcb1981c3cc, RDI=0x0000000040e8c000
R8 =0x0000000000000000, R9 =0x0000000000000000, R10=0x0000000000000001, R11=0x0000000000000010
R12=0x00007fcb7c8a86c0, R13=0x0000000000000000, R14=0x0000000000000004, R15=0x0000000000000000
RIP=0x0000000040481ea7, EFLAGS=0x0000000000010206, CSGSFS=0x002b000000000033, ERR=0x0000000000000004
  TRAPNO=0x000000000000000e

Top of Stack: (sp=0x00007fcb832561b8)
0x00007fcb832561b8:   00007fcb1aff6129 0000000483256210
0x00007fcb832561c8:   0000000000000000 0000000000000000
0x00007fcb832561d8:   0000000040e8c000 0000000000000004
0x00007fcb832561e8:   0000000040481e80 00007fcb7c8af4a8 

Instructions: (pc=0x0000000040481ea7)
0x0000000040481da7:   00 00 00 00 00 00 00 00 00 00 00 00 00 00 00 00
0x0000000040481db7:   00 00 00 00 00 00 00 00 00 00 00 00 00 00 00 00
0x0000000040481dc7:   00 00 00 00 00 00 00 00 00 00 00 00 00 00 00 00
0x0000000040481dd7:   00 00 00 00 00 00 00 00 00 00 00 00 00 00 00 00
0x0000000040481de7:   00 00 00 00 00 00 00 00 00 00 00 00 00 00 00 00
0x0000000040481df7:   00 00 00 00 00 00 00 00 00 00 00 00 00 00 00 00
0x0000000040481e07:   00 00 00 00 00 00 00 00 00 00 00 00 00 00 00 00
0x0000000040481e17:   00 00 00 00 00 00 00 00 00 00 00 00 00 00 00 00
0x0000000040481e27:   00 00 00 00 00 00 00 00 00 00 00 00 00 00 00 00
0x0000000040481e37:   00 00 00 00 00 00 00 00 00 00 00 00 00 00 00 00
0x0000000040481e47:   00 00 00 00 00 00 00 00 00 00 00 00 00 00 00 00
0x0000000040481e57:   00 00 00 00 00 00 00 00 00 00 00 00 00 00 00 00
0x0000000040481e67:   00 00 00 00 00 00 00 00 00 00 00 00 00 00 00 00
0x0000000040481e77:   00 40 ff ff ff 40 1e 00 00 48 89 6c 24 f8 48 89
0x0000000040481e87:   5c 24 f0 48 89 74 24 e8 48 89 7c 24 e0 48 8b df
0x0000000040481e97:   48 8b c6 48 8b e9 48 8b d2 48 8d 2c aa 4c 8b dd
0x0000000040481ea7:   8b 0a 49 ba c0 9e f0 40 00 00 00 00 41 03 0a 48
0x0000000040481eb7:   83 c2 04 48 be 38 3c ee 40 00 00 00 00 48 8b 36
0x0000000040481ec7:   48 8b b6 08 03 00 00 48 8b f9 48 c1 e7 04 48 03
0x0000000040481ed7:   f7 8b 3e 8b 6e 04 89 38 89 68 04 8b 7e 08 8b 6e
0x0000000040481ee7:   0c 89 78 08 89 68 0c 48 83 c0 10 49 3b d3 75 b0
0x0000000040481ef7:   48 8b 7c 24 e0 48 8b 74 24 e8 48 8b 5c 24 f0 48
0x0000000040481f07:   8b 6c 24 f8 c3 00 00 00 00 00 00 00 00 00 00 00
0x0000000040481f17:   00 00 00 00 00 00 00 00 00 00 00 00 00 00 00 00
0x0000000040481f27:   00 00 00 00 00 00 00 00 00 00 00 00 00 00 00 00
0x0000000040481f37:   00 80 ff ff ff c0 00 00 00 55 48 8b ec 53 56 57
0x0000000040481f47:   4c 8b c2 4c 8b de 4c 8b d7 49 8b f2 49 8b fb 41
0x0000000040481f57:   8b e8 85 ed 0f 84 30 00 00 00 b9 04 00 00 00 0f
0x0000000040481f67:   8f 05 00 00 00 48 f7 d9 f7 dd 8b 1e 48 03 f1 48
0x0000000040481f77:   83 c7 04 8b c3 81 e3 ff ff ff 00 81 e0 00 00 00
0x0000000040481f87:   ff 0b d8 ff cd 89 5f fc 75 e0 5f 5e 5b 5d c3 00
0x0000000040481f97:   00 00 00 00 00 00 00 00 00 00 00 00 00 00 00 00 


Stack slot to memory mapping:
stack at sp + 0 slots: 0x00007fcb1aff6129: <offset 0x0000000000f4e129> in /usr/lib/libnvidia-glcore.so.465.31 at 0x00007fcb1a0a8000
stack at sp + 1 slots: 0x0000000483256210 is an unknown value
stack at sp + 2 slots: 0x0 is NULL
stack at sp + 3 slots: 0x0 is NULL
stack at sp + 4 slots: 0x0000000040e8c000 points into unknown readable memory: 0x00007fcb7c5d73e0 | e0 73 5d 7c cb 7f 00 00
stack at sp + 5 slots: 0x0000000000000004 is an unknown value
stack at sp + 6 slots: 0x0000000040481e80 points into unknown readable memory: 0x5c8948f8246c8948 | 48 89 6c 24 f8 48 89 5c
stack at sp + 7 slots: 0x00007fcb7c8af4a8 points into unknown readable memory: 0x00007fcb7ffa5310 | 10 53 fa 7f cb 7f 00 00


---------------  P R O C E S S  ---------------

Threads class SMR info:
_java_thread_list=0x00007fcb140aad80, length=13, elements={
0x00007fcb7c018000, 0x00007fcb7c1ac000, 0x00007fcb7c1b0000, 0x00007fcb7c1c5000,
0x00007fcb7c1c7000, 0x00007fcb7c1c9000, 0x00007fcb7c1cb000, 0x00007fcb7c1cd000,
0x00007fcb7c258800, 0x00007fcb7c3ea800, 0x00007fcb34001000, 0x00007fcb7cc2d000,
0x00007fcb7f175800
}

Java Threads: ( => current thread )
=>0x00007fcb7c018000 JavaThread "main" [_thread_in_native, id=40256, stack(0x00007fcb83157000,0x00007fcb83258000)]
  0x00007fcb7c1ac000 JavaThread "Reference Handler" daemon [_thread_blocked, id=40268, stack(0x00007fcb80b23000,0x00007fcb80c24000)]
  0x00007fcb7c1b0000 JavaThread "Finalizer" daemon [_thread_blocked, id=40269, stack(0x00007fcb80a22000,0x00007fcb80b23000)]
  0x00007fcb7c1c5000 JavaThread "Signal Dispatcher" daemon [_thread_blocked, id=40273, stack(0x00007fcb80637000,0x00007fcb80738000)]
  0x00007fcb7c1c7000 JavaThread "Service Thread" daemon [_thread_blocked, id=40274, stack(0x00007fcb80536000,0x00007fcb80637000)]
  0x00007fcb7c1c9000 JavaThread "C2 CompilerThread0" daemon [_thread_in_native, id=40275, stack(0x00007fcb80435000,0x00007fcb80536000)]
  0x00007fcb7c1cb000 JavaThread "C1 CompilerThread0" daemon [_thread_blocked, id=40276, stack(0x00007fcb80334000,0x00007fcb80435000)]
  0x00007fcb7c1cd000 JavaThread "Sweeper thread" daemon [_thread_blocked, id=40277, stack(0x00007fcb80233000,0x00007fcb80334000)]
  0x00007fcb7c258800 JavaThread "Common-Cleaner" daemon [_thread_blocked, id=40285, stack(0x00007fcb80132000,0x00007fcb80233000)]
  0x00007fcb7c3ea800 JavaThread "Monitor Ctrl-Break" daemon [_thread_in_native, id=40286, stack(0x00007fcb64777000,0x00007fcb64878000)]
  0x00007fcb34001000 JavaThread "Attach Listener" daemon [_thread_blocked, id=40293, stack(0x00007fcb54d4c000,0x00007fcb54e4d000)]
  0x00007fcb7cc2d000 JavaThread "Thread-0" [_thread_in_Java, id=40298, stack(0x00007fcb54c4b000,0x00007fcb54d4c000)]
  0x00007fcb7f175800 JavaThread "Java2D Disposer" daemon [_thread_blocked, id=40299, stack(0x00007fcb547e7000,0x00007fcb548e8000)]

Other Threads:
  0x00007fcb7c1a4000 VMThread "VM Thread" [stack: 0x00007fcb80c26000,0x00007fcb80d26000] [id=40267]
  0x00007fcb7c3ec000 WatcherThread [stack: 0x00007fcb64677000,0x00007fcb64777000] [id=40287]
  0x00007fcb7c02f000 GCTaskThread "GC Thread#0" [stack: 0x00007fcb82dea000,0x00007fcb82eea000] [id=40257]
  0x00007fcb48001000 GCTaskThread "GC Thread#1" [stack: 0x00007fcb5504f000,0x00007fcb5514f000] [id=40291]
  0x00007fcb48003800 GCTaskThread "GC Thread#2" [stack: 0x00007fcb544e7000,0x00007fcb545e7000] [id=40300]
  0x00007fcb48005000 GCTaskThread "GC Thread#3" [stack: 0x00007fcb543e5000,0x00007fcb544e5000] [id=40301]
  0x00007fcb7c060800 ConcurrentGCThread "G1 Main Marker" [stack: 0x00007fcb81d0e000,0x00007fcb81e0e000] [id=40258]
  0x00007fcb7c062800 ConcurrentGCThread "G1 Conc#0" [stack: 0x00007fcb81c0c000,0x00007fcb81d0c000] [id=40259]
  0x00007fcb7c0da800 ConcurrentGCThread "G1 Refine#0" [stack: 0x00007fcb81706000,0x00007fcb81806000] [id=40260]
  0x00007fcb7c0dc800 ConcurrentGCThread "G1 Young RemSet Sampling" [stack: 0x00007fcb81604000,0x00007fcb81704000] [id=40261]

Threads with active compile tasks:
C2 CompilerThread0   2264 1205 %     4       myterraria.WorldGenerator$1::run @ 551 (2647 bytes)

VM state:not at safepoint (normal execution)

VM Mutex/Monitor currently owned by a thread: None

Heap address: 0x0000000084800000, size: 1976 MB, Compressed Oops mode: 32-bit
Narrow klass base: 0x0000000000000000, Narrow klass shift: 3
Compressed class space size: 1073741824 Address: 0x0000000100000000

Heap:
 garbage-first heap   total 126976K, used 54364K [0x0000000084800000, 0x0000000100000000)
  region size 1024K, 33 young (33792K), 1 survivors (1024K)
 Metaspace       used 15780K, capacity 16087K, committed 16256K, reserved 1064960K
  class space    used 1248K, capacity 1374K, committed 1408K, reserved 1048576K
Heap Regions: E=young(eden), S=young(survivor), O=old, HS=humongous(starts), HC=humongous(continues), CS=collection set, F=free, A=archive, TAMS=top-at-mark-start (previous, next)
|   0|0x0000000084800000, 0x0000000084900000, 0x0000000084900000|100%| O|  |TAMS 0x0000000084800000, 0x0000000084800000| Untracked 
|   1|0x0000000084900000, 0x0000000084a00000, 0x0000000084a00000|100%| O|  |TAMS 0x0000000084900000, 0x0000000084900000| Untracked 
|   2|0x0000000084a00000, 0x0000000084b00000, 0x0000000084b00000|100%| O|  |TAMS 0x0000000084a00000, 0x0000000084a00000| Untracked 
|   3|0x0000000084b00000, 0x0000000084c00000, 0x0000000084c00000|100%| O|  |TAMS 0x0000000084b00000, 0x0000000084b00000| Untracked 
|   4|0x0000000084c00000, 0x0000000084d00000, 0x0000000084d00000|100%| O|  |TAMS 0x0000000084c00000, 0x0000000084c00000| Untracked 
|   5|0x0000000084d00000, 0x0000000084e00000, 0x0000000084e00000|100%| O|  |TAMS 0x0000000084d00000, 0x0000000084d00000| Untracked 
|   6|0x0000000084e00000, 0x0000000084f00000, 0x0000000084f00000|100%| O|  |TAMS 0x0000000084e00000, 0x0000000084e00000| Untracked 
|   7|0x0000000084f00000, 0x0000000085000000, 0x0000000085000000|100%| O|  |TAMS 0x0000000084f00000, 0x0000000084f00000| Untracked 
|   8|0x0000000085000000, 0x0000000085100000, 0x0000000085100000|100%| O|  |TAMS 0x0000000085000000, 0x0000000085000000| Untracked 
|   9|0x0000000085100000, 0x0000000085200000, 0x0000000085200000|100%| O|  |TAMS 0x0000000085100000, 0x0000000085100000| Untracked 
|  10|0x0000000085200000, 0x0000000085300000, 0x0000000085300000|100%| O|  |TAMS 0x0000000085200000, 0x0000000085200000| Untracked 
|  11|0x0000000085300000, 0x0000000085400000, 0x0000000085400000|100%| O|  |TAMS 0x0000000085300000, 0x0000000085300000| Untracked 
|  12|0x0000000085400000, 0x0000000085500000, 0x0000000085500000|100%| O|  |TAMS 0x0000000085400000, 0x0000000085400000| Untracked 
|  13|0x0000000085500000, 0x0000000085600000, 0x0000000085600000|100%| O|  |TAMS 0x0000000085500000, 0x0000000085500000| Untracked 
|  14|0x0000000085600000, 0x0000000085700000, 0x0000000085700000|100%| O|  |TAMS 0x0000000085600000, 0x0000000085600000| Untracked 
|  15|0x0000000085700000, 0x0000000085800000, 0x0000000085800000|100%| O|  |TAMS 0x0000000085700000, 0x0000000085700000| Untracked 
|  16|0x0000000085800000, 0x0000000085900000, 0x0000000085900000|100%| O|  |TAMS 0x0000000085800000, 0x0000000085800000| Untracked 
|  17|0x0000000085900000, 0x0000000085a00000, 0x0000000085a00000|100%| O|  |TAMS 0x0000000085900000, 0x0000000085900000| Untracked 
|  18|0x0000000085a00000, 0x0000000085b00000, 0x0000000085b00000|100%| O|  |TAMS 0x0000000085a00000, 0x0000000085a00000| Untracked 
|  19|0x0000000085b00000, 0x0000000085c00000, 0x0000000085c00000|100%| O|  |TAMS 0x0000000085b00000, 0x0000000085b00000| Untracked 
|  20|0x0000000085c00000, 0x0000000085d00000, 0x0000000085d00000|100%| O|  |TAMS 0x0000000085c00000, 0x0000000085c00000| Untracked 
|  21|0x0000000085d00000, 0x0000000085e00000, 0x0000000085e00000|100%| O|  |TAMS 0x0000000085d00000, 0x0000000085d00000| Untracked 
|  22|0x0000000085e00000, 0x0000000085e00000, 0x0000000085f00000|  0%| F|  |TAMS 0x0000000085e00000, 0x0000000085e00000| Untracked 
|  23|0x0000000085f00000, 0x0000000085f00000, 0x0000000086000000|  0%| F|  |TAMS 0x0000000085f00000, 0x0000000085f00000| Untracked 
|  24|0x0000000086000000, 0x0000000086000000, 0x0000000086100000|  0%| F|  |TAMS 0x0000000086000000, 0x0000000086000000| Untracked 
|  25|0x0000000086100000, 0x0000000086100000, 0x0000000086200000|  0%| F|  |TAMS 0x0000000086100000, 0x0000000086100000| Untracked 
|  26|0x0000000086200000, 0x0000000086200000, 0x0000000086300000|  0%| F|  |TAMS 0x0000000086200000, 0x0000000086200000| Untracked 
|  27|0x0000000086300000, 0x0000000086300000, 0x0000000086400000|  0%| F|  |TAMS 0x0000000086300000, 0x0000000086300000| Untracked 
|  28|0x0000000086400000, 0x0000000086400000, 0x0000000086500000|  0%| F|  |TAMS 0x0000000086400000, 0x0000000086400000| Untracked 
|  29|0x0000000086500000, 0x0000000086500000, 0x0000000086600000|  0%| F|  |TAMS 0x0000000086500000, 0x0000000086500000| Untracked 
|  30|0x0000000086600000, 0x0000000086600000, 0x0000000086700000|  0%| F|  |TAMS 0x0000000086600000, 0x0000000086600000| Untracked 
|  31|0x0000000086700000, 0x0000000086700000, 0x0000000086800000|  0%| F|  |TAMS 0x0000000086700000, 0x0000000086700000| Untracked 
|  32|0x0000000086800000, 0x0000000086800000, 0x0000000086900000|  0%| F|  |TAMS 0x0000000086800000, 0x0000000086800000| Untracked 
|  33|0x0000000086900000, 0x0000000086900000, 0x0000000086a00000|  0%| F|  |TAMS 0x0000000086900000, 0x0000000086900000| Untracked 
|  34|0x0000000086a00000, 0x0000000086a00000, 0x0000000086b00000|  0%| F|  |TAMS 0x0000000086a00000, 0x0000000086a00000| Untracked 
|  35|0x0000000086b00000, 0x0000000086b00000, 0x0000000086c00000|  0%| F|  |TAMS 0x0000000086b00000, 0x0000000086b00000| Untracked 
|  36|0x0000000086c00000, 0x0000000086c00000, 0x0000000086d00000|  0%| F|  |TAMS 0x0000000086c00000, 0x0000000086c00000| Untracked 
|  37|0x0000000086d00000, 0x0000000086d00000, 0x0000000086e00000|  0%| F|  |TAMS 0x0000000086d00000, 0x0000000086d00000| Untracked 
|  38|0x0000000086e00000, 0x0000000086e00000, 0x0000000086f00000|  0%| F|  |TAMS 0x0000000086e00000, 0x0000000086e00000| Untracked 
|  39|0x0000000086f00000, 0x0000000086f00000, 0x0000000087000000|  0%| F|  |TAMS 0x0000000086f00000, 0x0000000086f00000| Untracked 
|  40|0x0000000087000000, 0x0000000087000000, 0x0000000087100000|  0%| F|  |TAMS 0x0000000087000000, 0x0000000087000000| Untracked 
|  41|0x0000000087100000, 0x0000000087100000, 0x0000000087200000|  0%| F|  |TAMS 0x0000000087100000, 0x0000000087100000| Untracked 
|  42|0x0000000087200000, 0x0000000087200000, 0x0000000087300000|  0%| F|  |TAMS 0x0000000087200000, 0x0000000087200000| Untracked 
|  43|0x0000000087300000, 0x0000000087300000, 0x0000000087400000|  0%| F|  |TAMS 0x0000000087300000, 0x0000000087300000| Untracked 
|  44|0x0000000087400000, 0x0000000087400000, 0x0000000087500000|  0%| F|  |TAMS 0x0000000087400000, 0x0000000087400000| Untracked 
|  45|0x0000000087500000, 0x0000000087500000, 0x0000000087600000|  0%| F|  |TAMS 0x0000000087500000, 0x0000000087500000| Untracked 
|  46|0x0000000087600000, 0x0000000087600000, 0x0000000087700000|  0%| F|  |TAMS 0x0000000087600000, 0x0000000087600000| Untracked 
|  47|0x0000000087700000, 0x0000000087700000, 0x0000000087800000|  0%| F|  |TAMS 0x0000000087700000, 0x0000000087700000| Untracked 
|  48|0x0000000087800000, 0x0000000087800000, 0x0000000087900000|  0%| F|  |TAMS 0x0000000087800000, 0x0000000087800000| Untracked 
|  49|0x0000000087900000, 0x0000000087900000, 0x0000000087a00000|  0%| F|  |TAMS 0x0000000087900000, 0x0000000087900000| Untracked 
|  50|0x0000000087a00000, 0x0000000087a00000, 0x0000000087b00000|  0%| F|  |TAMS 0x0000000087a00000, 0x0000000087a00000| Untracked 
|  51|0x0000000087b00000, 0x0000000087b00000, 0x0000000087c00000|  0%| F|  |TAMS 0x0000000087b00000, 0x0000000087b00000| Untracked 
|  52|0x0000000087c00000, 0x0000000087c00000, 0x0000000087d00000|  0%| F|  |TAMS 0x0000000087c00000, 0x0000000087c00000| Untracked 
|  53|0x0000000087d00000, 0x0000000087d00000, 0x0000000087e00000|  0%| F|  |TAMS 0x0000000087d00000, 0x0000000087d00000| Untracked 
|  54|0x0000000087e00000, 0x0000000087e00000, 0x0000000087f00000|  0%| F|  |TAMS 0x0000000087e00000, 0x0000000087e00000| Untracked 
|  55|0x0000000087f00000, 0x0000000087f00000, 0x0000000088000000|  0%| F|  |TAMS 0x0000000087f00000, 0x0000000087f00000| Untracked 
|  56|0x0000000088000000, 0x0000000088000000, 0x0000000088100000|  0%| F|  |TAMS 0x0000000088000000, 0x0000000088000000| Untracked 
|  57|0x0000000088100000, 0x0000000088100000, 0x0000000088200000|  0%| F|  |TAMS 0x0000000088100000, 0x0000000088100000| Untracked 
|  58|0x0000000088200000, 0x0000000088217368, 0x0000000088300000|  9%| S|CS|TAMS 0x0000000088200000, 0x0000000088200000| Complete 
|  59|0x0000000088300000, 0x0000000088300000, 0x0000000088400000|  0%| F|  |TAMS 0x0000000088300000, 0x0000000088300000| Untracked 
|  60|0x0000000088400000, 0x0000000088400000, 0x0000000088500000|  0%| F|  |TAMS 0x0000000088400000, 0x0000000088400000| Untracked 
|  61|0x0000000088500000, 0x0000000088500000, 0x0000000088600000|  0%| F|  |TAMS 0x0000000088500000, 0x0000000088500000| Untracked 
|  62|0x0000000088600000, 0x0000000088600000, 0x0000000088700000|  0%| F|  |TAMS 0x0000000088600000, 0x0000000088600000| Untracked 
|  63|0x0000000088700000, 0x0000000088700000, 0x0000000088800000|  0%| F|  |TAMS 0x0000000088700000, 0x0000000088700000| Untracked 
|  64|0x0000000088800000, 0x0000000088800000, 0x0000000088900000|  0%| F|  |TAMS 0x0000000088800000, 0x0000000088800000| Untracked 
|  65|0x0000000088900000, 0x0000000088900000, 0x0000000088a00000|  0%| F|  |TAMS 0x0000000088900000, 0x0000000088900000| Untracked 
|  66|0x0000000088a00000, 0x0000000088a00000, 0x0000000088b00000|  0%| F|  |TAMS 0x0000000088a00000, 0x0000000088a00000| Untracked 
|  67|0x0000000088b00000, 0x0000000088b00000, 0x0000000088c00000|  0%| F|  |TAMS 0x0000000088b00000, 0x0000000088b00000| Untracked 
|  68|0x0000000088c00000, 0x0000000088c00000, 0x0000000088d00000|  0%| F|  |TAMS 0x0000000088c00000, 0x0000000088c00000| Untracked 
|  69|0x0000000088d00000, 0x0000000088d00000, 0x0000000088e00000|  0%| F|  |TAMS 0x0000000088d00000, 0x0000000088d00000| Untracked 
|  70|0x0000000088e00000, 0x0000000088e00000, 0x0000000088f00000|  0%| F|  |TAMS 0x0000000088e00000, 0x0000000088e00000| Untracked 
|  71|0x0000000088f00000, 0x0000000088f00000, 0x0000000089000000|  0%| F|  |TAMS 0x0000000088f00000, 0x0000000088f00000| Untracked 
|  72|0x0000000089000000, 0x0000000089000000, 0x0000000089100000|  0%| F|  |TAMS 0x0000000089000000, 0x0000000089000000| Untracked 
|  73|0x0000000089100000, 0x0000000089100000, 0x0000000089200000|  0%| F|  |TAMS 0x0000000089100000, 0x0000000089100000| Untracked 
|  74|0x0000000089200000, 0x0000000089200000, 0x0000000089300000|  0%| F|  |TAMS 0x0000000089200000, 0x0000000089200000| Untracked 
|  75|0x0000000089300000, 0x0000000089300000, 0x0000000089400000|  0%| F|  |TAMS 0x0000000089300000, 0x0000000089300000| Untracked 
|  76|0x0000000089400000, 0x0000000089400000, 0x0000000089500000|  0%| F|  |TAMS 0x0000000089400000, 0x0000000089400000| Untracked 
|  77|0x0000000089500000, 0x0000000089500000, 0x0000000089600000|  0%| F|  |TAMS 0x0000000089500000, 0x0000000089500000| Untracked 
|  78|0x0000000089600000, 0x0000000089600000, 0x0000000089700000|  0%| F|  |TAMS 0x0000000089600000, 0x0000000089600000| Untracked 
|  79|0x0000000089700000, 0x0000000089700000, 0x0000000089800000|  0%| F|  |TAMS 0x0000000089700000, 0x0000000089700000| Untracked 
|  80|0x0000000089800000, 0x0000000089800000, 0x0000000089900000|  0%| F|  |TAMS 0x0000000089800000, 0x0000000089800000| Untracked 
|  81|0x0000000089900000, 0x0000000089900000, 0x0000000089a00000|  0%| F|  |TAMS 0x0000000089900000, 0x0000000089900000| Untracked 
|  82|0x0000000089a00000, 0x0000000089a00000, 0x0000000089b00000|  0%| F|  |TAMS 0x0000000089a00000, 0x0000000089a00000| Untracked 
|  83|0x0000000089b00000, 0x0000000089b00000, 0x0000000089c00000|  0%| F|  |TAMS 0x0000000089b00000, 0x0000000089b00000| Untracked 
|  84|0x0000000089c00000, 0x0000000089c00000, 0x0000000089d00000|  0%| F|  |TAMS 0x0000000089c00000, 0x0000000089c00000| Untracked 
|  85|0x0000000089d00000, 0x0000000089d00000, 0x0000000089e00000|  0%| F|  |TAMS 0x0000000089d00000, 0x0000000089d00000| Untracked 
|  86|0x0000000089e00000, 0x0000000089e00000, 0x0000000089f00000|  0%| F|  |TAMS 0x0000000089e00000, 0x0000000089e00000| Untracked 
|  87|0x0000000089f00000, 0x0000000089f00000, 0x000000008a000000|  0%| F|  |TAMS 0x0000000089f00000, 0x0000000089f00000| Untracked 
|  88|0x000000008a000000, 0x000000008a000000, 0x000000008a100000|  0%| F|  |TAMS 0x000000008a000000, 0x000000008a000000| Untracked 
|  89|0x000000008a100000, 0x000000008a100000, 0x000000008a200000|  0%| F|  |TAMS 0x000000008a100000, 0x000000008a100000| Untracked 
|  90|0x000000008a200000, 0x000000008a300000, 0x000000008a300000|100%| E|  |TAMS 0x000000008a200000, 0x000000008a200000| Complete 
|  91|0x000000008a300000, 0x000000008a400000, 0x000000008a400000|100%| E|CS|TAMS 0x000000008a300000, 0x000000008a300000| Complete 
|  92|0x000000008a400000, 0x000000008a500000, 0x000000008a500000|100%| E|CS|TAMS 0x000000008a400000, 0x000000008a400000| Complete 
|  93|0x000000008a500000, 0x000000008a600000, 0x000000008a600000|100%| E|CS|TAMS 0x000000008a500000, 0x000000008a500000| Complete 
|  94|0x000000008a600000, 0x000000008a700000, 0x000000008a700000|100%| E|CS|TAMS 0x000000008a600000, 0x000000008a600000| Complete 
|  95|0x000000008a700000, 0x000000008a800000, 0x000000008a800000|100%| E|CS|TAMS 0x000000008a700000, 0x000000008a700000| Complete 
|  96|0x000000008a800000, 0x000000008a900000, 0x000000008a900000|100%| E|CS|TAMS 0x000000008a800000, 0x000000008a800000| Complete 
|  97|0x000000008a900000, 0x000000008aa00000, 0x000000008aa00000|100%| E|CS|TAMS 0x000000008a900000, 0x000000008a900000| Complete 
|  98|0x000000008aa00000, 0x000000008ab00000, 0x000000008ab00000|100%| E|CS|TAMS 0x000000008aa00000, 0x000000008aa00000| Complete 
|  99|0x000000008ab00000, 0x000000008ac00000, 0x000000008ac00000|100%| E|CS|TAMS 0x000000008ab00000, 0x000000008ab00000| Complete 
| 100|0x000000008ac00000, 0x000000008ad00000, 0x000000008ad00000|100%| E|CS|TAMS 0x000000008ac00000, 0x000000008ac00000| Complete 
| 101|0x000000008ad00000, 0x000000008ae00000, 0x000000008ae00000|100%| E|CS|TAMS 0x000000008ad00000, 0x000000008ad00000| Complete 
| 102|0x000000008ae00000, 0x000000008af00000, 0x000000008af00000|100%| E|CS|TAMS 0x000000008ae00000, 0x000000008ae00000| Complete 
| 103|0x000000008af00000, 0x000000008b000000, 0x000000008b000000|100%| E|CS|TAMS 0x000000008af00000, 0x000000008af00000| Complete 
| 104|0x000000008b000000, 0x000000008b100000, 0x000000008b100000|100%| E|CS|TAMS 0x000000008b000000, 0x000000008b000000| Complete 
| 105|0x000000008b100000, 0x000000008b200000, 0x000000008b200000|100%| E|CS|TAMS 0x000000008b100000, 0x000000008b100000| Complete 
| 106|0x000000008b200000, 0x000000008b300000, 0x000000008b300000|100%| E|CS|TAMS 0x000000008b200000, 0x000000008b200000| Complete 
| 107|0x000000008b300000, 0x000000008b400000, 0x000000008b400000|100%| E|CS|TAMS 0x000000008b300000, 0x000000008b300000| Complete 
| 108|0x000000008b400000, 0x000000008b500000, 0x000000008b500000|100%| E|CS|TAMS 0x000000008b400000, 0x000000008b400000| Complete 
| 109|0x000000008b500000, 0x000000008b600000, 0x000000008b600000|100%| E|CS|TAMS 0x000000008b500000, 0x000000008b500000| Complete 
| 110|0x000000008b600000, 0x000000008b700000, 0x000000008b700000|100%| E|CS|TAMS 0x000000008b600000, 0x000000008b600000| Complete 
| 111|0x000000008b700000, 0x000000008b800000, 0x000000008b800000|100%| E|CS|TAMS 0x000000008b700000, 0x000000008b700000| Complete 
| 112|0x000000008b800000, 0x000000008b900000, 0x000000008b900000|100%| E|CS|TAMS 0x000000008b800000, 0x000000008b800000| Complete 
| 113|0x000000008b900000, 0x000000008ba00000, 0x000000008ba00000|100%| E|CS|TAMS 0x000000008b900000, 0x000000008b900000| Complete 
| 114|0x000000008ba00000, 0x000000008bb00000, 0x000000008bb00000|100%| E|CS|TAMS 0x000000008ba00000, 0x000000008ba00000| Complete 
| 115|0x000000008bb00000, 0x000000008bc00000, 0x000000008bc00000|100%| E|CS|TAMS 0x000000008bb00000, 0x000000008bb00000| Complete 
| 116|0x000000008bc00000, 0x000000008bd00000, 0x000000008bd00000|100%| E|CS|TAMS 0x000000008bc00000, 0x000000008bc00000| Complete 
| 117|0x000000008bd00000, 0x000000008be00000, 0x000000008be00000|100%| E|CS|TAMS 0x000000008bd00000, 0x000000008bd00000| Complete 
| 118|0x000000008be00000, 0x000000008bf00000, 0x000000008bf00000|100%| E|CS|TAMS 0x000000008be00000, 0x000000008be00000| Complete 
| 119|0x000000008bf00000, 0x000000008c000000, 0x000000008c000000|100%| E|CS|TAMS 0x000000008bf00000, 0x000000008bf00000| Complete 
| 120|0x000000008c000000, 0x000000008c100000, 0x000000008c100000|100%| E|CS|TAMS 0x000000008c000000, 0x000000008c000000| Complete 
| 121|0x000000008c100000, 0x000000008c200000, 0x000000008c200000|100%| E|CS|TAMS 0x000000008c100000, 0x000000008c100000| Complete 
| 122|0x000000008c200000, 0x000000008c300000, 0x000000008c300000|100%| E|CS|TAMS 0x000000008c200000, 0x000000008c200000| Complete 
| 123|0x000000008c300000, 0x000000008c400000, 0x000000008c400000|100%| E|CS|TAMS 0x000000008c300000, 0x000000008c300000| Complete 

Card table byte_map: [0x00007fcb8222c000,0x00007fcb82608000] _byte_map_base: 0x00007fcb81e08000

Marking Bits (Prev, Next): (CMBitMap*) 0x00007fcb7c057db8, (CMBitMap*) 0x00007fcb7c057df0
 Prev Bits: [0x00007fcb5e120000, 0x00007fcb60000000)
 Next Bits: [0x00007fcb5c240000, 0x00007fcb5e120000)

Polling page: 0x00007fcb84a0e000

Metaspace:

Usage:
  Non-class:     14.37 MB capacity,    14.19 MB ( 99%) used,   152.19 KB (  1%) free+waste,    28.75 KB ( <1%) overhead. 
      Class:      1.34 MB capacity,     1.22 MB ( 91%) used,   112.27 KB (  8%) free+waste,    12.94 KB ( <1%) overhead. 
       Both:     15.71 MB capacity,    15.41 MB ( 98%) used,   264.46 KB (  2%) free+waste,    41.69 KB ( <1%) overhead. 

Virtual space:
  Non-class space:       16.00 MB reserved,      14.50 MB ( 91%) committed 
      Class space:        1.00 GB reserved,       1.38 MB ( <1%) committed 
             Both:        1.02 GB reserved,      15.88 MB (  2%) committed 

Chunk freelists:
   Non-Class:  107.00 KB
       Class:  2.00 KB
        Both:  109.00 KB

MaxMetaspaceSize: unlimited
CompressedClassSpaceSize: 1.00 GB

CodeHeap 'non-profiled nmethods': size=120032Kb used=481Kb max_used=481Kb free=119550Kb
 bounds [0x00007fcb6c340000, 0x00007fcb6c5b0000, 0x00007fcb73878000]
CodeHeap 'profiled nmethods': size=120032Kb used=2273Kb max_used=2273Kb free=117758Kb
 bounds [0x00007fcb64e08000, 0x00007fcb65078000, 0x00007fcb6c340000]
CodeHeap 'non-nmethods': size=5696Kb used=1460Kb max_used=1476Kb free=4235Kb
 bounds [0x00007fcb64878000, 0x00007fcb64ae8000, 0x00007fcb64e08000]
 total_blobs=2242 nmethods=1214 adapters=942
 compilation: enabled
              stopped_count=0, restarted_count=0
 full_count=0

Compilation events (20 events):
Event: 2.138 Thread 0x00007fcb7c1cb000 nmethod 1201 0x00007fcb6503a090 code [0x00007fcb6503a240, 0x00007fcb6503a390]
Event: 2.138 Thread 0x00007fcb7c1cb000 1203       3       jdk.internal.org.objectweb.asm.ClassWriter::addType (103 bytes)
Event: 2.139 Thread 0x00007fcb7c1cb000 nmethod 1203 0x00007fcb6503a410 code [0x00007fcb6503a620, 0x00007fcb6503acc0]
Event: 2.142 Thread 0x00007fcb7c1c9000 1204       4       java.util.concurrent.ConcurrentHashMap::get (162 bytes)
Event: 2.152 Thread 0x00007fcb7c1c9000 nmethod 1204 0x00007fcb6c3b7410 code [0x00007fcb6c3b75c0, 0x00007fcb6c3b7898]
Event: 2.174 Thread 0x00007fcb7c1c9000 1205 %     4       myterraria.WorldGenerator$1::run @ 551 (2647 bytes)
Event: 2.179 Thread 0x00007fcb7c1cb000 1206       3       java.lang.invoke.MemberName::getType (19 bytes)
Event: 2.180 Thread 0x00007fcb7c1cb000 nmethod 1206 0x00007fcb6503ae90 code [0x00007fcb6503b080, 0x00007fcb6503b410]
Event: 2.184 Thread 0x00007fcb7c1cb000 1208       3       jdk.internal.org.objectweb.asm.MethodWriter::visitAnnotation (82 bytes)
Event: 2.185 Thread 0x00007fcb7c1cb000 nmethod 1208 0x00007fcb6503b590 code [0x00007fcb6503b7e0, 0x00007fcb6503c090]
Event: 2.205 Thread 0x00007fcb7c1cb000 1210       3       jdk.internal.org.objectweb.asm.Type::getArgumentTypes (131 bytes)
Event: 2.206 Thread 0x00007fcb7c1cb000 nmethod 1210 0x00007fcb6503c310 code [0x00007fcb6503c560, 0x00007fcb6503d060]
Event: 2.218 Thread 0x00007fcb7c1cb000 1211       3       java.util.zip.ZipFile$ZipFileInflaterInputStream::fill (80 bytes)
Event: 2.219 Thread 0x00007fcb7c1cb000 nmethod 1211 0x00007fcb6503d410 code [0x00007fcb6503d600, 0x00007fcb6503d960]
Event: 2.222 Thread 0x00007fcb7c1cb000 1213       3       sun.invoke.util.VerifyAccess::isClassAccessible (182 bytes)
Event: 2.224 Thread 0x00007fcb7c1cb000 nmethod 1213 0x00007fcb6503db10 code [0x00007fcb6503dec0, 0x00007fcb6503f430]
Event: 2.224 Thread 0x00007fcb7c1cb000 1214       3       sun.invoke.util.VerifyAccess::getClassModifiers (24 bytes)
Event: 2.224 Thread 0x00007fcb7c1cb000 nmethod 1214 0x00007fcb6503fb10 code [0x00007fcb6503fce0, 0x00007fcb6503ff00]
Event: 2.226 Thread 0x00007fcb7c1cb000 1215       3       java.lang.invoke.MemberName::isCallerSensitive (7 bytes)
Event: 2.226 Thread 0x00007fcb7c1cb000 nmethod 1215 0x00007fcb65040010 code [0x00007fcb650401c0, 0x00007fcb650403f0]

GC Heap History (14 events):
Event: 0.776 GC heap before
{Heap before GC invocations=0 (full 0):
 garbage-first heap   total 126976K, used 13312K [0x0000000084800000, 0x0000000100000000)
  region size 1024K, 14 young (14336K), 0 survivors (0K)
 Metaspace       used 10598K, capacity 10764K, committed 10880K, reserved 1058816K
  class space    used 792K, capacity 870K, committed 896K, reserved 1048576K
}
Event: 0.781 GC heap after
{Heap after GC invocations=1 (full 0):
 garbage-first heap   total 126976K, used 1986K [0x0000000084800000, 0x0000000100000000)
  region size 1024K, 2 young (2048K), 2 survivors (2048K)
 Metaspace       used 10598K, capacity 10764K, committed 10880K, reserved 1058816K
  class space    used 792K, capacity 870K, committed 896K, reserved 1048576K
}
Event: 1.476 GC heap before
{Heap before GC invocations=1 (full 0):
 garbage-first heap   total 126976K, used 75714K [0x0000000084800000, 0x0000000100000000)
  region size 1024K, 74 young (75776K), 2 survivors (2048K)
 Metaspace       used 15560K, capacity 15808K, committed 16256K, reserved 1064960K
  class space    used 1218K, capacity 1321K, committed 1408K, reserved 1048576K
}
Event: 1.531 GC heap after
{Heap after GC invocations=2 (full 0):
 garbage-first heap   total 126976K, used 22414K [0x0000000084800000, 0x0000000100000000)
  region size 1024K, 10 young (10240K), 10 survivors (10240K)
 Metaspace       used 15560K, capacity 15808K, committed 16256K, reserved 1064960K
  class space    used 1218K, capacity 1321K, committed 1408K, reserved 1048576K
}
Event: 1.646 GC heap before
{Heap before GC invocations=2 (full 0):
 garbage-first heap   total 126976K, used 75662K [0x0000000084800000, 0x0000000100000000)
  region size 1024K, 62 young (63488K), 10 survivors (10240K)
 Metaspace       used 15593K, capacity 15808K, committed 16256K, reserved 1064960K
  class space    used 1218K, capacity 1321K, committed 1408K, reserved 1048576K
}
Event: 1.659 GC heap after
{Heap after GC invocations=3 (full 0):
 garbage-first heap   total 126976K, used 23930K [0x0000000084800000, 0x0000000100000000)
  region size 1024K, 2 young (2048K), 2 survivors (2048K)
 Metaspace       used 15593K, capacity 15808K, committed 16256K, reserved 1064960K
  class space    used 1218K, capacity 1321K, committed 1408K, reserved 1048576K
}
Event: 1.770 GC heap before
{Heap before GC invocations=3 (full 0):
 garbage-first heap   total 126976K, used 86394K [0x0000000084800000, 0x0000000100000000)
  region size 1024K, 57 young (58368K), 2 survivors (2048K)
 Metaspace       used 15599K, capacity 15808K, committed 16256K, reserved 1064960K
  class space    used 1218K, capacity 1321K, committed 1408K, reserved 1048576K
}
Event: 1.771 GC heap after
{Heap after GC invocations=4 (full 0):
 garbage-first heap   total 126976K, used 28863K [0x0000000084800000, 0x0000000100000000)
  region size 1024K, 1 young (1024K), 1 survivors (1024K)
 Metaspace       used 15599K, capacity 15808K, committed 16256K, reserved 1064960K
  class space    used 1218K, capacity 1321K, committed 1408K, reserved 1048576K
}
Event: 1.901 GC heap before
{Heap before GC invocations=4 (full 0):
 garbage-first heap   total 126976K, used 88255K [0x0000000084800000, 0x0000000100000000)
  region size 1024K, 56 young (57344K), 1 survivors (1024K)
 Metaspace       used 15649K, capacity 15968K, committed 16256K, reserved 1064960K
  class space    used 1225K, capacity 1333K, committed 1408K, reserved 1048576K
}
Event: 1.902 GC heap after
{Heap after GC invocations=5 (full 0):
 garbage-first heap   total 126976K, used 22625K [0x0000000084800000, 0x0000000100000000)
  region size 1024K, 1 young (1024K), 1 survivors (1024K)
 Metaspace       used 15649K, capacity 15968K, committed 16256K, reserved 1064960K
  class space    used 1225K, capacity 1333K, committed 1408K, reserved 1048576K
}
Event: 2.023 GC heap before
{Heap before GC invocations=5 (full 0):
 garbage-first heap   total 126976K, used 84065K [0x0000000084800000, 0x0000000100000000)
  region size 1024K, 61 young (62464K), 1 survivors (1024K)
 Metaspace       used 15656K, capacity 15968K, committed 16256K, reserved 1064960K
  class space    used 1225K, capacity 1333K, committed 1408K, reserved 1048576K
}
Event: 2.025 GC heap after
{Heap after GC invocations=6 (full 0):
 garbage-first heap   total 126976K, used 23202K [0x0000000084800000, 0x0000000100000000)
  region size 1024K, 1 young (1024K), 1 survivors (1024K)
 Metaspace       used 15656K, capacity 15968K, committed 16256K, reserved 1064960K
  class space    used 1225K, capacity 1333K, committed 1408K, reserved 1048576K
}
Event: 2.163 GC heap before
{Heap before GC invocations=6 (full 0):
 garbage-first heap   total 126976K, used 87714K [0x0000000084800000, 0x0000000100000000)
  region size 1024K, 65 young (66560K), 1 survivors (1024K)
 Metaspace       used 15693K, capacity 16005K, committed 16256K, reserved 1064960K
  class space    used 1232K, capacity 1367K, committed 1408K, reserved 1048576K
}
Event: 2.168 GC heap after
{Heap after GC invocations=7 (full 0):
 garbage-first heap   total 126976K, used 22620K [0x0000000084800000, 0x0000000100000000)
  region size 1024K, 1 young (1024K), 1 survivors (1024K)
 Metaspace       used 15693K, capacity 16005K, committed 16256K, reserved 1064960K
  class space    used 1232K, capacity 1367K, committed 1408K, reserved 1048576K
}

Deoptimization events (20 events):
Event: 1.715 Thread 0x00007fcb7c018000 DEOPT PACKING pc=0x00007fcb6500b435 sp=0x00007fcb83256060
Event: 1.715 Thread 0x00007fcb7c018000 DEOPT UNPACKING pc=0x00007fcb6489ddca sp=0x00007fcb83255518 mode 0
Event: 1.715 Thread 0x00007fcb7c018000 DEOPT PACKING pc=0x00007fcb6500b435 sp=0x00007fcb83256060
Event: 1.715 Thread 0x00007fcb7c018000 DEOPT UNPACKING pc=0x00007fcb6489ddca sp=0x00007fcb83255518 mode 0
Event: 1.716 Thread 0x00007fcb7c018000 DEOPT PACKING pc=0x00007fcb6500b435 sp=0x00007fcb83256060
Event: 1.716 Thread 0x00007fcb7c018000 DEOPT UNPACKING pc=0x00007fcb6489ddca sp=0x00007fcb83255518 mode 0
Event: 1.716 Thread 0x00007fcb7c018000 DEOPT PACKING pc=0x00007fcb6500b435 sp=0x00007fcb83256060
Event: 1.716 Thread 0x00007fcb7c018000 DEOPT UNPACKING pc=0x00007fcb6489ddca sp=0x00007fcb83255518 mode 0
Event: 1.716 Thread 0x00007fcb7c018000 DEOPT PACKING pc=0x00007fcb6500b435 sp=0x00007fcb83256060
Event: 1.716 Thread 0x00007fcb7c018000 DEOPT UNPACKING pc=0x00007fcb6489ddca sp=0x00007fcb83255518 mode 0
Event: 1.717 Thread 0x00007fcb7c018000 DEOPT PACKING pc=0x00007fcb6500b435 sp=0x00007fcb83256060
Event: 1.717 Thread 0x00007fcb7c018000 DEOPT UNPACKING pc=0x00007fcb6489ddca sp=0x00007fcb83255518 mode 0
Event: 1.717 Thread 0x00007fcb7c018000 DEOPT PACKING pc=0x00007fcb6500b435 sp=0x00007fcb83256060
Event: 1.717 Thread 0x00007fcb7c018000 DEOPT UNPACKING pc=0x00007fcb6489ddca sp=0x00007fcb83255518 mode 0
Event: 1.717 Thread 0x00007fcb7c018000 DEOPT PACKING pc=0x00007fcb6500b435 sp=0x00007fcb83256060
Event: 1.717 Thread 0x00007fcb7c018000 DEOPT UNPACKING pc=0x00007fcb6489ddca sp=0x00007fcb83255518 mode 0
Event: 1.743 Thread 0x00007fcb7c018000 DEOPT PACKING pc=0x00007fcb65002506 sp=0x00007fcb832564c0
Event: 1.743 Thread 0x00007fcb7c018000 DEOPT UNPACKING pc=0x00007fcb6489ddca sp=0x00007fcb83255990 mode 0
Event: 1.764 Thread 0x00007fcb7c018000 DEOPT PACKING pc=0x00007fcb64fffa65 sp=0x00007fcb83256580
Event: 1.764 Thread 0x00007fcb7c018000 DEOPT UNPACKING pc=0x00007fcb6489ddca sp=0x00007fcb83255be8 mode 0

Classes redefined (0 events):
No events

Internal exceptions (18 events):
Event: 0.309 Thread 0x00007fcb7c018000 Exception <a 'java/lang/NoSuchMethodError'{0x000000008be2dd18}: 'void java.lang.invoke.DelegatingMethodHandle$Holder.delegate(java.lang.Object, java.lang.Object, int, java.lang.Object)'> (0x000000008be2dd18) thrown at [src/hotspot/share/interpreter/linkResolver.cpp, line 772]
Event: 0.311 Thread 0x00007fcb7c018000 Exception <a 'java/lang/NoSuchMethodError'{0x000000008be35088}: 'java.lang.Object java.lang.invoke.DirectMethodHandle$Holder.invokeStaticInit(java.lang.Object, java.lang.Object, java.lang.Object)'> (0x000000008be35088) thrown at [src/hotspot/share/interpreter/linkResolver.cpp, line 772]
Event: 0.347 Thread 0x00007fcb7c018000 Exception <a 'sun/nio/fs/UnixException'{0x000000008beef458}> (0x000000008beef458) thrown at [src/hotspot/share/prims/jni.cpp, line 615]
Event: 0.386 Thread 0x00007fcb7c018000 Exception <a 'sun/nio/fs/UnixException'{0x000000008bc69870}> (0x000000008bc69870) thrown at [src/hotspot/share/prims/jni.cpp, line 615]
Event: 0.576 Thread 0x00007fcb7c018000 Exception <a 'sun/nio/fs/UnixException'{0x000000008bb68430}> (0x000000008bb68430) thrown at [src/hotspot/share/prims/jni.cpp, line 615]
Event: 0.581 Thread 0x00007fcb7c018000 Exception <a 'sun/nio/fs/UnixException'{0x000000008bb85900}> (0x000000008bb85900) thrown at [src/hotspot/share/prims/jni.cpp, line 615]
Event: 0.946 Thread 0x00007fcb7c018000 Exception <a 'java/lang/NoSuchMethodError'{0x000000008bc600c8}: 'java.lang.Object java.lang.invoke.DirectMethodHandle$Holder.invokeStatic(java.lang.Object, java.lang.Object, java.lang.Object, java.lang.Object, java.lang.Object, java.lang.Object, java.lang.Object, java.lang.Object, java.lang.Object, java.lang.Object, java.lang.Object, int)'> (0x000000008bc600c8) thrown at [src/hotspot/share/interpreter/linkResolver.cpp, line 772]
Event: 0.956 Thread 0x00007fcb7c018000 Exception <a 'java/lang/NoSuchMethodError'{0x000000008bc7f5d8}: 'java.lang.Object java.lang.invoke.DirectMethodHandle$Holder.invokeStatic(java.lang.Object, java.lang.Object, java.lang.Object, java.lang.Object, java.lang.Object, java.lang.Object, java.lang.Object, java.lang.Object, java.lang.Object, java.lang.Object, java.lang.Object, int, int)'> (0x000000008bc7f5d8) thrown at [src/hotspot/share/interpreter/linkResolver.cpp, line 772]
Event: 0.963 Thread 0x00007fcb7c018000 Exception <a 'java/lang/NoSuchMethodError'{0x000000008bc9ecb0}: 'java.lang.Object java.lang.invoke.DirectMethodHandle$Holder.invokeStatic(java.lang.Object, java.lang.Object, java.lang.Object, java.lang.Object, java.lang.Object, java.lang.Object, java.lang.Object, java.lang.Object, java.lang.Object, java.lang.Object, java.lang.Object, int, int, java.lang.Object)'> (0x000000008bc9ecb0) thrown at [src/hotspot/share/interpreter/linkResolver.cpp, line 772]
Event: 0.965 Thread 0x00007fcb7c018000 Exception <a 'java/lang/NoSuchMethodError'{0x000000008bcaa460}: 'java.lang.Object java.lang.invoke.Invokers$Holder.linkToTargetMethod(java.lang.Object, int, java.lang.Object)'> (0x000000008bcaa460) thrown at [src/hotspot/share/interpreter/linkResolver.cpp, line 772]
Event: 1.127 Thread 0x00007fcb7c018000 Exception <a 'java/lang/ClassNotFoundException'{0x000000008a696d98}: sun/awt/resources/spi/awtProvider> (0x000000008a696d98) thrown at [src/hotspot/share/classfile/systemDictionary.cpp, line 231]
Event: 1.189 Thread 0x00007fcb7c018000 Exception <a 'java/io/FileNotFoundException'{0x000000008a4937a0}> (0x000000008a4937a0) thrown at [src/hotspot/share/prims/jni.cpp, line 615]
Event: 1.230 Thread 0x00007fcb7c018000 Exception <a 'java/lang/NoSuchMethodError'{0x000000008a4ee088}: 'java.lang.Object java.lang.invoke.DirectMethodHandle$Holder.invokeStatic(java.lang.Object, java.lang.Object, java.lang.Object, java.lang.Object, java.lang.Object, java.lang.Object, java.lang.Object, java.lang.Object, java.lang.Object, java.lang.Object, java.lang.Object, java.lang.Object, java.lang.Object, java.lang.Object, java.lang.Object)'> (0x000000008a4ee088) thrown at [src/hotspot/share/interpreter/linkResolver.cpp, line 772]
Event: 1.247 Thread 0x00007fcb7c018000 Exception <a 'java/lang/NoSuchMethodError'{0x000000008a1f7880}: 'java.lang.Object java.lang.invoke.DirectMethodHandle$Holder.invokeStatic(java.lang.Object, java.lang.Object, java.lang.Object, java.lang.Object, java.lang.Object, java.lang.Object, java.lang.Object, java.lang.Object, java.lang.Object, java.lang.Object, java.lang.Object, java.lang.Object, java.lang.Object, java.lang.Object, java.lang.Object, java.lang.Object)'> (0x000000008a1f7880) thrown at [src/hotspot/share/interpreter/linkResolver.cpp, lin
Event: 1.249 Thread 0x00007fcb7c018000 Exception <a 'java/lang/NoSuchMethodError'{0x000000008a0059b0}: 'java.lang.Object java.lang.invoke.DirectMethodHandle$Holder.invokeSpecial(java.lang.Object, java.lang.Object, int, int, java.lang.Object, java.lang.Object, java.lang.Object)'> (0x000000008a0059b0) thrown at [src/hotspot/share/interpreter/linkResolver.cpp, line 772]
Event: 1.249 Thread 0x00007fcb7c018000 Exception <a 'java/lang/NoSuchMethodError'{0x000000008a008f40}: 'java.lang.Object java.lang.invoke.DelegatingMethodHandle$Holder.reinvoke_L(java.lang.Object, int, int, java.lang.Object, java.lang.Object, java.lang.Object)'> (0x000000008a008f40) thrown at [src/hotspot/share/interpreter/linkResolver.cpp, line 772]
Event: 1.250 Thread 0x00007fcb7c018000 Exception <a 'java/lang/NoSuchMethodError'{0x000000008a00d1c8}: 'java.lang.Object java.lang.invoke.DirectMethodHandle$Holder.invokeStatic(java.lang.Object, java.lang.Object, java.lang.Object, java.lang.Object, int)'> (0x000000008a00d1c8) thrown at [src/hotspot/share/interpreter/linkResolver.cpp, line 772]
Event: 1.275 Thread 0x00007fcb7c018000 Exception <a 'java/io/FileNotFoundException'{0x000000008a06dd20}> (0x000000008a06dd20) thrown at [src/hotspot/share/prims/jni.cpp, line 615]

Events (20 events):
Event: 2.219 loading class engine/io/Mouse
Event: 2.219 loading class engine/io/Mouse done
Event: 2.219 loading class org/lwjgl/glfw/GLFWMouseButtonCallbackI
Event: 2.219 loading class org/lwjgl/glfw/GLFWMouseButtonCallbackI done
Event: 2.225 loading class org/lwjgl/glfw/GLFWMouseButtonCallback
Event: 2.225 loading class org/lwjgl/glfw/GLFWMouseButtonCallback done
Event: 2.225 loading class org/lwjgl/glfw/GLFWMouseButtonCallback$Container
Event: 2.225 loading class org/lwjgl/glfw/GLFWMouseButtonCallback$Container done
Event: 2.226 loading class engine/io/Mouse
Event: 2.226 loading class engine/io/Mouse done
Event: 2.226 loading class org/lwjgl/glfw/GLFWScrollCallbackI
Event: 2.226 loading class org/lwjgl/glfw/GLFWScrollCallbackI done
Event: 2.227 loading class org/lwjgl/glfw/GLFWScrollCallback
Event: 2.227 loading class org/lwjgl/glfw/GLFWScrollCallback done
Event: 2.227 loading class org/lwjgl/glfw/GLFWScrollCallback$Container
Event: 2.227 loading class org/lwjgl/glfw/GLFWScrollCallback$Container done
Event: 2.228 loading class engine/io/Keyboard
Event: 2.228 loading class engine/io/Keyboard done
Event: 2.237 loading class org/lwjgl/opengl/GL$ICDStatic$WriteOnce
Event: 2.237 loading class org/lwjgl/opengl/GL$ICDStatic$WriteOnce done


Dynamic libraries:
40480000-40482000 r-xs 00000000 00:01 17831                              /memfd:/.glXXXXXX (deleted)
40e8c000-40f3b000 rw-p 00000000 00:00 0 
84800000-8c400000 rw-p 00000000 00:00 0 
8c400000-100000000 ---p 00000000 00:00 0 
100000000-100160000 rw-p 00000000 00:00 0 
100160000-140000000 ---p 00000000 00:00 0 
5653ef7f3000-5653ef7f4000 r--p 00000000 08:11 828510                     /usr/lib/jvm/java-11-openjdk/bin/java
5653ef7f4000-5653ef7f5000 r-xp 00001000 08:11 828510                     /usr/lib/jvm/java-11-openjdk/bin/java
5653ef7f5000-5653ef7f6000 r--p 00002000 08:11 828510                     /usr/lib/jvm/java-11-openjdk/bin/java
5653ef7f6000-5653ef7f7000 r--p 00002000 08:11 828510                     /usr/lib/jvm/java-11-openjdk/bin/java
5653ef7f7000-5653ef7f8000 rw-p 00003000 08:11 828510                     /usr/lib/jvm/java-11-openjdk/bin/java
5653f086d000-5653f088e000 rw-p 00000000 00:00 0                          [heap]
7fcaf4000000-7fcaf429d000 rw-p 00000000 00:00 0 
7fcaf429d000-7fcaf8000000 ---p 00000000 00:00 0 
7fcafc000000-7fcafc021000 rw-p 00000000 00:00 0 
7fcafc021000-7fcb00000000 ---p 00000000 00:00 0 
7fcb00000000-7fcb00021000 rw-p 00000000 00:00 0 
7fcb00021000-7fcb04000000 ---p 00000000 00:00 0 
7fcb04000000-7fcb04049000 rw-p 00000000 00:00 0 
7fcb04049000-7fcb08000000 ---p 00000000 00:00 0 
7fcb08000000-7fcb08021000 rw-p 00000000 00:00 0 
7fcb08021000-7fcb0c000000 ---p 00000000 00:00 0 
7fcb0c000000-7fcb0c021000 rw-p 00000000 00:00 0 
7fcb0c021000-7fcb10000000 ---p 00000000 00:00 0 
7fcb10000000-7fcb10034000 rw-p 00000000 00:00 0 
7fcb10034000-7fcb14000000 ---p 00000000 00:00 0 
7fcb14000000-7fcb14393000 rw-p 00000000 00:00 0 
7fcb14393000-7fcb18000000 ---p 00000000 00:00 0 
7fcb192a8000-7fcb194a8000 rw-s 00000000 00:05 562                        /dev/nvidiactl
7fcb194a8000-7fcb198a8000 rw-s 00000000 00:05 562                        /dev/nvidiactl
7fcb198a8000-7fcb19ca8000 rw-s 00000000 00:05 562                        /dev/nvidiactl
7fcb19ca8000-7fcb1a0a8000 rw-s 00000000 00:05 562                        /dev/nvidiactl
7fcb1a0a8000-7fcb1b26f000 r-xp 00000000 08:11 549133                     /usr/lib/libnvidia-glcore.so.465.31
7fcb1b26f000-7fcb1b290000 rwxp 011c7000 08:11 549133                     /usr/lib/libnvidia-glcore.so.465.31
7fcb1b290000-7fcb1b7a1000 r-xp 011e8000 08:11 549133                     /usr/lib/libnvidia-glcore.so.465.31
7fcb1b7a1000-7fcb1b9a1000 ---p 016f9000 08:11 549133                     /usr/lib/libnvidia-glcore.so.465.31
7fcb1b9a1000-7fcb1beec000 r--p 016f9000 08:11 549133                     /usr/lib/libnvidia-glcore.so.465.31
7fcb1beec000-7fcb1bfdd000 rw-p 01c44000 08:11 549133                     /usr/lib/libnvidia-glcore.so.465.31
7fcb1bfdd000-7fcb1c000000 rw-p 00000000 00:00 0 
7fcb1c000000-7fcb1c021000 rw-p 00000000 00:00 0 
7fcb1c021000-7fcb20000000 ---p 00000000 00:00 0 
7fcb20000000-7fcb20021000 rw-p 00000000 00:00 0 
7fcb20021000-7fcb24000000 ---p 00000000 00:00 0 
7fcb24000000-7fcb24021000 rw-p 00000000 00:00 0 
7fcb24021000-7fcb28000000 ---p 00000000 00:00 0 
7fcb28000000-7fcb28021000 rw-p 00000000 00:00 0 
7fcb28021000-7fcb2c000000 ---p 00000000 00:00 0 
7fcb2c000000-7fcb2c780000 rw-p 00000000 00:00 0 
7fcb2c780000-7fcb30000000 ---p 00000000 00:00 0 
7fcb30000000-7fcb302da000 rw-p 00000000 00:00 0 
7fcb302da000-7fcb34000000 ---p 00000000 00:00 0 
7fcb34000000-7fcb34021000 rw-p 00000000 00:00 0 
7fcb34021000-7fcb38000000 ---p 00000000 00:00 0 
7fcb38000000-7fcb38021000 rw-p 00000000 00:00 0 
7fcb38021000-7fcb3c000000 ---p 00000000 00:00 0 
7fcb3c000000-7fcb3c021000 rw-p 00000000 00:00 0 
7fcb3c021000-7fcb40000000 ---p 00000000 00:00 0 
7fcb40000000-7fcb40021000 rw-p 00000000 00:00 0 
7fcb40021000-7fcb44000000 ---p 00000000 00:00 0 
7fcb44000000-7fcb44021000 rw-p 00000000 00:00 0 
7fcb44021000-7fcb48000000 ---p 00000000 00:00 0 
7fcb48000000-7fcb48021000 rw-p 00000000 00:00 0 
7fcb48021000-7fcb4c000000 ---p 00000000 00:00 0 
7fcb4c000000-7fcb4c021000 rw-p 00000000 00:00 0 
7fcb4c021000-7fcb50000000 ---p 00000000 00:00 0 
7fcb50000000-7fcb50021000 rw-p 00000000 00:00 0 
7fcb50021000-7fcb54000000 ---p 00000000 00:00 0 
7fcb540e0000-7fcb542e0000 rw-s 00000000 00:05 562                        /dev/nvidiactl
7fcb542e0000-7fcb54360000 rw-s 00000000 00:05 562                        /dev/nvidiactl
7fcb54360000-7fcb543e0000 rw-s 00000000 00:05 562                        /dev/nvidiactl
7fcb543e3000-7fcb543e4000 ---p 00000000 00:00 0 
7fcb543e4000-7fcb544e5000 rw-p 00000000 00:00 0 
7fcb544e5000-7fcb544e6000 ---p 00000000 00:00 0 
7fcb544e6000-7fcb54667000 rw-p 00000000 00:00 0 
7fcb54667000-7fcb547e7000 ---p 00000000 00:00 0 
7fcb547e7000-7fcb547eb000 ---p 00000000 00:00 0 
7fcb547eb000-7fcb548e8000 rw-p 00000000 00:00 0 
7fcb548e8000-7fcb548ea000 r--p 00000000 08:11 557153                     /usr/lib/libXtst.so.6.1.0
7fcb548ea000-7fcb548ed000 r-xp 00002000 08:11 557153                     /usr/lib/libXtst.so.6.1.0
7fcb548ed000-7fcb548ee000 r--p 00005000 08:11 557153                     /usr/lib/libXtst.so.6.1.0
7fcb548ee000-7fcb548ef000 r--p 00005000 08:11 557153                     /usr/lib/libXtst.so.6.1.0
7fcb548ef000-7fcb548f0000 rw-p 00006000 08:11 557153                     /usr/lib/libXtst.so.6.1.0
7fcb54910000-7fcb54921000 r--p 00000000 08:11 828861                     /usr/lib/jvm/java-11-openjdk/lib/libawt_xawt.so
7fcb54921000-7fcb54960000 r-xp 00011000 08:11 828861                     /usr/lib/jvm/java-11-openjdk/lib/libawt_xawt.so
7fcb54960000-7fcb54972000 r--p 00050000 08:11 828861                     /usr/lib/jvm/java-11-openjdk/lib/libawt_xawt.so
7fcb54972000-7fcb54973000 r--p 00061000 08:11 828861                     /usr/lib/jvm/java-11-openjdk/lib/libawt_xawt.so
7fcb54973000-7fcb54975000 rw-p 00062000 08:11 828861                     /usr/lib/jvm/java-11-openjdk/lib/libawt_xawt.so
7fcb54975000-7fcb54977000 rw-p 00000000 00:00 0 
7fcb54978000-7fcb549a5000 r--p 00000000 08:11 828544                     /usr/lib/jvm/java-11-openjdk/lib/libawt.so
7fcb549a5000-7fcb54a0e000 r-xp 0002d000 08:11 828544                     /usr/lib/jvm/java-11-openjdk/lib/libawt.so
7fcb54a0e000-7fcb54a1a000 r--p 00096000 08:11 828544                     /usr/lib/jvm/java-11-openjdk/lib/libawt.so
7fcb54a1a000-7fcb54a1b000 r--p 000a2000 08:11 828544                     /usr/lib/jvm/java-11-openjdk/lib/libawt.so
7fcb54a1b000-7fcb54a26000 rw-p 000a3000 08:11 828544                     /usr/lib/jvm/java-11-openjdk/lib/libawt.so
7fcb54a26000-7fcb54c4b000 rw-p 00000000 00:00 0 
7fcb54c4b000-7fcb54c4f000 ---p 00000000 00:00 0 
7fcb54c4f000-7fcb54d4c000 rw-p 00000000 00:00 0 
7fcb54d4c000-7fcb54d50000 ---p 00000000 00:00 0 
7fcb54d50000-7fcb5504d000 rw-p 00000000 00:00 0 
7fcb5504d000-7fcb5504e000 ---p 00000000 00:00 0 
7fcb5504e000-7fcb5514f000 rw-p 00000000 00:00 0 
7fcb5514f000-7fcb55153000 ---p 00000000 00:00 0 
7fcb55153000-7fcb55450000 rw-p 00000000 00:00 0 
7fcb55450000-7fcb554a8000 r-xp 00000000 00:20 1508                       /tmp/lwjgluser/3.2.3-build-13/liblwjgl_opengl.so
7fcb554a8000-7fcb556a7000 ---p 00058000 00:20 1508                       /tmp/lwjgluser/3.2.3-build-13/liblwjgl_opengl.so
7fcb556a7000-7fcb556a8000 r--p 00057000 00:20 1508                       /tmp/lwjgluser/3.2.3-build-13/liblwjgl_opengl.so
7fcb556a8000-7fcb556a9000 rw-p 00058000 00:20 1508                       /tmp/lwjgluser/3.2.3-build-13/liblwjgl_opengl.so
7fcb556b0000-7fcb556b3000 rw-s 00000000 00:05 562                        /dev/nvidiactl
7fcb556b8000-7fcb556ba000 rw-s 00000000 00:01 17831                      /memfd:/.glXXXXXX (deleted)
7fcb556c0000-7fcb55740000 rw-s 00000000 00:05 562                        /dev/nvidiactl
7fcb55848000-7fcb5585b000 rw-s 00000000 00:05 562                        /dev/nvidiactl
7fcb55860000-7fcb558a0000 rw-s 00000000 00:05 562                        /dev/nvidiactl
7fcb558a0000-7fcb558c0000 rw-s 00000000 00:05 562                        /dev/nvidiactl
7fcb558c0000-7fcb55900000 rw-s 00000000 00:05 562                        /dev/nvidiactl
7fcb55900000-7fcb55920000 rw-s 00000000 00:05 562                        /dev/nvidiactl
7fcb55920000-7fcb55ac5000 rw-s 00000000 00:01 3                          /memfd:/.nvidia_drv.XXXXXX (deleted)
7fcb55ac8000-7fcb55acb000 r-xp 00000000 08:11 549156                     /usr/lib/libnvidia-tls.so.465.31
7fcb55acb000-7fcb55ccb000 ---p 00003000 08:11 549156                     /usr/lib/libnvidia-tls.so.465.31
7fcb55ccb000-7fcb55ccc000 r--p 00003000 08:11 549156                     /usr/lib/libnvidia-tls.so.465.31
7fcb55ccc000-7fcb55ccd000 rw-p 00004000 08:11 549156                     /usr/lib/libnvidia-tls.so.465.31
7fcb55cd0000-7fcb55d70000 r-xp 00000000 08:11 549112                     /usr/lib/libGLX_nvidia.so.465.31
7fcb55d70000-7fcb55da5000 rwxp 000a0000 08:11 549112                     /usr/lib/libGLX_nvidia.so.465.31
7fcb55da5000-7fcb55dab000 r-xp 000d5000 08:11 549112                     /usr/lib/libGLX_nvidia.so.465.31
7fcb55dab000-7fcb55fab000 ---p 000db000 08:11 549112                     /usr/lib/libGLX_nvidia.so.465.31
7fcb55fab000-7fcb55ff3000 r--p 000db000 08:11 549112                     /usr/lib/libGLX_nvidia.so.465.31
7fcb55ff3000-7fcb55ff8000 rw-p 00123000 08:11 549112                     /usr/lib/libGLX_nvidia.so.465.31
7fcb55ff8000-7fcb55ffa000 rw-p 00000000 00:00 0 
7fcb56000000-7fcb58000000 rw-p 00000000 00:00 0 
7fcb58000000-7fcb58021000 rw-p 00000000 00:00 0 
7fcb58021000-7fcb5c000000 ---p 00000000 00:00 0 
7fcb5c008000-7fcb5c048000 rw-s 00000000 00:05 562                        /dev/nvidiactl
7fcb5c068000-7fcb5c06d000 r--p 00000000 08:11 548482                     /usr/lib/libdrm.so.2.4.0
7fcb5c06d000-7fcb5c077000 r-xp 00005000 08:11 548482                     /usr/lib/libdrm.so.2.4.0
7fcb5c077000-7fcb5c07b000 r--p 0000f000 08:11 548482                     /usr/lib/libdrm.so.2.4.0
7fcb5c07b000-7fcb5c07c000 r--p 00012000 08:11 548482                     /usr/lib/libdrm.so.2.4.0
7fcb5c07c000-7fcb5c07d000 rw-p 00013000 08:11 548482                     /usr/lib/libdrm.so.2.4.0
7fcb5c080000-7fcb5c0c1000 r--p 00000000 08:11 549193                     /usr/lib/libGLdispatch.so.0.0.0
7fcb5c0c1000-7fcb5c0c3000 r-xp 00041000 08:11 549193                     /usr/lib/libGLdispatch.so.0.0.0
7fcb5c0c3000-7fcb5c0fe000 r-xp 00043000 08:11 549193                     /usr/lib/libGLdispatch.so.0.0.0
7fcb5c0fe000-7fcb5c0ff000 r-xp 0007e000 08:11 549193                     /usr/lib/libGLdispatch.so.0.0.0
7fcb5c0ff000-7fcb5c112000 r--p 0007f000 08:11 549193                     /usr/lib/libGLdispatch.so.0.0.0
7fcb5c112000-7fcb5c113000 ---p 00092000 08:11 549193                     /usr/lib/libGLdispatch.so.0.0.0
7fcb5c113000-7fcb5c12f000 r--p 00092000 08:11 549193                     /usr/lib/libGLdispatch.so.0.0.0
7fcb5c12f000-7fcb5c130000 rw-p 000ae000 08:11 549193                     /usr/lib/libGLdispatch.so.0.0.0
7fcb5c130000-7fcb5c138000 rw-p 00000000 00:00 0 
7fcb5c13e000-7fcb5c1b2000 rw-p 00000000 00:00 0 
7fcb5c1b8000-7fcb5c1fa000 r--p 00000000 08:11 549184                     /usr/lib/libGL.so.1.7.0
7fcb5c1fa000-7fcb5c1fd000 r-xp 00042000 08:11 549184                     /usr/lib/libGL.so.1.7.0
7fcb5c1fd000-7fcb5c218000 r-xp 00045000 08:11 549184                     /usr/lib/libGL.so.1.7.0
7fcb5c218000-7fcb5c219000 r-xp 00060000 08:11 549184                     /usr/lib/libGL.so.1.7.0
7fcb5c219000-7fcb5c22e000 r--p 00061000 08:11 549184                     /usr/lib/libGL.so.1.7.0
7fcb5c22e000-7fcb5c23c000 r--p 00075000 08:11 549184                     /usr/lib/libGL.so.1.7.0
7fcb5c23c000-7fcb5c23d000 rw-p 00083000 08:11 549184                     /usr/lib/libGL.so.1.7.0
7fcb5c23d000-7fcb5c23e000 rw-p 00000000 00:00 0 
7fcb5c240000-7fcb5c430000 rw-p 00000000 00:00 0 
7fcb5c430000-7fcb5e120000 ---p 00000000 00:00 0 
7fcb5e120000-7fcb5e310000 rw-p 00000000 00:00 0 
7fcb5e310000-7fcb60000000 ---p 00000000 00:00 0 
7fcb60000000-7fcb60021000 rw-p 00000000 00:00 0 
7fcb60021000-7fcb64000000 ---p 00000000 00:00 0 
7fcb64000000-7fcb64001000 rw-s 00000000 00:05 563                        /dev/nvidia0
7fcb64008000-7fcb6400a000 rw-s 00000000 00:05 562                        /dev/nvidiactl
7fcb64010000-7fcb64014000 rw-s 00000000 00:05 562                        /dev/nvidiactl
7fcb64018000-7fcb64024000 r--p 00000000 08:11 545123                     /usr/lib/libxcb-glx.so.0.0.0
7fcb64024000-7fcb6402d000 r-xp 0000c000 08:11 545123                     /usr/lib/libxcb-glx.so.0.0.0
7fcb6402d000-7fcb64032000 r--p 00015000 08:11 545123                     /usr/lib/libxcb-glx.so.0.0.0
7fcb64032000-7fcb64033000 ---p 0001a000 08:11 545123                     /usr/lib/libxcb-glx.so.0.0.0
7fcb64033000-7fcb64035000 r--p 0001a000 08:11 545123                     /usr/lib/libxcb-glx.so.0.0.0
7fcb64035000-7fcb64036000 rw-p 0001c000 08:11 545123                     /usr/lib/libxcb-glx.so.0.0.0
7fcb64038000-7fcb6403b000 r--p 00000000 08:11 549190                     /usr/lib/libGLX.so.0.0.0
7fcb6403b000-7fcb64055000 r-xp 00003000 08:11 549190                     /usr/lib/libGLX.so.0.0.0
7fcb64055000-7fcb64058000 r--p 0001d000 08:11 549190                     /usr/lib/libGLX.so.0.0.0
7fcb64058000-7fcb64059000 ---p 00020000 08:11 549190                     /usr/lib/libGLX.so.0.0.0
7fcb64059000-7fcb6405a000 r--p 00020000 08:11 549190                     /usr/lib/libGLX.so.0.0.0
7fcb6405a000-7fcb6405b000 rw-p 00021000 08:11 549190                     /usr/lib/libGLX.so.0.0.0
7fcb6405b000-7fcb6406b000 rw-p 00000000 00:00 0 
7fcb64070000-7fcb6408c000 r--p 00000000 08:11 547538                     /usr/lib/libX11.so.6.4.0
7fcb6408c000-7fcb64116000 r-xp 0001c000 08:11 547538                     /usr/lib/libX11.so.6.4.0
7fcb64116000-7fcb641aa000 r--p 000a6000 08:11 547538                     /usr/lib/libX11.so.6.4.0
7fcb641aa000-7fcb641ad000 r--p 00139000 08:11 547538                     /usr/lib/libX11.so.6.4.0
7fcb641ad000-7fcb641b1000 rw-p 0013c000 08:11 547538                     /usr/lib/libX11.so.6.4.0
7fcb641b8000-7fcb641fb000 r-xp 00000000 00:20 1507                       /tmp/lwjgluser/3.2.3-build-13/libglfw.so
7fcb641fb000-7fcb643fa000 ---p 00043000 00:20 1507                       /tmp/lwjgluser/3.2.3-build-13/libglfw.so
7fcb643fa000-7fcb643fb000 r--p 00042000 00:20 1507                       /tmp/lwjgluser/3.2.3-build-13/libglfw.so
7fcb643fb000-7fcb643fd000 rw-p 00043000 00:20 1507                       /tmp/lwjgluser/3.2.3-build-13/libglfw.so
7fcb643fd000-7fcb6441e000 rw-p 00000000 00:00 0 
7fcb64420000-7fcb64471000 r-xp 00000000 00:20 1506                       /tmp/lwjgluser/3.2.3-build-13/liblwjgl.so
7fcb64471000-7fcb64670000 ---p 00051000 00:20 1506                       /tmp/lwjgluser/3.2.3-build-13/liblwjgl.so
7fcb64670000-7fcb64671000 r--p 00050000 00:20 1506                       /tmp/lwjgluser/3.2.3-build-13/liblwjgl.so
7fcb64671000-7fcb64672000 rw-p 00051000 00:20 1506                       /tmp/lwjgluser/3.2.3-build-13/liblwjgl.so
7fcb64675000-7fcb64676000 ---p 00000000 00:00 0 
7fcb64676000-7fcb64777000 rw-p 00000000 00:00 0 
7fcb64777000-7fcb6477b000 ---p 00000000 00:00 0 
7fcb6477b000-7fcb64878000 rw-p 00000000 00:00 0 
7fcb64878000-7fcb64ae8000 rwxp 00000000 00:00 0 
7fcb64ae8000-7fcb64e08000 ---p 00000000 00:00 0 
7fcb64e08000-7fcb65078000 rwxp 00000000 00:00 0 
7fcb65078000-7fcb6c340000 ---p 00000000 00:00 0 
7fcb6c340000-7fcb6c5b0000 rwxp 00000000 00:00 0 
7fcb6c5b0000-7fcb73878000 ---p 00000000 00:00 0 
7fcb73878000-7fcb7c000000 r--s 00000000 08:11 828601                     /usr/lib/jvm/java-11-openjdk/lib/modules
7fcb7c000000-7fcb7fffb000 rw-p 00000000 00:00 0 
7fcb7fffb000-7fcb80000000 ---p 00000000 00:00 0 
7fcb80000000-7fcb80001000 rw-s 00000000 00:05 563                        /dev/nvidia0
7fcb80008000-7fcb80009000 rw-s 00000000 00:05 563                        /dev/nvidia0
7fcb80010000-7fcb80011000 r--p 00000000 08:11 547535                     /usr/lib/libX11-xcb.so.1.0.0
7fcb80011000-7fcb80012000 r-xp 00001000 08:11 547535                     /usr/lib/libX11-xcb.so.1.0.0
7fcb80012000-7fcb80013000 r--p 00002000 08:11 547535                     /usr/lib/libX11-xcb.so.1.0.0
7fcb80013000-7fcb80014000 r--p 00002000 08:11 547535                     /usr/lib/libX11-xcb.so.1.0.0
7fcb80014000-7fcb80015000 rw-p 00003000 08:11 547535                     /usr/lib/libX11-xcb.so.1.0.0
7fcb80018000-7fcb80019000 r--p 00000000 08:11 562416                     /usr/lib/libXinerama.so.1.0.0
7fcb80019000-7fcb8001a000 r-xp 00001000 08:11 562416                     /usr/lib/libXinerama.so.1.0.0
7fcb8001a000-7fcb8001b000 r--p 00002000 08:11 562416                     /usr/lib/libXinerama.so.1.0.0
7fcb8001b000-7fcb8001c000 r--p 00002000 08:11 562416                     /usr/lib/libXinerama.so.1.0.0
7fcb8001c000-7fcb8001d000 rw-p 00003000 08:11 562416                     /usr/lib/libXinerama.so.1.0.0
7fcb80020000-7fcb80022000 r--p 00000000 08:11 548571                     /usr/lib/libXfixes.so.3.1.0
7fcb80022000-7fcb80025000 r-xp 00002000 08:11 548571                     /usr/lib/libXfixes.so.3.1.0
7fcb80025000-7fcb80026000 r--p 00005000 08:11 548571                     /usr/lib/libXfixes.so.3.1.0
7fcb80026000-7fcb80027000 ---p 00006000 08:11 548571                     /usr/lib/libXfixes.so.3.1.0
7fcb80027000-7fcb80028000 r--p 00006000 08:11 548571                     /usr/lib/libXfixes.so.3.1.0
7fcb80028000-7fcb80029000 rw-p 00007000 08:11 548571                     /usr/lib/libXfixes.so.3.1.0
7fcb80030000-7fcb80033000 r--p 00000000 08:11 552196                     /usr/lib/libXcursor.so.1.0.2
7fcb80033000-7fcb80038000 r-xp 00003000 08:11 552196                     /usr/lib/libXcursor.so.1.0.2
7fcb80038000-7fcb8003a000 r--p 00008000 08:11 552196                     /usr/lib/libXcursor.so.1.0.2
7fcb8003a000-7fcb8003b000 r--p 00009000 08:11 552196                     /usr/lib/libXcursor.so.1.0.2
7fcb8003b000-7fcb8003c000 rw-p 0000a000 08:11 552196                     /usr/lib/libXcursor.so.1.0.2
7fcb80040000-7fcb80042000 r--p 00000000 08:11 549892                     /usr/lib/libXrender.so.1.3.0
7fcb80042000-7fcb80049000 r-xp 00002000 08:11 549892                     /usr/lib/libXrender.so.1.3.0
7fcb80049000-7fcb8004b000 r--p 00009000 08:11 549892                     /usr/lib/libXrender.so.1.3.0
7fcb8004b000-7fcb8004c000 r--p 0000a000 08:11 549892                     /usr/lib/libXrender.so.1.3.0
7fcb8004c000-7fcb8004d000 rw-p 0000b000 08:11 549892                     /usr/lib/libXrender.so.1.3.0
7fcb80050000-7fcb80052000 r--p 00000000 08:11 562427                     /usr/lib/libXrandr.so.2.2.0
7fcb80052000-7fcb80059000 r-xp 00002000 08:11 562427                     /usr/lib/libXrandr.so.2.2.0
7fcb80059000-7fcb8005b000 r--p 00009000 08:11 562427                     /usr/lib/libXrandr.so.2.2.0
7fcb8005b000-7fcb8005c000 r--p 0000a000 08:11 562427                     /usr/lib/libXrandr.so.2.2.0
7fcb8005c000-7fcb8005d000 rw-p 0000b000 08:11 562427                     /usr/lib/libXrandr.so.2.2.0
7fcb80060000-7fcb80063000 r--p 00000000 08:11 549896                     /usr/lib/libXi.so.6.1.0
7fcb80063000-7fcb8006e000 r-xp 00003000 08:11 549896                     /usr/lib/libXi.so.6.1.0
7fcb8006e000-7fcb80071000 r--p 0000e000 08:11 549896                     /usr/lib/libXi.so.6.1.0
7fcb80071000-7fcb80072000 r--p 00010000 08:11 549896                     /usr/lib/libXi.so.6.1.0
7fcb80072000-7fcb80073000 rw-p 00011000 08:11 549896                     /usr/lib/libXi.so.6.1.0
7fcb80078000-7fcb8007c000 r--p 00000000 08:11 548364                     /usr/lib/libXext.so.6.4.0
7fcb8007c000-7fcb80087000 r-xp 00004000 08:11 548364                     /usr/lib/libXext.so.6.4.0
7fcb80087000-7fcb8008b000 r--p 0000f000 08:11 548364                     /usr/lib/libXext.so.6.4.0
7fcb8008b000-7fcb8008c000 r--p 00012000 08:11 548364                     /usr/lib/libXext.so.6.4.0
7fcb8008c000-7fcb8008d000 rw-p 00013000 08:11 548364                     /usr/lib/libXext.so.6.4.0
7fcb80090000-7fcb80091000 r--p 00000000 08:11 548544                     /usr/lib/libXxf86vm.so.1.0.0
7fcb80091000-7fcb80094000 r-xp 00001000 08:11 548544                     /usr/lib/libXxf86vm.so.1.0.0
7fcb80094000-7fcb80095000 r--p 00004000 08:11 548544                     /usr/lib/libXxf86vm.so.1.0.0
7fcb80095000-7fcb80096000 r--p 00004000 08:11 548544                     /usr/lib/libXxf86vm.so.1.0.0
7fcb80096000-7fcb80097000 rw-p 00005000 08:11 548544                     /usr/lib/libXxf86vm.so.1.0.0
7fcb80098000-7fcb8009a000 r--p 00000000 08:11 545057                     /usr/lib/libXdmcp.so.6.0.0
7fcb8009a000-7fcb8009c000 r-xp 00002000 08:11 545057                     /usr/lib/libXdmcp.so.6.0.0
7fcb8009c000-7fcb8009e000 r--p 00004000 08:11 545057                     /usr/lib/libXdmcp.so.6.0.0
7fcb8009e000-7fcb8009f000 r--p 00005000 08:11 545057                     /usr/lib/libXdmcp.so.6.0.0
7fcb8009f000-7fcb800a0000 rw-p 00006000 08:11 545057                     /usr/lib/libXdmcp.so.6.0.0
7fcb800a0000-7fcb800a1000 r--p 00000000 08:11 545062                     /usr/lib/libXau.so.6.0.0
7fcb800a1000-7fcb800a2000 r-xp 00001000 08:11 545062                     /usr/lib/libXau.so.6.0.0
7fcb800a2000-7fcb800a3000 r--p 00002000 08:11 545062                     /usr/lib/libXau.so.6.0.0
7fcb800a3000-7fcb800a4000 r--p 00002000 08:11 545062                     /usr/lib/libXau.so.6.0.0
7fcb800a4000-7fcb800a5000 rw-p 00003000 08:11 545062                     /usr/lib/libXau.so.6.0.0
7fcb800a8000-7fcb800b4000 r--p 00000000 08:11 545177                     /usr/lib/libxcb.so.1.1.0
7fcb800b4000-7fcb800c7000 r-xp 0000c000 08:11 545177                     /usr/lib/libxcb.so.1.1.0
7fcb800c7000-7fcb800d0000 r--p 0001f000 08:11 545177                     /usr/lib/libxcb.so.1.1.0
7fcb800d0000-7fcb800d1000 r--p 00027000 08:11 545177                     /usr/lib/libxcb.so.1.1.0
7fcb800d1000-7fcb800d2000 rw-p 00028000 08:11 545177                     /usr/lib/libxcb.so.1.1.0
7fcb800d8000-7fcb800d9000 rw-s 00000000 00:05 563                        /dev/nvidia0
7fcb800e0000-7fcb800e1000 rw-s 00000000 00:05 562                        /dev/nvidiactl
7fcb800e8000-7fcb800e9000 rw-s 00000000 00:05 562                        /dev/nvidiactl
7fcb800f0000-7fcb800f1000 rw-s 00000000 00:05 562                        /dev/nvidiactl
7fcb800f8000-7fcb800fc000 r--p 00000000 08:11 828584                     /usr/lib/jvm/java-11-openjdk/lib/libnet.so
7fcb800fc000-7fcb8010b000 r-xp 00004000 08:11 828584                     /usr/lib/jvm/java-11-openjdk/lib/libnet.so
7fcb8010b000-7fcb8010f000 r--p 00013000 08:11 828584                     /usr/lib/jvm/java-11-openjdk/lib/libnet.so
7fcb8010f000-7fcb80110000 r--p 00016000 08:11 828584                     /usr/lib/jvm/java-11-openjdk/lib/libnet.so
7fcb80110000-7fcb80111000 rw-p 00017000 08:11 828584                     /usr/lib/jvm/java-11-openjdk/lib/libnet.so
7fcb80118000-7fcb8011f000 r--p 00000000 08:11 828586                     /usr/lib/jvm/java-11-openjdk/lib/libnio.so
7fcb8011f000-7fcb80126000 r-xp 00007000 08:11 828586                     /usr/lib/jvm/java-11-openjdk/lib/libnio.so
7fcb80126000-7fcb80129000 r--p 0000e000 08:11 828586                     /usr/lib/jvm/java-11-openjdk/lib/libnio.so
7fcb80129000-7fcb8012a000 r--p 00010000 08:11 828586                     /usr/lib/jvm/java-11-openjdk/lib/libnio.so
7fcb8012a000-7fcb8012b000 rw-p 00011000 08:11 828586                     /usr/lib/jvm/java-11-openjdk/lib/libnio.so
7fcb80132000-7fcb80136000 ---p 00000000 00:00 0 
7fcb80136000-7fcb80233000 rw-p 00000000 00:00 0 
7fcb80233000-7fcb80237000 ---p 00000000 00:00 0 
7fcb80237000-7fcb80334000 rw-p 00000000 00:00 0 
7fcb80334000-7fcb80338000 ---p 00000000 00:00 0 
7fcb80338000-7fcb80435000 rw-p 00000000 00:00 0 
7fcb80435000-7fcb80439000 ---p 00000000 00:00 0 
7fcb80439000-7fcb80536000 rw-p 00000000 00:00 0 
7fcb80536000-7fcb8053a000 ---p 00000000 00:00 0 
7fcb8053a000-7fcb80637000 rw-p 00000000 00:00 0 
7fcb80637000-7fcb8063b000 ---p 00000000 00:00 0 
7fcb8063b000-7fcb80738000 rw-p 00000000 00:00 0 
7fcb80738000-7fcb80a1f000 r--p 00000000 08:11 580563                     /usr/lib/locale/locale-archive
7fcb80a22000-7fcb80a26000 ---p 00000000 00:00 0 
7fcb80a26000-7fcb80b23000 rw-p 00000000 00:00 0 
7fcb80b23000-7fcb80b27000 ---p 00000000 00:00 0 
7fcb80b27000-7fcb80c24000 rw-p 00000000 00:00 0 
7fcb80c24000-7fcb80c25000 ---p 00000000 00:00 0 
7fcb80c25000-7fcb81602000 rw-p 00000000 00:00 0 
7fcb81602000-7fcb81603000 ---p 00000000 00:00 0 
7fcb81603000-7fcb81704000 rw-p 00000000 00:00 0 
7fcb81704000-7fcb81705000 ---p 00000000 00:00 0 
7fcb81705000-7fcb81c0a000 rw-p 00000000 00:00 0 
7fcb81c0a000-7fcb81c0b000 ---p 00000000 00:00 0 
7fcb81c0b000-7fcb81d0c000 rw-p 00000000 00:00 0 
7fcb81d0c000-7fcb81d0d000 ---p 00000000 00:00 0 
7fcb81d0d000-7fcb81e8e000 rw-p 00000000 00:00 0 
7fcb81e8e000-7fcb8222c000 ---p 00000000 00:00 0 
7fcb8222c000-7fcb8226a000 rw-p 00000000 00:00 0 
7fcb8226a000-7fcb82608000 ---p 00000000 00:00 0 
7fcb82608000-7fcb82646000 rw-p 00000000 00:00 0 
7fcb82646000-7fcb829e4000 ---p 00000000 00:00 0 
7fcb829e4000-7fcb82de8000 rw-p 00000000 00:00 0 
7fcb82de8000-7fcb82de9000 ---p 00000000 00:00 0 
7fcb82de9000-7fcb82eef000 rw-p 00000000 00:00 0 
7fcb82eef000-7fcb82fd5000 ---p 00000000 00:00 0 
7fcb82fd5000-7fcb82fda000 rw-p 00000000 00:00 0 
7fcb82fda000-7fcb830c0000 ---p 00000000 00:00 0 
7fcb830c0000-7fcb830c3000 r--p 00000000 08:11 527769                     /usr/lib/libnss_files-2.33.so
7fcb830c3000-7fcb830ca000 r-xp 00003000 08:11 527769                     /usr/lib/libnss_files-2.33.so
7fcb830ca000-7fcb830cc000 r--p 0000a000 08:11 527769                     /usr/lib/libnss_files-2.33.so
7fcb830cc000-7fcb830cd000 r--p 0000b000 08:11 527769                     /usr/lib/libnss_files-2.33.so
7fcb830cd000-7fcb830ce000 rw-p 0000c000 08:11 527769                     /usr/lib/libnss_files-2.33.so
7fcb830ce000-7fcb830d4000 rw-p 00000000 00:00 0 
7fcb830d8000-7fcb830d9000 r--p 00000000 08:11 828550                     /usr/lib/jvm/java-11-openjdk/lib/libextnet.so
7fcb830d9000-7fcb830da000 r-xp 00001000 08:11 828550                     /usr/lib/jvm/java-11-openjdk/lib/libextnet.so
7fcb830da000-7fcb830db000 r--p 00002000 08:11 828550                     /usr/lib/jvm/java-11-openjdk/lib/libextnet.so
7fcb830db000-7fcb830dc000 r--p 00002000 08:11 828550                     /usr/lib/jvm/java-11-openjdk/lib/libextnet.so
7fcb830dc000-7fcb830dd000 rw-p 00003000 08:11 828550                     /usr/lib/jvm/java-11-openjdk/lib/libextnet.so
7fcb830e0000-7fcb830e2000 r--p 00000000 08:11 828600                     /usr/lib/jvm/java-11-openjdk/lib/libzip.so
7fcb830e2000-7fcb830e6000 r-xp 00002000 08:11 828600                     /usr/lib/jvm/java-11-openjdk/lib/libzip.so
7fcb830e6000-7fcb830e8000 r--p 00006000 08:11 828600                     /usr/lib/jvm/java-11-openjdk/lib/libzip.so
7fcb830e8000-7fcb830e9000 r--p 00007000 08:11 828600                     /usr/lib/jvm/java-11-openjdk/lib/libzip.so
7fcb830e9000-7fcb830ea000 rw-p 00008000 08:11 828600                     /usr/lib/jvm/java-11-openjdk/lib/libzip.so
7fcb830f0000-7fcb830f8000 rw-s 00000000 00:20 5985                       /tmp/hsperfdata_user/40254
7fcb830f8000-7fcb830fa000 r--p 00000000 08:11 828554                     /usr/lib/jvm/java-11-openjdk/lib/libinstrument.so
7fcb830fa000-7fcb83100000 r-xp 00002000 08:11 828554                     /usr/lib/jvm/java-11-openjdk/lib/libinstrument.so
7fcb83100000-7fcb83103000 r--p 00008000 08:11 828554                     /usr/lib/jvm/java-11-openjdk/lib/libinstrument.so
7fcb83103000-7fcb83104000 r--p 0000a000 08:11 828554                     /usr/lib/jvm/java-11-openjdk/lib/libinstrument.so
7fcb83104000-7fcb83105000 rw-p 0000b000 08:11 828554                     /usr/lib/jvm/java-11-openjdk/lib/libinstrument.so
7fcb83108000-7fcb8310a000 r--p 00000000 08:11 828570                     /usr/lib/jvm/java-11-openjdk/lib/libjimage.so
7fcb8310a000-7fcb8310d000 r-xp 00002000 08:11 828570                     /usr/lib/jvm/java-11-openjdk/lib/libjimage.so
7fcb8310d000-7fcb8310e000 r--p 00005000 08:11 828570                     /usr/lib/jvm/java-11-openjdk/lib/libjimage.so
7fcb8310e000-7fcb8310f000 ---p 00006000 08:11 828570                     /usr/lib/jvm/java-11-openjdk/lib/libjimage.so
7fcb8310f000-7fcb83110000 r--p 00006000 08:11 828570                     /usr/lib/jvm/java-11-openjdk/lib/libjimage.so
7fcb83110000-7fcb83111000 rw-p 00007000 08:11 828570                     /usr/lib/jvm/java-11-openjdk/lib/libjimage.so
7fcb83118000-7fcb83126000 r--p 00000000 08:11 828564                     /usr/lib/jvm/java-11-openjdk/lib/libjava.so
7fcb83126000-7fcb8313b000 r-xp 0000e000 08:11 828564                     /usr/lib/jvm/java-11-openjdk/lib/libjava.so
7fcb8313b000-7fcb83142000 r--p 00023000 08:11 828564                     /usr/lib/jvm/java-11-openjdk/lib/libjava.so
7fcb83142000-7fcb83143000 r--p 00029000 08:11 828564                     /usr/lib/jvm/java-11-openjdk/lib/libjava.so
7fcb83143000-7fcb83144000 rw-p 0002a000 08:11 828564                     /usr/lib/jvm/java-11-openjdk/lib/libjava.so
7fcb83144000-7fcb83145000 rw-p 00000000 00:00 0 
7fcb83148000-7fcb8314b000 r--p 00000000 08:11 527784                     /usr/lib/librt-2.33.so
7fcb8314b000-7fcb8314f000 r-xp 00003000 08:11 527784                     /usr/lib/librt-2.33.so
7fcb8314f000-7fcb83151000 r--p 00007000 08:11 527784                     /usr/lib/librt-2.33.so
7fcb83151000-7fcb83152000 r--p 00008000 08:11 527784                     /usr/lib/librt-2.33.so
7fcb83152000-7fcb83153000 rw-p 00009000 08:11 527784                     /usr/lib/librt-2.33.so
7fcb83157000-7fcb8315b000 ---p 00000000 00:00 0 
7fcb8315b000-7fcb83258000 rw-p 00000000 00:00 0 
7fcb83258000-7fcb8325b000 r--p 00000000 08:11 528530                     /usr/lib/libgcc_s.so.1
7fcb8325b000-7fcb8326d000 r-xp 00003000 08:11 528530                     /usr/lib/libgcc_s.so.1
7fcb8326d000-7fcb83270000 r--p 00015000 08:11 528530                     /usr/lib/libgcc_s.so.1
7fcb83270000-7fcb83271000 ---p 00018000 08:11 528530                     /usr/lib/libgcc_s.so.1
7fcb83271000-7fcb83272000 r--p 00018000 08:11 528530                     /usr/lib/libgcc_s.so.1
7fcb83272000-7fcb83273000 rw-p 00019000 08:11 528530                     /usr/lib/libgcc_s.so.1
7fcb83278000-7fcb83287000 r--p 00000000 08:11 527748                     /usr/lib/libm-2.33.so
7fcb83287000-7fcb83321000 r-xp 0000f000 08:11 527748                     /usr/lib/libm-2.33.so
7fcb83321000-7fcb833b9000 r--p 000a9000 08:11 527748                     /usr/lib/libm-2.33.so
7fcb833b9000-7fcb833ba000 ---p 00141000 08:11 527748                     /usr/lib/libm-2.33.so
7fcb833ba000-7fcb833bb000 r--p 00141000 08:11 527748                     /usr/lib/libm-2.33.so
7fcb833bb000-7fcb833bc000 rw-p 00142000 08:11 527748                     /usr/lib/libm-2.33.so
7fcb833c0000-7fcb83459000 r--p 00000000 08:11 528560                     /usr/lib/libstdc++.so.6.0.29
7fcb83459000-7fcb83559000 r-xp 00099000 08:11 528560                     /usr/lib/libstdc++.so.6.0.29
7fcb83559000-7fcb835c5000 r--p 00199000 08:11 528560                     /usr/lib/libstdc++.so.6.0.29
7fcb835c5000-7fcb835d2000 r--p 00204000 08:11 528560                     /usr/lib/libstdc++.so.6.0.29
7fcb835d2000-7fcb835d3000 rw-p 00211000 08:11 528560                     /usr/lib/libstdc++.so.6.0.29
7fcb835d3000-7fcb835d6000 rw-p 00000000 00:00 0 
7fcb835d8000-7fcb83849000 r--p 00000000 08:11 828613                     /usr/lib/jvm/java-11-openjdk/lib/server/libjvm.so
7fcb83849000-7fcb8443a000 r-xp 00271000 08:11 828613                     /usr/lib/jvm/java-11-openjdk/lib/server/libjvm.so
7fcb8443a000-7fcb8467e000 r--p 00e62000 08:11 828613                     /usr/lib/jvm/java-11-openjdk/lib/server/libjvm.so
7fcb8467e000-7fcb8467f000 ---p 010a6000 08:11 828613                     /usr/lib/jvm/java-11-openjdk/lib/server/libjvm.so
7fcb8467f000-7fcb8473d000 r--p 010a6000 08:11 828613                     /usr/lib/jvm/java-11-openjdk/lib/server/libjvm.so
7fcb8473d000-7fcb84776000 rw-p 01164000 08:11 828613                     /usr/lib/jvm/java-11-openjdk/lib/server/libjvm.so
7fcb84776000-7fcb847cd000 rw-p 00000000 00:00 0 
7fcb847d0000-7fcb847d7000 r--p 00000000 08:11 527776                     /usr/lib/libpthread-2.33.so
7fcb847d7000-7fcb847e6000 r-xp 00007000 08:11 527776                     /usr/lib/libpthread-2.33.so
7fcb847e6000-7fcb847ea000 r--p 00016000 08:11 527776                     /usr/lib/libpthread-2.33.so
7fcb847ea000-7fcb847eb000 ---p 0001a000 08:11 527776                     /usr/lib/libpthread-2.33.so
7fcb847eb000-7fcb847ec000 r--p 0001a000 08:11 527776                     /usr/lib/libpthread-2.33.so
7fcb847ec000-7fcb847ed000 rw-p 0001b000 08:11 527776                     /usr/lib/libpthread-2.33.so
7fcb847ed000-7fcb847f1000 rw-p 00000000 00:00 0 
7fcb847f8000-7fcb847fa000 r--p 00000000 08:11 527742                     /usr/lib/libdl-2.33.so
7fcb847fa000-7fcb847fc000 r-xp 00002000 08:11 527742                     /usr/lib/libdl-2.33.so
7fcb847fc000-7fcb847fd000 r--p 00004000 08:11 527742                     /usr/lib/libdl-2.33.so
7fcb847fd000-7fcb847fe000 r--p 00004000 08:11 527742                     /usr/lib/libdl-2.33.so
7fcb847fe000-7fcb847ff000 rw-p 00005000 08:11 527742                     /usr/lib/libdl-2.33.so
7fcb84800000-7fcb84803000 r--p 00000000 08:11 537564                     /usr/lib/libz.so.1.2.11
7fcb84803000-7fcb84811000 r-xp 00003000 08:11 537564                     /usr/lib/libz.so.1.2.11
7fcb84811000-7fcb84817000 r--p 00011000 08:11 537564                     /usr/lib/libz.so.1.2.11
7fcb84817000-7fcb84818000 ---p 00017000 08:11 537564                     /usr/lib/libz.so.1.2.11
7fcb84818000-7fcb84819000 r--p 00017000 08:11 537564                     /usr/lib/libz.so.1.2.11
7fcb84819000-7fcb8481a000 rw-p 00018000 08:11 537564                     /usr/lib/libz.so.1.2.11
7fcb8481f000-7fcb84820000 r-xp 00000000 00:00 0 
7fcb84820000-7fcb84846000 r--p 00000000 08:11 527735                     /usr/lib/libc-2.33.so
7fcb84846000-7fcb84991000 r-xp 00026000 08:11 527735                     /usr/lib/libc-2.33.so
7fcb84991000-7fcb849dd000 r--p 00171000 08:11 527735                     /usr/lib/libc-2.33.so
7fcb849dd000-7fcb849e0000 r--p 001bc000 08:11 527735                     /usr/lib/libc-2.33.so
7fcb849e0000-7fcb849e3000 rw-p 001bf000 08:11 527735                     /usr/lib/libc-2.33.so
7fcb849e3000-7fcb849f1000 rw-p 00000000 00:00 0 
7fcb849f1000-7fcb849f8000 ---p 00000000 00:00 0 
7fcb849f8000-7fcb849fd000 r--p 00000000 08:11 828598                     /usr/lib/jvm/java-11-openjdk/lib/libverify.so
7fcb849fd000-7fcb84a04000 r-xp 00005000 08:11 828598                     /usr/lib/jvm/java-11-openjdk/lib/libverify.so
7fcb84a04000-7fcb84a06000 r--p 0000c000 08:11 828598                     /usr/lib/jvm/java-11-openjdk/lib/libverify.so
7fcb84a06000-7fcb84a07000 ---p 0000e000 08:11 828598                     /usr/lib/jvm/java-11-openjdk/lib/libverify.so
7fcb84a07000-7fcb84a09000 r--p 0000e000 08:11 828598                     /usr/lib/jvm/java-11-openjdk/lib/libverify.so
7fcb84a09000-7fcb84a0a000 rw-p 00010000 08:11 828598                     /usr/lib/jvm/java-11-openjdk/lib/libverify.so
7fcb84a0a000-7fcb84a0e000 r-xp 00000000 00:00 0 
7fcb84a0e000-7fcb84a0f000 ---p 00000000 00:00 0 
7fcb84a0f000-7fcb84a10000 r--p 00000000 00:00 0 
7fcb84a10000-7fcb84a13000 r--p 00000000 08:11 828538                     /usr/lib/jvm/java-11-openjdk/lib/jli/libjli.so
7fcb84a13000-7fcb84a1d000 r-xp 00003000 08:11 828538                     /usr/lib/jvm/java-11-openjdk/lib/jli/libjli.so
7fcb84a1d000-7fcb84a20000 r--p 0000d000 08:11 828538                     /usr/lib/jvm/java-11-openjdk/lib/jli/libjli.so
7fcb84a20000-7fcb84a21000 ---p 00010000 08:11 828538                     /usr/lib/jvm/java-11-openjdk/lib/jli/libjli.so
7fcb84a21000-7fcb84a22000 r--p 00010000 08:11 828538                     /usr/lib/jvm/java-11-openjdk/lib/jli/libjli.so
7fcb84a22000-7fcb84a23000 rw-p 00011000 08:11 828538                     /usr/lib/jvm/java-11-openjdk/lib/jli/libjli.so
7fcb84a23000-7fcb84a24000 r-xp 00000000 00:00 0 
7fcb84a24000-7fcb84a28000 rw-p 00000000 00:00 0 
7fcb84a28000-7fcb84a29000 r--p 00000000 08:11 527724                     /usr/lib/ld-2.33.so
7fcb84a29000-7fcb84a4d000 r-xp 00001000 08:11 527724                     /usr/lib/ld-2.33.so
7fcb84a4d000-7fcb84a56000 r--p 00025000 08:11 527724                     /usr/lib/ld-2.33.so
7fcb84a56000-7fcb84a58000 r--p 0002d000 08:11 527724                     /usr/lib/ld-2.33.so
7fcb84a58000-7fcb84a5a000 rw-p 0002f000 08:11 527724                     /usr/lib/ld-2.33.so
7fcb84a5a000-7fcb84a5b000 r-xp 00000000 00:00 0 
7ffeb5cde000-7ffeb5cff000 rw-p 00000000 00:00 0                          [stack]
7ffeb5d98000-7ffeb5d9c000 r--p 00000000 00:00 0                          [vvar]
7ffeb5d9c000-7ffeb5d9e000 r-xp 00000000 00:00 0                          [vdso]
ffffffffff600000-ffffffffff601000 --xp 00000000 00:00 0                  [vsyscall]


VM Arguments:
jvm_args: -javaagent:/usr/share/idea/lib/idea_rt.jar=36195:/usr/share/idea/bin -Dfile.encoding=UTF-8 
java_command: myterraria.Main
java_class_path (initial): /home/user/Documents/JAVA PROJECTS/LwjglTest/out/production/LwjglTest:/home/user/Documents/JAVA PROJECTS/LwjglTest/libs/lwjgl-release-3.2.3-base/lwjgl-assimp-natives-linux.jar:/home/user/Documents/JAVA PROJECTS/LwjglTest/libs/lwjgl-release-3.2.3-base/lwjgl-assimp.jar:/home/user/Documents/JAVA PROJECTS/LwjglTest/libs/lwjgl-release-3.2.3-base/lwjgl-bgfx-natives-linux.jar:/home/user/Documents/JAVA PROJECTS/LwjglTest/libs/lwjgl-release-3.2.3-base/lwjgl-bgfx.jar:/home/user/Documents/JAVA PROJECTS/LwjglTest/libs/lwjgl-release-3.2.3-base/lwjgl-glfw-natives-linux.jar:/home/user/Documents/JAVA PROJECTS/LwjglTest/libs/lwjgl-release-3.2.3-base/lwjgl-glfw.jar:/home/user/Documents/JAVA PROJECTS/LwjglTest/libs/lwjgl-release-3.2.3-base/lwjgl-nanovg-natives-linux.jar:/home/user/Documents/JAVA PROJECTS/LwjglTest/libs/lwjgl-release-3.2.3-base/lwjgl-nanovg.jar:/home/user/Documents/JAVA PROJECTS/LwjglTest/libs/lwjgl-release-3.2.3-base/lwjgl-natives-linux.jar:/home/user/Documents/JAVA PROJECTS/LwjglTest/libs/lwjgl-release-3.2.3-base/lwjgl-nuklear-natives-linux.jar:/home/user/Documents/JAVA PROJECTS/LwjglTest/libs/lwjgl-release-3.2.3-base/lwjgl-nuklear.jar:/home/user/Documents/JAVA PROJECTS/LwjglTest/libs/lwjgl-release-3.2.3-base/lwjgl-openal-natives-linux.jar:/home/user/Documents/JAVA PROJECTS/LwjglTest/libs/lwjgl-release-3.2.3-base/lwjgl-openal.jar:/home/user/Documents/JAVA PROJECTS/LwjglTest/libs/lwjgl-release-3.2.3-base/lwjgl-opengl-natives-linux.jar:/home/user/Documents/JAVA PROJECTS/LwjglTest/libs/lwjgl-release-3.2.3-base/lwjgl-opengl.jar:/home/user/Documents/JAVA PROJECTS/LwjglTest/libs/lwjgl-release-3.2.3-base/lwjgl-par-natives-linux.jar:/home/user/Documents/JAVA PROJECTS/LwjglTest/libs/lwjgl-release-3.2.3-base/lwjgl-par.jar:/home/user/Documents/JAVA PROJECTS/LwjglTest/libs/lwjgl-release-3.2.3-base/lwjgl-stb-natives-linux.jar:/home/user/Documents/JAVA PROJECTS/LwjglTest/libs/lwjgl-release-3.2.3-base/lwjgl-stb.jar:/home/user/Documents/JAVA PROJECTS/Lwj
Launcher Type: SUN_STANDARD

[Global flags]
     intx CICompilerCount                          = 3                                         {product} {ergonomic}
     uint ConcGCThreads                            = 1                                         {product} {ergonomic}
     uint G1ConcRefinementThreads                  = 4                                         {product} {ergonomic}
   size_t G1HeapRegionSize                         = 1048576                                   {product} {ergonomic}
    uintx GCDrainStackTargetSize                   = 64                                        {product} {ergonomic}
   size_t InitialHeapSize                          = 130023424                                 {product} {ergonomic}
   size_t MarkStackSize                            = 4194304                                   {product} {ergonomic}
   size_t MaxHeapSize                              = 2071986176                                {product} {ergonomic}
   size_t MaxNewSize                               = 1242562560                                {product} {ergonomic}
   size_t MinHeapDeltaBytes                        = 1048576                                   {product} {ergonomic}
    uintx NonNMethodCodeHeapSize                   = 5830732                                {pd product} {ergonomic}
    uintx NonProfiledCodeHeapSize                  = 122913754                              {pd product} {ergonomic}
    uintx ProfiledCodeHeapSize                     = 122913754                              {pd product} {ergonomic}
    uintx ReservedCodeCacheSize                    = 251658240                              {pd product} {ergonomic}
     bool SegmentedCodeCache                       = true                                      {product} {ergonomic}
     bool UseCompressedClassPointers               = true                                 {lp64_product} {ergonomic}
     bool UseCompressedOops                        = true                                 {lp64_product} {ergonomic}
     bool UseG1GC                                  = true                                      {product} {ergonomic}

Logging:
Log output configuration:
 #0: stdout all=warning uptime,level,tags
 #1: stderr all=off uptime,level,tags

Environment Variables:
PATH=/usr/local/sbin:/usr/local/bin:/usr/bin:/usr/lib/jvm/default/bin:/usr/bin/site_perl:/usr/bin/vendor_perl:/usr/bin/core_perl
SHELL=/bin/bash
DISPLAY=:0
LANG=en_US.UTF-8

Signal Handlers:
SIGSEGV: [libjvm.so+0xdedcb0], sa_mask[0]=11111111011111111101111111111110, sa_flags=SA_RESTART|SA_SIGINFO
SIGBUS: [libjvm.so+0xdedcb0], sa_mask[0]=11111111011111111101111111111110, sa_flags=SA_RESTART|SA_SIGINFO
SIGFPE: [libjvm.so+0xdedcb0], sa_mask[0]=11111111011111111101111111111110, sa_flags=SA_RESTART|SA_SIGINFO
SIGPIPE: [libjvm.so+0xbe0810], sa_mask[0]=11111111011111111101111111111110, sa_flags=SA_RESTART|SA_SIGINFO
SIGXFSZ: [libjvm.so+0xbe0810], sa_mask[0]=11111111011111111101111111111110, sa_flags=SA_RESTART|SA_SIGINFO
SIGILL: [libjvm.so+0xdedcb0], sa_mask[0]=11111111011111111101111111111110, sa_flags=SA_RESTART|SA_SIGINFO
SIGUSR2: [libjvm.so+0xbe06a0], sa_mask[0]=00100000000000000000000000000000, sa_flags=SA_RESTART|SA_SIGINFO
SIGHUP: [libjvm.so+0xbe0c80], sa_mask[0]=11111111011111111101111111111110, sa_flags=SA_RESTART|SA_SIGINFO
SIGINT: [libjvm.so+0xbe0c80], sa_mask[0]=11111111011111111101111111111110, sa_flags=SA_RESTART|SA_SIGINFO
SIGTERM: [libjvm.so+0xbe0c80], sa_mask[0]=11111111011111111101111111111110, sa_flags=SA_RESTART|SA_SIGINFO
SIGQUIT: [libjvm.so+0xbe0c80], sa_mask[0]=11111111011111111101111111111110, sa_flags=SA_RESTART|SA_SIGINFO


---------------  S Y S T E M  ---------------

OS:NAME="Arch Linux"
PRETTY_NAME="Arch Linux"
ID=arch
BUILD_ID=rolling
ANSI_COLOR="38;2;23;147;209"
HOME_URL="https://archlinux.org/"
DOCUMENTATION_URL="https://wiki.archlinux.org/"
SUPPORT_URL="https://bbs.archlinux.org/"
BUG_REPORT_URL="https://bugs.archlinux.org/"
LOGO=archlinux
uname:Linux 5.12.14-arch1-1 #1 SMP PREEMPT Thu, 01 Jul 2021 07:26:06 +0000 x86_64
OS uptime: 2 days 14:52 hours
libc:glibc 2.33 NPTL 2.33 
rlimit (soft/hard): STACK 8192k/infinity , CORE infinity/infinity , NPROC 31494/31494 , NOFILE 524288/524288 , AS infinity/infinity , CPU infinity/infinity , DATA infinity/infinity , FSIZE infinity/infinity , MEMLOCK 64k/64k
load average:4.57 2.10 1.45

/proc/meminfo:
MemTotal:        8086932 kB
MemFree:          740392 kB
MemAvailable:    3231128 kB
Buffers:          235556 kB
Cached:          2642268 kB
SwapCached:            0 kB
Active:          1298104 kB
Inactive:        5512932 kB
Active(anon):      13364 kB
Inactive(anon):  4155500 kB
Active(file):    1284740 kB
Inactive(file):  1357432 kB
Unevictable:           0 kB
Mlocked:               0 kB
SwapTotal:             0 kB
SwapFree:              0 kB
Dirty:              2496 kB
Writeback:             0 kB
AnonPages:       3933128 kB
Mapped:          1153728 kB
Shmem:            238244 kB
KReclaimable:     134736 kB
Slab:             236032 kB
SReclaimable:     134736 kB
SUnreclaim:       101296 kB
KernelStack:        9408 kB
PageTables:        35404 kB
NFS_Unstable:          0 kB
Bounce:                0 kB
WritebackTmp:          0 kB
CommitLimit:     4043464 kB
Committed_AS:   11301124 kB
VmallocTotal:   34359738367 kB
VmallocUsed:       59084 kB
VmallocChunk:          0 kB
Percpu:             2272 kB
HardwareCorrupted:     0 kB
AnonHugePages:         0 kB
ShmemHugePages:        0 kB
ShmemPmdMapped:        0 kB
FileHugePages:         0 kB
FilePmdMapped:         0 kB
CmaTotal:              0 kB
CmaFree:               0 kB
HugePages_Total:       0
HugePages_Free:        0
HugePages_Rsvd:        0
HugePages_Surp:        0
Hugepagesize:       2048 kB
Hugetlb:               0 kB
DirectMap4k:      572616 kB
DirectMap2M:     7757824 kB
DirectMap1G:     1048576 kB

/sys/kernel/mm/transparent_hugepage/enabled:
always [madvise] never
/sys/kernel/mm/transparent_hugepage/defrag (defrag/compaction efforts parameter):
always defer defer+madvise [madvise] never

Process Memory:
Virtual Size: 5355040K (peak: 5414412K)
Resident Set Size: 279792K (peak: 279792K) (anon: 221212K, file: 57568K, shmem: 1012K)
Swapped out: 0K
C-Heap outstanding allocations: 75026K

/proc/sys/kernel/threads-max (system-wide limit on the number of threads):
62989
/proc/sys/vm/max_map_count (maximum number of memory map areas a process may have):
65530
/proc/sys/kernel/pid_max (system-wide limit on number of process identifiers):
4194304

Steal ticks since vm start: 0
Steal ticks percentage since vm start:  0.000

CPU:total 4 (initial active 4) (4 cores per cpu, 1 threads per core) family 21 model 48 stepping 1 microcode 0x6003106, cmov, cx8, fxsr, mmx, sse, sse2, sse3, ssse3, sse4.1, sse4.2, popcnt, avx, aes, clmul, mmxext, 3dnowpref, lzcnt, sse4a, tsc, tscinvbit, tscinv, bmi1, fma
CPU Model and flags from /proc/cpuinfo:
model name	: AMD Athlon(tm) X4 840 Quad Core Processor
flags		: fpu vme de pse tsc msr pae mce cx8 apic sep mtrr pge mca cmov pat pse36 clflush mmx fxsr sse sse2 ht syscall nx mmxext fxsr_opt pdpe1gb rdtscp lm constant_tsc rep_good nopl nonstop_tsc cpuid extd_apicid aperfmperf pni pclmulqdq monitor ssse3 fma cx16 sse4_1 sse4_2 popcnt aes xsave avx f16c lahf_lm cmp_legacy svm extapic cr8_legacy abm sse4a misalignsse 3dnowprefetch osvw ibs xop skinit wdt lwp fma4 tce nodeid_msr tbm topoext perfctr_core perfctr_nb bpext ptsc cpb hw_pstate ssbd vmmcall fsgsbase bmi1 xsaveopt arat npt lbrv svm_lock nrip_save tsc_scale vmcb_clean flushbyasid decodeassists pausefilter pfthreshold overflow_recov
Online cpus:
0-3
Offline cpus:

BIOS frequency limitation:
3100000
Frequency switch latency (ns):
4000
Available cpu frequencies:
3100000 2800000 2400000 1900000 1400000 
Current governor:
schedutil
Core performance/turbo boost:
1

Memory: 4k page, physical 8086932k(740400k free), swap 0k(0k free)

vm_info: OpenJDK 64-Bit Server VM (11.0.11+9) for linux-amd64 JRE (11.0.11+9), built on Apr 24 2021 01:58:48 by "builduser" with gcc 10.2.0

END.
